<?xml version="1.0"?><coverage lines-covered="8815" lines-valid="14187" line-rate="0.6213434834707832" branches-covered="0" branches-valid="0" branch-rate="0" complexity="0" version="1.9" timestamp="1752046556"><sources><source>/Users/makasaka/lambdust</source></sources><packages><package name="src/environment" line-rate="0.6103896103896104" branch-rate="0" complexity="0"><classes><class name="cow" filename="src/environment/cow.rs" line-rate="0.7014925373134329" branch-rate="0" complexity="0"><methods/><lines><line number="38" hits="20"/><line number="40" hits="20"/><line number="49" hits="9"/><line number="51" hits="9"/><line number="52" hits="9"/><line number="60" hits="0"/><line number="61" hits="0"/><line number="73" hits="5"/><line number="74" hits="5"/><line number="76" hits="3"/><line number="79" hits="2"/><line number="80" hits="8"/><line number="81" hits="0"/><line number="86" hits="0"/><line number="100" hits="123"/><line number="101" hits="123"/><line number="103" hits="0"/><line number="106" hits="123"/><line number="107" hits="123"/><line number="112" hits="5"/><line number="113" hits="5"/><line number="114" hits="1"/><line number="115" hits="1"/><line number="120" hits="4"/><line number="121" hits="2"/><line number="122" hits="2"/><line number="123" hits="2"/><line number="127" hits="2"/><line number="129" hits="1"/><line number="130" hits="1"/><line number="131" hits="1"/><line number="134" hits="1"/><line number="135" hits="1"/><line number="136" hits="1"/><line number="141" hits="127"/><line number="143" hits="244"/><line number="144" hits="0"/><line number="148" hits="12"/><line number="149" hits="2"/><line number="150" hits="0"/><line number="155" hits="8"/><line number="159" hits="8"/><line number="160" hits="8"/><line number="161" hits="15"/><line number="162" hits="5"/><line number="163" hits="0"/><line number="165" hits="1"/><line number="167" hits="3"/><line number="171" hits="4"/><line number="172" hits="4"/><line number="176" hits="2"/><line number="177" hits="2"/><line number="178" hits="3"/><line number="179" hits="0"/><line number="180" hits="1"/><line number="182" hits="0"/><line number="184" hits="1"/><line number="189" hits="4"/><line number="190" hits="4"/><line number="191" hits="0"/><line number="194" hits="4"/><line number="197" hits="4"/><line number="198" hits="4"/><line number="199" hits="6"/><line number="200" hits="0"/><line number="201" hits="0"/><line number="205" hits="1"/><line number="206" hits="2"/><line number="210" hits="0"/><line number="211" hits="0"/><line number="212" hits="0"/><line number="213" hits="103"/><line number="216" hits="0"/><line number="220" hits="126"/><line number="221" hits="126"/><line number="222" hits="126"/><line number="227" hits="1"/><line number="228" hits="1"/><line number="229" hits="1"/><line number="233" hits="8"/><line number="234" hits="8"/><line number="238" hits="2"/><line number="239" hits="2"/><line number="243" hits="14"/><line number="244" hits="14"/><line number="245" hits="3"/><line number="246" hits="11"/><line number="251" hits="2"/><line number="252" hits="2"/><line number="253" hits="2"/><line number="254" hits="1"/><line number="255" hits="1"/><line number="260" hits="5"/><line number="261" hits="5"/><line number="262" hits="5"/><line number="264" hits="5"/><line number="265" hits="5"/><line number="267" hits="7"/><line number="268" hits="2"/><line number="272" hits="5"/><line number="273" hits="5"/><line number="275" hits="10"/><line number="278" hits="5"/><line number="282" hits="2"/><line number="283" hits="2"/><line number="286" hits="3"/><line number="287" hits="0"/><line number="291" hits="2"/><line number="292" hits="2"/><line number="293" hits="2"/><line number="294" hits="7"/><line number="297" hits="2"/><line number="302" hits="0"/><line number="303" hits="0"/><line number="318" hits="0"/><line number="319" hits="0"/><line number="323" hits="0"/><line number="324" hits="0"/><line number="328" hits="0"/><line number="329" hits="0"/><line number="330" hits="0"/><line number="331" hits="0"/><line number="336" hits="0"/><line number="337" hits="0"/><line number="338" hits="0"/><line number="339" hits="0"/><line number="344" hits="0"/><line number="345" hits="0"/><line number="346" hits="0"/><line number="347" hits="0"/><line number="352" hits="0"/><line number="353" hits="0"/><line number="354" hits="0"/><line number="355" hits="0"/></lines></class><class name="mod" filename="src/environment/mod.rs" line-rate="0.125" branch-rate="0" complexity="0"><methods/><lines><line number="25" hits="1"/><line number="26" hits="1"/><line number="30" hits="1"/><line number="31" hits="1"/><line number="35" hits="0"/><line number="36" hits="0"/><line number="40" hits="0"/><line number="41" hits="0"/><line number="45" hits="0"/><line number="46" hits="0"/><line number="50" hits="0"/><line number="51" hits="0"/><line number="75" hits="0"/><line number="76" hits="0"/><line number="79" hits="0"/><line number="80" hits="0"/><line number="83" hits="0"/><line number="84" hits="0"/><line number="87" hits="0"/><line number="88" hits="0"/><line number="91" hits="0"/><line number="92" hits="0"/><line number="97" hits="0"/><line number="98" hits="0"/><line number="101" hits="0"/><line number="102" hits="0"/><line number="105" hits="0"/><line number="106" hits="0"/><line number="109" hits="0"/><line number="110" hits="0"/><line number="113" hits="0"/><line number="114" hits="0"/></lines></class><class name="traditional" filename="src/environment/traditional.rs" line-rate="0.6615384615384615" branch-rate="0" complexity="0"><methods/><lines><line number="23" hits="833"/><line number="25" hits="833"/><line number="31" hits="200"/><line number="33" hits="200"/><line number="34" hits="200"/><line number="39" hits="0"/><line number="41" hits="0"/><line number="47" hits="122409"/><line number="48" hits="122409"/><line number="52" hits="66"/><line number="54" hits="66"/><line number="55" hits="47"/><line number="56" hits="47"/><line number="60" hits="13"/><line number="63" hits="6"/><line number="68" hits="1990"/><line number="70" hits="3662"/><line number="75" hits="590"/><line number="78" hits="46"/><line number="83" hits="0"/><line number="84" hits="0"/><line number="85" hits="0"/><line number="89" hits="5"/><line number="90" hits="5"/><line number="94" hits="48"/><line number="95" hits="48"/><line number="96" hits="5"/><line number="97" hits="43"/><line number="102" hits="59"/><line number="103" hits="59"/><line number="107" hits="3"/><line number="113" hits="3"/><line number="115" hits="3"/><line number="117" hits="1"/><line number="118" hits="0"/><line number="121" hits="1"/><line number="122" hits="1"/><line number="123" hits="0"/><line number="127" hits="1"/><line number="128" hits="0"/><line number="132" hits="0"/><line number="133" hits="0"/><line number="134" hits="0"/><line number="137" hits="2"/><line number="138" hits="1"/><line number="141" hits="2"/><line number="142" hits="0"/><line number="146" hits="2"/><line number="147" hits="2"/><line number="148" hits="2"/><line number="153" hits="0"/><line number="154" hits="0"/><line number="158" hits="0"/><line number="159" hits="0"/><line number="160" hits="0"/><line number="161" hits="0"/><line number="166" hits="602"/><line number="167" hits="602"/><line number="170" hits="602"/><line number="171" hits="242606"/><line number="175" hits="602"/><line number="180" hits="0"/><line number="181" hits="0"/><line number="186" hits="0"/><line number="188" hits="0"/></lines></class></classes></package><package name="src/evaluator/control_flow" line-rate="0.5322283609576427" branch-rate="0" complexity="0"><classes><class name="call_cc" filename="src/evaluator/control_flow/call_cc.rs" line-rate="0.625" branch-rate="0" complexity="0"><methods/><lines><line number="14" hits="23"/><line number="20" hits="23"/><line number="21" hits="2"/><line number="24" hits="21"/><line number="28" hits="21"/><line number="29" hits="21"/><line number="30" hits="21"/><line number="31" hits="21"/><line number="32" hits="21"/><line number="33" hits="21"/><line number="38" hits="21"/><line number="39" hits="21"/><line number="42" hits="21"/><line number="48" hits="22"/><line number="56" hits="22"/><line number="60" hits="0"/><line number="66" hits="0"/><line number="71" hits="0"/><line number="78" hits="0"/><line number="80" hits="0"/><line number="82" hits="0"/><line number="83" hits="0"/><line number="90" hits="0"/><line number="94" hits="0"/></lines></class><class name="continuations" filename="src/evaluator/control_flow/continuations.rs" line-rate="0.3508771929824561" branch-rate="0" complexity="0"><methods/><lines><line number="11" hits="41"/><line number="16" hits="41"/><line number="18" hits="0"/><line number="19" hits="0"/><line number="20" hits="0"/><line number="21" hits="0"/><line number="22" hits="0"/><line number="23" hits="0"/><line number="24" hits="0"/><line number="25" hits="0"/><line number="26" hits="0"/><line number="27" hits="0"/><line number="28" hits="0"/><line number="29" hits="0"/><line number="30" hits="0"/><line number="31" hits="0"/><line number="34" hits="7"/><line number="35" hits="7"/><line number="36" hits="7"/><line number="37" hits="7"/><line number="38" hits="7"/><line number="41" hits="7"/><line number="42" hits="7"/><line number="43" hits="7"/><line number="44" hits="7"/><line number="45" hits="0"/><line number="47" hits="22"/><line number="48" hits="22"/><line number="49" hits="22"/><line number="50" hits="22"/><line number="52" hits="0"/><line number="53" hits="0"/><line number="54" hits="0"/><line number="55" hits="0"/><line number="57" hits="0"/><line number="58" hits="0"/><line number="59" hits="0"/><line number="60" hits="0"/><line number="61" hits="0"/><line number="62" hits="0"/><line number="63" hits="0"/><line number="64" hits="0"/><line number="65" hits="0"/><line number="66" hits="0"/><line number="67" hits="0"/><line number="68" hits="0"/><line number="71" hits="5"/><line number="72" hits="5"/><line number="73" hits="5"/><line number="74" hits="5"/><line number="75" hits="5"/><line number="79" hits="0"/><line number="80" hits="0"/><line number="81" hits="0"/><line number="82" hits="0"/><line number="83" hits="0"/><line number="84" hits="0"/></lines></class><class name="do_loops" filename="src/evaluator/control_flow/do_loops.rs" line-rate="0.31547619047619047" branch-rate="0" complexity="0"><methods/><lines><line number="15" hits="200"/><line number="20" hits="58"/><line number="22" hits="64"/><line number="23" hits="61"/><line number="24" hits="0"/><line number="25" hits="0"/><line number="26" hits="3"/><line number="27" hits="0"/><line number="31" hits="78"/><line number="32" hits="78"/><line number="33" hits="156"/><line number="36" hits="116"/><line number="37" hits="58"/><line number="40" hits="116"/><line number="41" hits="232"/><line number="46" hits="58"/><line number="47" hits="58"/><line number="55" hits="0"/><line number="58" hits="0"/><line number="63" hits="0"/><line number="69" hits="13"/><line number="80" hits="13"/><line number="85" hits="13"/><line number="91" hits="13"/><line number="92" hits="2"/><line number="93" hits="2"/><line number="98" hits="11"/><line number="101" hits="11"/><line number="102" hits="11"/><line number="108" hits="0"/><line number="109" hits="0"/><line number="121" hits="35"/><line number="122" hits="24"/><line number="126" hits="11"/><line number="131" hits="62"/><line number="133" hits="62"/><line number="137" hits="11"/><line number="138" hits="0"/><line number="139" hits="11"/><line number="140" hits="11"/><line number="141" hits="11"/><line number="145" hits="0"/><line number="146" hits="0"/><line number="147" hits="0"/><line number="149" hits="0"/><line number="153" hits="0"/><line number="160" hits="20"/><line number="161" hits="0"/><line number="165" hits="20"/><line number="166" hits="80"/><line number="167" hits="60"/><line number="168" hits="30"/><line number="172" hits="0"/><line number="173" hits="0"/><line number="174" hits="0"/><line number="180" hits="80"/><line number="181" hits="0"/><line number="188" hits="0"/><line number="189" hits="0"/><line number="190" hits="0"/><line number="196" hits="0"/><line number="202" hits="0"/><line number="203" hits="0"/><line number="204" hits="0"/><line number="209" hits="0"/><line number="212" hits="0"/><line number="213" hits="0"/><line number="214" hits="0"/><line number="215" hits="0"/><line number="216" hits="0"/><line number="219" hits="0"/><line number="220" hits="0"/><line number="226" hits="0"/><line number="229" hits="0"/><line number="232" hits="0"/><line number="233" hits="0"/><line number="234" hits="0"/><line number="237" hits="0"/><line number="242" hits="0"/><line number="244" hits="0"/><line number="245" hits="0"/><line number="246" hits="0"/><line number="247" hits="0"/><line number="250" hits="0"/><line number="252" hits="0"/><line number="253" hits="0"/><line number="254" hits="0"/><line number="255" hits="0"/><line number="258" hits="0"/><line number="259" hits="0"/><line number="260" hits="0"/><line number="262" hits="0"/><line number="265" hits="0"/><line number="266" hits="0"/><line number="267" hits="0"/><line number="268" hits="0"/><line number="276" hits="0"/><line number="277" hits="0"/><line number="281" hits="0"/><line number="282" hits="0"/><line number="283" hits="0"/><line number="284" hits="0"/><line number="285" hits="0"/><line number="291" hits="0"/><line number="292" hits="0"/><line number="297" hits="11"/><line number="298" hits="11"/><line number="299" hits="11"/><line number="300" hits="11"/><line number="301" hits="35"/><line number="302" hits="12"/><line number="303" hits="12"/><line number="304" hits="24"/><line number="305" hits="0"/><line number="306" hits="0"/><line number="310" hits="12"/><line number="313" hits="0"/><line number="314" hits="0"/><line number="325" hits="0"/><line number="326" hits="0"/><line number="331" hits="11"/><line number="333" hits="0"/><line number="334" hits="0"/><line number="341" hits="0"/><line number="342" hits="0"/><line number="343" hits="0"/><line number="344" hits="0"/><line number="345" hits="0"/><line number="346" hits="0"/><line number="350" hits="0"/><line number="351" hits="0"/><line number="353" hits="0"/><line number="355" hits="0"/><line number="356" hits="0"/><line number="365" hits="0"/><line number="378" hits="0"/><line number="379" hits="0"/><line number="380" hits="0"/><line number="383" hits="0"/><line number="385" hits="0"/><line number="387" hits="0"/><line number="388" hits="0"/><line number="390" hits="0"/><line number="393" hits="0"/><line number="398" hits="0"/><line number="399" hits="0"/><line number="400" hits="0"/><line number="405" hits="0"/><line number="406" hits="0"/><line number="407" hits="0"/><line number="408" hits="0"/><line number="409" hits="0"/><line number="413" hits="0"/><line number="414" hits="0"/><line number="415" hits="0"/><line number="421" hits="0"/><line number="422" hits="0"/><line number="428" hits="0"/><line number="431" hits="0"/><line number="432" hits="0"/><line number="435" hits="0"/><line number="443" hits="1"/><line number="444" hits="1"/><line number="445" hits="1"/><line number="446" hits="0"/><line number="452" hits="1"/><line number="453" hits="1"/><line number="454" hits="0"/></lines></class><class name="doloop_continuation" filename="src/evaluator/control_flow/doloop_continuation.rs" line-rate="0.313953488372093" branch-rate="0" complexity="0"><methods/><lines><line number="19" hits="0"/><line number="27" hits="0"/><line number="30" hits="0"/><line number="31" hits="0"/><line number="32" hits="0"/><line number="37" hits="0"/><line number="38" hits="0"/><line number="43" hits="0"/><line number="46" hits="0"/><line number="51" hits="0"/><line number="58" hits="0"/><line number="63" hits="0"/><line number="65" hits="0"/><line number="66" hits="0"/><line number="68" hits="0"/><line number="69" hits="0"/><line number="70" hits="0"/><line number="71" hits="0"/><line number="75" hits="0"/><line number="76" hits="0"/><line number="77" hits="0"/><line number="78" hits="0"/><line number="84" hits="0"/><line number="91" hits="0"/><line number="92" hits="0"/><line number="93" hits="0"/><line number="94" hits="0"/><line number="95" hits="0"/><line number="96" hits="0"/><line number="102" hits="0"/><line number="106" hits="0"/><line number="107" hits="0"/><line number="111" hits="0"/><line number="112" hits="0"/><line number="117" hits="0"/><line number="123" hits="0"/><line number="132" hits="0"/><line number="136" hits="0"/><line number="138" hits="0"/><line number="139" hits="0"/><line number="140" hits="0"/><line number="149" hits="0"/><line number="155" hits="0"/><line number="159" hits="0"/><line number="166" hits="0"/><line number="173" hits="0"/><line number="179" hits="0"/><line number="183" hits="0"/><line number="187" hits="0"/><line number="190" hits="0"/><line number="195" hits="0"/><line number="200" hits="0"/><line number="223" hits="504"/><line number="225" hits="504"/><line number="233" hits="11"/><line number="238" hits="16"/><line number="241" hits="5"/><line number="242" hits="5"/><line number="243" hits="5"/><line number="253" hits="0"/><line number="254" hits="0"/><line number="256" hits="0"/><line number="257" hits="0"/><line number="258" hits="0"/><line number="259" hits="0"/><line number="261" hits="0"/><line number="266" hits="6"/><line number="267" hits="6"/><line number="269" hits="6"/><line number="270" hits="6"/><line number="271" hits="6"/><line number="272" hits="6"/><line number="274" hits="6"/><line number="280" hits="9"/><line number="281" hits="9"/><line number="282" hits="18"/><line number="283" hits="9"/><line number="290" hits="8"/><line number="291" hits="16"/><line number="292" hits="7"/><line number="294" hits="1"/><line number="296" hits="8"/><line number="300" hits="1"/><line number="301" hits="1"/><line number="306" hits="500"/><line number="307" hits="500"/></lines></class><class name="dynamic_wind" filename="src/evaluator/control_flow/dynamic_wind.rs" line-rate="0.9142857142857143" branch-rate="0" complexity="0"><methods/><lines><line number="14" hits="10"/><line number="20" hits="10"/><line number="21" hits="3"/><line number="24" hits="7"/><line number="25" hits="7"/><line number="26" hits="7"/><line number="29" hits="7"/><line number="30" hits="7"/><line number="33" hits="1"/><line number="34" hits="1"/><line number="35" hits="1"/><line number="39" hits="7"/><line number="40" hits="1"/><line number="41" hits="1"/><line number="46" hits="5"/><line number="47" hits="5"/><line number="50" hits="5"/><line number="51" hits="5"/><line number="52" hits="5"/><line number="53" hits="5"/><line number="54" hits="5"/><line number="58" hits="10"/><line number="61" hits="0"/><line number="62" hits="0"/><line number="63" hits="0"/><line number="69" hits="5"/><line number="71" hits="5"/><line number="75" hits="5"/><line number="81" hits="5"/><line number="89" hits="5"/><line number="90" hits="5"/><line number="91" hits="5"/><line number="92" hits="5"/><line number="93" hits="5"/><line number="97" hits="10"/></lines></class><class name="exceptions" filename="src/evaluator/control_flow/exceptions.rs" line-rate="0.7614678899082569" branch-rate="0" complexity="0"><methods/><lines><line number="37" hits="22"/><line number="43" hits="22"/><line number="44" hits="5"/><line number="47" hits="17"/><line number="48" hits="17"/><line number="54" hits="11"/><line number="60" hits="11"/><line number="61" hits="7"/><line number="64" hits="4"/><line number="65" hits="4"/><line number="68" hits="4"/><line number="69" hits="0"/><line number="79" hits="4"/><line number="91" hits="30"/><line number="97" hits="30"/><line number="98" hits="4"/><line number="99" hits="4"/><line number="104" hits="26"/><line number="108" hits="18"/><line number="128" hits="26"/><line number="131" hits="26"/><line number="132" hits="25"/><line number="133" hits="25"/><line number="134" hits="2"/><line number="135" hits="2"/><line number="139" hits="21"/><line number="142" hits="2"/><line number="143" hits="2"/><line number="151" hits="32"/><line number="152" hits="32"/><line number="153" hits="31"/><line number="154" hits="31"/><line number="155" hits="1"/><line number="156" hits="1"/><line number="160" hits="18"/><line number="162" hits="18"/><line number="163" hits="1"/><line number="164" hits="1"/><line number="167" hits="17"/><line number="168" hits="17"/><line number="172" hits="12"/><line number="173" hits="12"/><line number="174" hits="12"/><line number="177" hits="1"/><line number="178" hits="1"/><line number="184" hits="18"/><line number="186" hits="1"/><line number="187" hits="1"/><line number="193" hits="18"/><line number="201" hits="18"/><line number="210" hits="18"/><line number="211" hits="18"/><line number="215" hits="18"/><line number="221" hits="17"/><line number="227" hits="19"/><line number="232" hits="2"/><line number="234" hits="2"/><line number="235" hits="2"/><line number="236" hits="2"/><line number="242" hits="0"/><line number="243" hits="0"/><line number="248" hits="0"/><line number="249" hits="0"/><line number="253" hits="0"/><line number="255" hits="0"/><line number="259" hits="0"/><line number="263" hits="0"/><line number="268" hits="30"/><line number="269" hits="6"/><line number="270" hits="7"/><line number="271" hits="2"/><line number="273" hits="15"/><line number="274" hits="15"/><line number="275" hits="15"/><line number="281" hits="2"/><line number="289" hits="2"/><line number="290" hits="2"/><line number="293" hits="5"/><line number="294" hits="3"/><line number="295" hits="2"/><line number="296" hits="2"/><line number="297" hits="2"/><line number="298" hits="2"/><line number="305" hits="2"/><line number="311" hits="0"/><line number="312" hits="0"/><line number="317" hits="0"/><line number="318" hits="0"/><line number="321" hits="0"/><line number="324" hits="0"/><line number="326" hits="0"/><line number="330" hits="2"/><line number="338" hits="4"/><line number="339" hits="2"/><line number="340" hits="2"/><line number="341" hits="2"/><line number="344" hits="0"/><line number="348" hits="1"/><line number="349" hits="1"/><line number="353" hits="1"/><line number="358" hits="0"/><line number="368" hits="0"/><line number="370" hits="0"/><line number="373" hits="0"/><line number="376" hits="0"/><line number="378" hits="0"/><line number="382" hits="0"/><line number="396" hits="0"/><line number="400" hits="0"/></lines></class><class name="multi_values" filename="src/evaluator/control_flow/multi_values.rs" line-rate="1" branch-rate="0" complexity="0"><methods/><lines><line number="14" hits="9"/><line number="20" hits="9"/><line number="21" hits="1"/><line number="24" hits="8"/><line number="25" hits="1"/><line number="26" hits="1"/><line number="30" hits="7"/><line number="34" hits="7"/><line number="35" hits="7"/><line number="36" hits="7"/><line number="37" hits="7"/><line number="40" hits="7"/><line number="44" hits="11"/><line number="50" hits="11"/><line number="51" hits="4"/><line number="54" hits="7"/><line number="55" hits="7"/><line number="58" hits="7"/><line number="59" hits="7"/><line number="60" hits="7"/><line number="63" hits="7"/><line number="69" hits="7"/><line number="79" hits="7"/><line number="80" hits="7"/><line number="83" hits="7"/><line number="87" hits="7"/><line number="96" hits="6"/><line number="97" hits="8"/><line number="101" hits="4"/><line number="102" hits="2"/></lines></class><class name="promises" filename="src/evaluator/control_flow/promises.rs" line-rate="0.8529411764705882" branch-rate="0" complexity="0"><methods/><lines><line number="17" hits="8"/><line number="23" hits="8"/><line number="24" hits="1"/><line number="27" hits="7"/><line number="28" hits="7"/><line number="29" hits="7"/><line number="32" hits="7"/><line number="39" hits="4"/><line number="45" hits="4"/><line number="46" hits="0"/><line number="49" hits="4"/><line number="50" hits="4"/><line number="51" hits="4"/><line number="54" hits="4"/><line number="62" hits="2"/><line number="68" hits="2"/><line number="69" hits="0"/><line number="72" hits="2"/><line number="75" hits="2"/><line number="76" hits="2"/><line number="86" hits="5"/><line number="92" hits="5"/><line number="93" hits="0"/><line number="96" hits="5"/><line number="97" hits="5"/><line number="99" hits="3"/><line number="109" hits="2"/><line number="110" hits="2"/><line number="111" hits="1"/><line number="112" hits="1"/><line number="113" hits="1"/><line number="115" hits="0"/><line number="116" hits="0"/><line number="119" hits="1"/></lines></class></classes></package><package name="src/evaluator" line-rate="0.5748695303091128" branch-rate="0" complexity="0"><classes><class name="ast_converter" filename="src/evaluator/ast_converter.rs" line-rate="1" branch-rate="0" complexity="0"><methods/><lines><line number="16" hits="734"/><line number="17" hits="734"/><line number="18" hits="305"/><line number="19" hits="294"/><line number="20" hits="96"/><line number="21" hits="29"/><line number="22" hits="3"/><line number="23" hits="4"/><line number="25" hits="3"/><line number="26" hits="3"/><line number="33" hits="305"/><line number="34" hits="305"/><line number="35" hits="4"/><line number="36" hits="286"/><line number="37" hits="12"/><line number="38" hits="2"/><line number="39" hits="1"/><line number="44" hits="96"/><line number="45" hits="96"/><line number="46" hits="434"/><line number="47" hits="676"/><line number="50" hits="96"/><line number="54" hits="29"/><line number="55" hits="29"/><line number="56" hits="29"/><line number="60" hits="4"/><line number="61" hits="8"/><line number="62" hits="6"/><line number="63" hits="12"/><line number="66" hits="4"/></lines></class><class name="continuation" filename="src/evaluator/continuation.rs" line-rate="0.5214007782101168" branch-rate="0" complexity="0"><methods/><lines><line number="45" hits="3382"/><line number="46" hits="6"/><line number="47" hits="0"/><line number="50" hits="0"/><line number="51" hits="0"/><line number="53" hits="0"/><line number="56" hits="6"/><line number="57" hits="6"/><line number="58" hits="6"/><line number="59" hits="10"/><line number="60" hits="2"/><line number="61" hits="2"/><line number="62" hits="2"/><line number="66" hits="43"/><line number="67" hits="43"/><line number="68" hits="43"/><line number="69" hits="86"/><line number="70" hits="0"/><line number="71" hits="0"/><line number="72" hits="0"/><line number="76" hits="26"/><line number="77" hits="26"/><line number="78" hits="26"/><line number="79" hits="52"/><line number="80" hits="0"/><line number="81" hits="0"/><line number="86" hits="3380"/><line number="92" hits="2"/><line number="93" hits="2"/><line number="94" hits="0"/><line number="95" hits="0"/><line number="96" hits="0"/><line number="97" hits="0"/><line number="99" hits="2"/><line number="100" hits="4"/><line number="101" hits="0"/><line number="103" hits="0"/><line number="104" hits="0"/><line number="105" hits="0"/><line number="108" hits="0"/><line number="109" hits="0"/><line number="113" hits="0"/><line number="115" hits="0"/><line number="116" hits="0"/><line number="184" hits="170"/><line number="186" hits="170"/><line number="187" hits="170"/><line number="192" hits="5"/><line number="193" hits="10"/><line number="194" hits="0"/><line number="196" hits="0"/><line number="201" hits="165"/><line number="202" hits="330"/><line number="206" hits="0"/><line number="213" hits="4884"/><line number="214" hits="43"/><line number="217" hits="1333"/><line number="220" hits="2"/><line number="221" hits="5"/><line number="223" hits="1"/><line number="224" hits="1"/><line number="225" hits="1"/><line number="230" hits="18"/><line number="231" hits="18"/><line number="232" hits="18"/><line number="233" hits="23"/><line number="234" hits="13"/><line number="235" hits="13"/><line number="236" hits="13"/><line number="255" hits="142"/><line number="256" hits="142"/><line number="257" hits="142"/><line number="258" hits="168"/><line number="259" hits="116"/><line number="260" hits="116"/><line number="261" hits="116"/><line number="266" hits="43"/><line number="267" hits="43"/><line number="268" hits="43"/><line number="269" hits="43"/><line number="270" hits="48"/><line number="271" hits="38"/><line number="272" hits="38"/><line number="273" hits="38"/><line number="274" hits="38"/><line number="279" hits="3383"/><line number="285" hits="0"/><line number="286" hits="0"/><line number="287" hits="0"/><line number="288" hits="0"/><line number="291" hits="0"/><line number="292" hits="0"/><line number="299" hits="4884"/><line number="300" hits="8267"/><line number="304" hits="3"/><line number="305" hits="3"/><line number="306" hits="3"/><line number="307" hits="0"/><line number="315" hits="2"/><line number="316" hits="2"/><line number="317" hits="1"/><line number="318" hits="1"/><line number="319" hits="1"/><line number="320" hits="1"/><line number="322" hits="0"/><line number="323" hits="0"/><line number="324" hits="0"/><line number="325" hits="0"/><line number="326" hits="0"/><line number="327" hits="0"/><line number="328" hits="0"/><line number="330" hits="0"/><line number="331" hits="0"/><line number="335" hits="0"/><line number="336" hits="0"/><line number="337" hits="0"/><line number="338" hits="0"/><line number="339" hits="0"/><line number="340" hits="0"/><line number="341" hits="0"/><line number="343" hits="0"/><line number="344" hits="0"/><line number="349" hits="0"/><line number="350" hits="0"/><line number="356" hits="3"/><line number="357" hits="3"/><line number="358" hits="1"/><line number="359" hits="1"/><line number="360" hits="1"/><line number="361" hits="1"/><line number="364" hits="0"/><line number="366" hits="0"/><line number="367" hits="0"/><line number="370" hits="0"/><line number="401" hits="18"/><line number="423" hits="13"/><line number="424" hits="13"/><line number="425" hits="13"/><line number="426" hits="2"/><line number="427" hits="2"/><line number="428" hits="2"/><line number="431" hits="11"/><line number="435" hits="1"/><line number="436" hits="1"/><line number="440" hits="4"/><line number="442" hits="10"/><line number="446" hits="2"/><line number="447" hits="2"/><line number="451" hits="2"/><line number="452" hits="2"/><line number="453" hits="2"/><line number="454" hits="2"/><line number="455" hits="2"/><line number="456" hits="2"/><line number="477" hits="25"/><line number="493" hits="7"/><line number="494" hits="7"/><line number="498" hits="5"/><line number="499" hits="5"/><line number="503" hits="3"/><line number="504" hits="3"/><line number="505" hits="1"/><line number="506" hits="2"/><line number="511" hits="1"/><line number="512" hits="1"/><line number="513" hits="1"/><line number="516" hits="5"/><line number="517" hits="0"/><line number="518" hits="1"/><line number="522" hits="1"/><line number="523" hits="4"/><line number="524" hits="0"/><line number="525" hits="1"/><line number="527" hits="2"/><line number="530" hits="0"/><line number="534" hits="1"/><line number="535" hits="1"/><line number="536" hits="1"/><line number="538" hits="7"/><line number="539" hits="0"/><line number="540" hits="2"/><line number="543" hits="1"/><line number="761" hits="5"/><line number="762" hits="5"/><line number="763" hits="2"/><line number="764" hits="0"/><line number="765" hits="0"/><line number="766" hits="0"/><line number="767" hits="0"/><line number="768" hits="0"/><line number="769" hits="0"/><line number="770" hits="0"/><line number="771" hits="0"/><line number="772" hits="0"/><line number="773" hits="0"/><line number="774" hits="0"/><line number="775" hits="0"/><line number="776" hits="0"/><line number="777" hits="0"/><line number="778" hits="0"/><line number="779" hits="0"/><line number="780" hits="0"/><line number="781" hits="0"/><line number="782" hits="0"/><line number="783" hits="3"/><line number="784" hits="0"/><line number="790" hits="0"/><line number="791" hits="0"/><line number="792" hits="0"/><line number="793" hits="0"/><line number="794" hits="0"/><line number="795" hits="0"/><line number="796" hits="0"/><line number="797" hits="0"/><line number="798" hits="0"/><line number="799" hits="0"/><line number="800" hits="0"/><line number="801" hits="0"/><line number="802" hits="0"/><line number="803" hits="0"/><line number="804" hits="0"/><line number="805" hits="0"/><line number="806" hits="0"/><line number="807" hits="0"/><line number="808" hits="0"/><line number="809" hits="0"/><line number="810" hits="0"/><line number="811" hits="0"/><line number="812" hits="0"/><line number="813" hits="0"/><line number="819" hits="14"/><line number="820" hits="14"/><line number="821" hits="14"/><line number="831" hits="6"/><line number="832" hits="6"/><line number="833" hits="2"/><line number="834" hits="0"/><line number="835" hits="0"/><line number="836" hits="0"/><line number="837" hits="2"/><line number="838" hits="0"/><line number="839" hits="0"/><line number="840" hits="0"/><line number="841" hits="0"/><line number="842" hits="0"/><line number="843" hits="0"/><line number="844" hits="0"/><line number="845" hits="0"/><line number="846" hits="0"/><line number="847" hits="0"/><line number="848" hits="0"/><line number="849" hits="0"/><line number="850" hits="0"/><line number="851" hits="0"/><line number="852" hits="0"/><line number="853" hits="2"/><line number="854" hits="0"/></lines></class><class name="continuation_pooling" filename="src/evaluator/continuation_pooling.rs" line-rate="0.7873563218390804" branch-rate="0" complexity="0"><methods/><lines><line number="34" hits="799"/><line number="35" hits="799"/><line number="36" hits="549"/><line number="37" hits="203"/><line number="38" hits="1"/><line number="39" hits="0"/><line number="41" hits="20"/><line number="42" hits="1"/><line number="44" hits="1"/><line number="45" hits="0"/><line number="47" hits="1"/><line number="48" hits="0"/><line number="49" hits="1"/><line number="50" hits="0"/><line number="51" hits="0"/><line number="53" hits="22"/><line number="54" hits="0"/><line number="56" hits="0"/><line number="61" hits="3073"/><line number="62" hits="3073"/><line number="63" hits="516"/><line number="64" hits="511"/><line number="65" hits="511"/><line number="66" hits="511"/><line number="67" hits="513"/><line number="68" hits="511"/><line number="73" hits="10"/><line number="74" hits="10"/><line number="75" hits="1"/><line number="76" hits="2"/><line number="77" hits="2"/><line number="78" hits="2"/><line number="79" hits="2"/><line number="80" hits="1"/><line number="104" hits="3068"/><line number="116" hits="25"/><line number="117" hits="25"/><line number="121" hits="14"/><line number="122" hits="14"/><line number="123" hits="14"/><line number="124" hits="14"/><line number="128" hits="234"/><line number="129" hits="234"/><line number="130" hits="234"/><line number="134" hits="14"/><line number="135" hits="28"/><line number="136" hits="14"/><line number="141" hits="5"/><line number="142" hits="5"/><line number="147" hits="0"/><line number="148" hits="0"/><line number="167" hits="3066"/><line number="168" hits="3066"/><line number="170" hits="3066"/><line number="172" hits="3066"/><line number="178" hits="21"/><line number="179" hits="21"/><line number="181" hits="32"/><line number="189" hits="10"/><line number="194" hits="411"/><line number="196" hits="411"/><line number="197" hits="2"/><line number="200" hits="409"/><line number="201" hits="207"/><line number="202" hits="207"/><line number="203" hits="207"/><line number="206" hits="202"/><line number="211" hits="16"/><line number="212" hits="16"/><line number="216" hits="13"/><line number="217" hits="13"/><line number="218" hits="13"/><line number="222" hits="27"/><line number="223" hits="27"/><line number="227" hits="26"/><line number="228" hits="26"/><line number="232" hits="26"/><line number="233" hits="26"/><line number="234" hits="26"/><line number="236" hits="0"/><line number="241" hits="1"/><line number="242" hits="1"/><line number="264" hits="510"/><line number="265" hits="510"/><line number="268" hits="3060"/><line number="269" hits="510"/><line number="270" hits="510"/><line number="271" hits="510"/><line number="272" hits="510"/><line number="273" hits="510"/><line number="274" hits="510"/><line number="289" hits="17"/><line number="290" hits="17"/><line number="292" hits="34"/><line number="293" hits="9"/><line number="301" hits="8"/><line number="305" hits="377"/><line number="306" hits="377"/><line number="308" hits="754"/><line number="311" hits="0"/><line number="316" hits="9"/><line number="317" hits="18"/><line number="318" hits="5"/><line number="320" hits="4"/><line number="324" hits="9"/><line number="325" hits="9"/><line number="326" hits="9"/><line number="327" hits="9"/><line number="332" hits="3"/><line number="333" hits="9"/><line number="337" hits="1"/><line number="338" hits="1"/><line number="340" hits="8"/><line number="345" hits="2"/><line number="346" hits="14"/><line number="347" hits="0"/><line number="349" hits="2"/><line number="350" hits="2"/><line number="351" hits="2"/><line number="355" hits="1"/><line number="356" hits="2"/><line number="357" hits="0"/><line number="362" hits="3"/><line number="363" hits="24"/><line number="364" hits="24"/><line number="366" hits="3"/><line number="367" hits="3"/><line number="368" hits="3"/><line number="370" hits="0"/><line number="375" hits="0"/><line number="377" hits="0"/><line number="378" hits="0"/><line number="380" hits="0"/><line number="382" hits="0"/><line number="384" hits="0"/><line number="385" hits="0"/><line number="391" hits="0"/><line number="392" hits="0"/><line number="394" hits="0"/><line number="401" hits="4"/><line number="402" hits="4"/><line number="403" hits="32"/><line number="404" hits="4"/><line number="405" hits="4"/><line number="406" hits="4"/><line number="407" hits="32"/><line number="408" hits="4"/><line number="409" hits="4"/><line number="411" hits="4"/><line number="416" hits="0"/><line number="417" hits="0"/><line number="435" hits="3"/><line number="437" hits="3"/><line number="442" hits="6"/><line number="443" hits="12"/><line number="446" hits="0"/><line number="451" hits="53"/><line number="452" hits="106"/><line number="455" hits="0"/><line number="460" hits="4"/><line number="461" hits="8"/><line number="464" hits="0"/><line number="469" hits="1"/><line number="470" hits="2"/><line number="471" hits="0"/><line number="476" hits="1"/><line number="477" hits="2"/><line number="478" hits="0"/><line number="480" hits="0"/><line number="485" hits="0"/><line number="486" hits="0"/><line number="487" hits="0"/><line number="493" hits="0"/><line number="494" hits="0"/></lines></class><class name="expression_analyzer" filename="src/evaluator/expression_analyzer.rs" line-rate="0.5492307692307692" branch-rate="0" complexity="0"><methods/><lines><line number="104" hits="0"/><line number="105" hits="0"/><line number="111" hits="520"/><line number="113" hits="520"/><line number="114" hits="520"/><line number="115" hits="520"/><line number="116" hits="520"/><line number="120" hits="520"/><line number="121" hits="520"/><line number="125" hits="520"/><line number="126" hits="520"/><line number="127" hits="520"/><line number="128" hits="520"/><line number="129" hits="520"/><line number="130" hits="520"/><line number="131" hits="520"/><line number="132" hits="520"/><line number="133" hits="520"/><line number="134" hits="520"/><line number="135" hits="520"/><line number="136" hits="520"/><line number="137" hits="520"/><line number="138" hits="520"/><line number="139" hits="520"/><line number="140" hits="520"/><line number="141" hits="520"/><line number="142" hits="520"/><line number="143" hits="520"/><line number="144" hits="520"/><line number="145" hits="520"/><line number="146" hits="520"/><line number="147" hits="520"/><line number="148" hits="520"/><line number="149" hits="520"/><line number="150" hits="520"/><line number="151" hits="520"/><line number="152" hits="520"/><line number="153" hits="520"/><line number="154" hits="520"/><line number="155" hits="520"/><line number="156" hits="520"/><line number="157" hits="520"/><line number="158" hits="520"/><line number="159" hits="520"/><line number="160" hits="520"/><line number="161" hits="520"/><line number="162" hits="520"/><line number="163" hits="520"/><line number="164" hits="520"/><line number="165" hits="520"/><line number="168" hits="41080"/><line number="174" hits="48"/><line number="176" hits="48"/><line number="177" hits="49"/><line number="178" hits="0"/><line number="181" hits="94"/><line number="184" hits="0"/><line number="185" hits="0"/><line number="189" hits="103"/><line number="194" hits="103"/><line number="196" hits="58"/><line number="199" hits="9"/><line number="202" hits="31"/><line number="205" hits="3"/><line number="208" hits="0"/><line number="211" hits="2"/><line number="214" hits="0"/><line number="215" hits="0"/><line number="216" hits="0"/><line number="217" hits="0"/><line number="218" hits="0"/><line number="219" hits="0"/><line number="220" hits="0"/><line number="221" hits="0"/><line number="225" hits="0"/><line number="226" hits="0"/><line number="227" hits="0"/><line number="228" hits="0"/><line number="229" hits="0"/><line number="230" hits="0"/><line number="231" hits="0"/><line number="232" hits="0"/><line number="238" hits="58"/><line number="239" hits="116"/><line number="240" hits="10"/><line number="241" hits="45"/><line number="242" hits="3"/><line number="243" hits="0"/><line number="244" hits="0"/><line number="247" hits="58"/><line number="248" hits="58"/><line number="249" hits="58"/><line number="250" hits="58"/><line number="251" hits="58"/><line number="252" hits="58"/><line number="253" hits="58"/><line number="254" hits="58"/><line number="259" hits="9"/><line number="261" hits="10"/><line number="262" hits="0"/><line number="263" hits="0"/><line number="264" hits="0"/><line number="265" hits="0"/><line number="266" hits="0"/><line number="267" hits="0"/><line number="268" hits="0"/><line number="269" hits="0"/><line number="270" hits="0"/><line number="271" hits="0"/><line number="277" hits="8"/><line number="278" hits="8"/><line number="279" hits="8"/><line number="281" hits="8"/><line number="284" hits="16"/><line number="285" hits="0"/><line number="286" hits="0"/><line number="288" hits="0"/><line number="289" hits="0"/><line number="290" hits="0"/><line number="293" hits="0"/><line number="296" hits="0"/><line number="299" hits="8"/><line number="302" hits="8"/><line number="303" hits="8"/><line number="304" hits="8"/><line number="305" hits="8"/><line number="306" hits="8"/><line number="307" hits="8"/><line number="308" hits="8"/><line number="309" hits="8"/><line number="314" hits="31"/><line number="319" hits="31"/><line number="320" hits="1"/><line number="321" hits="1"/><line number="322" hits="1"/><line number="323" hits="1"/><line number="324" hits="1"/><line number="325" hits="1"/><line number="326" hits="1"/><line number="327" hits="1"/><line number="332" hits="30"/><line number="333" hits="0"/><line number="334" hits="14"/><line number="338" hits="16"/><line number="342" hits="0"/><line number="346" hits="3"/><line number="348" hits="6"/><line number="349" hits="0"/><line number="350" hits="0"/><line number="351" hits="0"/><line number="352" hits="0"/><line number="353" hits="0"/><line number="354" hits="0"/><line number="355" hits="0"/><line number="356" hits="0"/><line number="361" hits="2"/><line number="366" hits="2"/><line number="367" hits="2"/><line number="368" hits="2"/><line number="369" hits="2"/><line number="370" hits="2"/><line number="371" hits="2"/><line number="373" hits="12"/><line number="374" hits="10"/><line number="376" hits="0"/><line number="377" hits="8"/><line number="378" hits="0"/><line number="380" hits="0"/><line number="383" hits="1"/><line number="386" hits="0"/><line number="387" hits="0"/><line number="388" hits="0"/><line number="391" hits="2"/><line number="392" hits="1"/><line number="394" hits="1"/><line number="395" hits="1"/><line number="398" hits="1"/><line number="401" hits="0"/><line number="403" hits="0"/><line number="404" hits="0"/><line number="405" hits="0"/><line number="406" hits="0"/><line number="407" hits="0"/><line number="408" hits="0"/><line number="409" hits="0"/><line number="410" hits="0"/><line number="415" hits="14"/><line number="421" hits="14"/><line number="422" hits="18"/><line number="423" hits="13"/><line number="424" hits="9"/><line number="425" hits="7"/><line number="426" hits="3"/><line number="427" hits="0"/><line number="428" hits="0"/><line number="430" hits="0"/><line number="431" hits="0"/><line number="435" hits="4"/><line number="436" hits="4"/><line number="439" hits="0"/><line number="440" hits="0"/><line number="441" hits="0"/><line number="442" hits="0"/><line number="443" hits="0"/><line number="444" hits="0"/><line number="445" hits="0"/><line number="446" hits="0"/><line number="453" hits="16"/><line number="460" hits="16"/><line number="461" hits="16"/><line number="462" hits="16"/><line number="463" hits="16"/><line number="464" hits="16"/><line number="465" hits="16"/><line number="466" hits="16"/><line number="468" hits="72"/><line number="469" hits="56"/><line number="471" hits="0"/><line number="472" hits="52"/><line number="473" hits="0"/><line number="475" hits="0"/><line number="478" hits="2"/><line number="481" hits="0"/><line number="482" hits="0"/><line number="483" hits="0"/><line number="484" hits="0"/><line number="485" hits="0"/><line number="489" hits="16"/><line number="490" hits="16"/><line number="492" hits="15"/><line number="494" hits="14"/><line number="495" hits="13"/><line number="496" hits="13"/><line number="497" hits="13"/><line number="498" hits="13"/><line number="500" hits="1"/><line number="503" hits="2"/><line number="506" hits="5"/><line number="507" hits="1"/><line number="508" hits="1"/><line number="509" hits="1"/><line number="513" hits="0"/><line number="516" hits="0"/><line number="517" hits="0"/><line number="518" hits="0"/><line number="519" hits="0"/><line number="520" hits="0"/><line number="521" hits="0"/><line number="522" hits="0"/><line number="523" hits="0"/><line number="528" hits="0"/><line number="533" hits="0"/><line number="534" hits="0"/><line number="535" hits="0"/><line number="537" hits="0"/><line number="538" hits="0"/><line number="539" hits="0"/><line number="540" hits="0"/><line number="541" hits="0"/><line number="544" hits="0"/><line number="545" hits="0"/><line number="546" hits="0"/><line number="547" hits="0"/><line number="548" hits="0"/><line number="549" hits="0"/><line number="550" hits="0"/><line number="551" hits="0"/><line number="556" hits="4"/><line number="561" hits="8"/><line number="562" hits="0"/><line number="563" hits="0"/><line number="567" hits="4"/><line number="568" hits="4"/><line number="569" hits="4"/><line number="570" hits="3"/><line number="572" hits="1"/><line number="576" hits="0"/><line number="577" hits="6"/><line number="578" hits="0"/><line number="581" hits="2"/><line number="582" hits="2"/><line number="583" hits="4"/><line number="584" hits="2"/><line number="585" hits="2"/><line number="588" hits="0"/><line number="593" hits="2"/><line number="595" hits="0"/><line number="596" hits="0"/><line number="597" hits="1"/><line number="598" hits="1"/><line number="599" hits="1"/><line number="602" hits="0"/><line number="607" hits="0"/><line number="608" hits="0"/><line number="609" hits="0"/><line number="614" hits="0"/><line number="617" hits="1"/><line number="620" hits="0"/><line number="621" hits="4"/><line number="622" hits="0"/><line number="623" hits="0"/><line number="625" hits="3"/><line number="626" hits="0"/><line number="627" hits="0"/><line number="628" hits="0"/><line number="631" hits="3"/><line number="632" hits="0"/><line number="633" hits="3"/><line number="635" hits="0"/><line number="638" hits="1"/><line number="641" hits="0"/><line number="642" hits="0"/><line number="643" hits="0"/><line number="644" hits="0"/><line number="645" hits="0"/><line number="646" hits="0"/><line number="647" hits="0"/><line number="648" hits="0"/><line number="653" hits="3"/><line number="658" hits="3"/><line number="659" hits="1"/><line number="660" hits="1"/><line number="661" hits="1"/><line number="662" hits="1"/><line number="663" hits="1"/><line number="664" hits="1"/><line number="665" hits="1"/><line number="666" hits="1"/><line number="670" hits="2"/><line number="671" hits="2"/><line number="672" hits="2"/><line number="673" hits="2"/><line number="675" hits="9"/><line number="676" hits="8"/><line number="677" hits="0"/><line number="678" hits="0"/><line number="679" hits="0"/><line number="681" hits="0"/><line number="682" hits="0"/><line number="683" hits="8"/><line number="684" hits="0"/><line number="686" hits="1"/><line number="687" hits="1"/><line number="688" hits="1"/><line number="689" hits="1"/><line number="690" hits="1"/><line number="691" hits="1"/><line number="692" hits="1"/><line number="693" hits="1"/><line number="699" hits="2"/><line number="701" hits="2"/><line number="704" hits="0"/><line number="705" hits="1"/><line number="706" hits="0"/><line number="708" hits="0"/><line number="712" hits="0"/><line number="715" hits="0"/><line number="716" hits="0"/><line number="717" hits="0"/><line number="718" hits="0"/><line number="719" hits="0"/><line number="720" hits="0"/><line number="721" hits="0"/><line number="722" hits="0"/><line number="727" hits="2"/><line number="732" hits="2"/><line number="733" hits="1"/><line number="734" hits="1"/><line number="735" hits="1"/><line number="736" hits="1"/><line number="737" hits="1"/><line number="738" hits="1"/><line number="739" hits="1"/><line number="740" hits="1"/><line number="744" hits="1"/><line number="745" hits="1"/><line number="746" hits="1"/><line number="748" hits="4"/><line number="749" hits="4"/><line number="750" hits="0"/><line number="751" hits="0"/><line number="752" hits="0"/><line number="754" hits="0"/><line number="755" hits="4"/><line number="756" hits="0"/><line number="758" hits="1"/><line number="759" hits="1"/><line number="760" hits="1"/><line number="761" hits="1"/><line number="762" hits="1"/><line number="763" hits="1"/><line number="764" hits="1"/><line number="765" hits="1"/><line number="771" hits="0"/><line number="772" hits="0"/><line number="773" hits="0"/><line number="774" hits="0"/><line number="775" hits="0"/><line number="776" hits="0"/><line number="777" hits="0"/><line number="778" hits="0"/><line number="784" hits="0"/><line number="785" hits="0"/><line number="786" hits="0"/><line number="787" hits="0"/><line number="788" hits="0"/><line number="789" hits="0"/><line number="790" hits="0"/><line number="791" hits="0"/><line number="796" hits="2"/><line number="801" hits="2"/><line number="802" hits="1"/><line number="803" hits="1"/><line number="804" hits="1"/><line number="805" hits="1"/><line number="806" hits="1"/><line number="807" hits="1"/><line number="808" hits="1"/><line number="809" hits="1"/><line number="813" hits="1"/><line number="814" hits="1"/><line number="815" hits="1"/><line number="818" hits="2"/><line number="819" hits="4"/><line number="820" hits="0"/><line number="821" hits="0"/><line number="822" hits="0"/><line number="826" hits="2"/><line number="827" hits="0"/><line number="828" hits="0"/><line number="829" hits="0"/><line number="831" hits="0"/><line number="832" hits="1"/><line number="833" hits="0"/><line number="834" hits="1"/><line number="836" hits="0"/><line number="838" hits="0"/><line number="839" hits="0"/><line number="840" hits="0"/><line number="841" hits="0"/><line number="842" hits="0"/><line number="843" hits="2"/><line number="844" hits="0"/><line number="846" hits="0"/><line number="849" hits="0"/><line number="855" hits="1"/><line number="860" hits="1"/><line number="861" hits="0"/><line number="862" hits="0"/><line number="867" hits="1"/><line number="868" hits="1"/><line number="869" hits="1"/><line number="870" hits="1"/><line number="871" hits="1"/><line number="872" hits="1"/><line number="873" hits="1"/><line number="874" hits="1"/><line number="879" hits="2"/><line number="884" hits="2"/><line number="885" hits="0"/><line number="886" hits="0"/><line number="891" hits="2"/><line number="894" hits="0"/><line number="895" hits="0"/><line number="896" hits="0"/><line number="897" hits="0"/><line number="898" hits="0"/><line number="899" hits="0"/><line number="900" hits="0"/><line number="901" hits="0"/><line number="906" hits="14"/><line number="907" hits="14"/><line number="908" hits="25"/><line number="909" hits="12"/><line number="910" hits="14"/><line number="911" hits="7"/><line number="912" hits="8"/><line number="913" hits="7"/><line number="914" hits="6"/><line number="915" hits="2"/><line number="916" hits="2"/><line number="917" hits="4"/><line number="918" hits="0"/><line number="919" hits="0"/><line number="920" hits="0"/><line number="921" hits="0"/><line number="922" hits="0"/><line number="923" hits="0"/><line number="929" hits="8"/><line number="933" hits="8"/><line number="934" hits="0"/><line number="937" hits="8"/><line number="938" hits="8"/><line number="940" hits="16"/><line number="941" hits="15"/><line number="942" hits="15"/><line number="943" hits="15"/><line number="944" hits="23"/><line number="945" hits="8"/><line number="947" hits="7"/><line number="950" hits="0"/><line number="951" hits="0"/><line number="952" hits="0"/><line number="953" hits="0"/><line number="955" hits="0"/><line number="958" hits="0"/><line number="959" hits="1"/><line number="965" hits="20"/><line number="966" hits="6"/><line number="968" hits="1"/><line number="973" hits="2"/><line number="974" hits="2"/><line number="975" hits="0"/><line number="978" hits="2"/><line number="980" hits="1"/><line number="981" hits="1"/><line number="982" hits="1"/><line number="984" hits="0"/><line number="985" hits="0"/><line number="988" hits="2"/><line number="993" hits="1"/><line number="994" hits="1"/><line number="995" hits="0"/><line number="998" hits="2"/><line number="999" hits="1"/><line number="1000" hits="1"/><line number="1002" hits="0"/><line number="1008" hits="3"/><line number="1012" hits="3"/><line number="1013" hits="0"/><line number="1016" hits="3"/><line number="1017" hits="3"/><line number="1018" hits="0"/><line number="1019" hits="0"/><line number="1022" hits="3"/><line number="1023" hits="3"/><line number="1024" hits="0"/><line number="1025" hits="0"/><line number="1028" hits="0"/><line number="1032" hits="2"/><line number="1033" hits="2"/><line number="1034" hits="0"/><line number="1037" hits="2"/><line number="1041" hits="0"/><line number="1042" hits="0"/><line number="1043" hits="0"/><line number="1046" hits="0"/><line number="1047" hits="0"/><line number="1048" hits="0"/><line number="1049" hits="0"/><line number="1051" hits="0"/><line number="1052" hits="0"/><line number="1054" hits="0"/><line number="1059" hits="0"/><line number="1060" hits="0"/><line number="1061" hits="0"/><line number="1064" hits="0"/><line number="1065" hits="0"/><line number="1066" hits="0"/><line number="1067" hits="0"/><line number="1069" hits="0"/><line number="1070" hits="0"/><line number="1072" hits="0"/><line number="1077" hits="0"/><line number="1078" hits="0"/><line number="1079" hits="0"/><line number="1082" hits="0"/><line number="1083" hits="0"/><line number="1084" hits="0"/><line number="1085" hits="0"/><line number="1089" hits="0"/><line number="1090" hits="0"/><line number="1093" hits="0"/><line number="1094" hits="0"/><line number="1100" hits="30"/><line number="1101" hits="14"/><line number="1102" hits="30"/><line number="1130" hits="16"/><line number="1131" hits="16"/><line number="1132" hits="79"/><line number="1133" hits="10"/><line number="1135" hits="28"/><line number="1136" hits="7"/><line number="1137" hits="6"/><line number="1138" hits="3"/><line number="1139" hits="1"/><line number="1140" hits="2"/><line number="1141" hits="0"/><line number="1142" hits="0"/><line number="1144" hits="0"/><line number="1147" hits="1"/><line number="1148" hits="1"/><line number="1153" hits="5"/><line number="1154" hits="5"/><line number="1155" hits="0"/><line number="1156" hits="2"/><line number="1157" hits="0"/><line number="1158" hits="0"/><line number="1159" hits="2"/><line number="1160" hits="1"/><line number="1161" hits="0"/><line number="1162" hits="0"/><line number="1163" hits="0"/><line number="1168" hits="0"/><line number="1169" hits="0"/><line number="1170" hits="0"/><line number="1182" hits="5"/><line number="1183" hits="5"/><line number="1184" hits="0"/><line number="1185" hits="0"/><line number="1186" hits="0"/><line number="1187" hits="0"/><line number="1188" hits="0"/><line number="1189" hits="0"/><line number="1191" hits="4"/><line number="1192" hits="1"/><line number="1194" hits="1"/><line number="1195" hits="3"/><line number="1196" hits="4"/><line number="1197" hits="0"/><line number="1199" hits="1"/><line number="1201" hits="0"/><line number="1202" hits="0"/><line number="1203" hits="0"/><line number="1204" hits="0"/><line number="1206" hits="0"/><line number="1208" hits="0"/><line number="1209" hits="0"/><line number="1215" hits="4"/><line number="1216" hits="4"/><line number="1220" hits="5"/><line number="1221" hits="5"/><line number="1225" hits="3"/><line number="1226" hits="3"/><line number="1230" hits="6"/><line number="1231" hits="6"/><line number="1232" hits="6"/><line number="1233" hits="6"/><line number="1235" hits="9"/><line number="1236" hits="9"/><line number="1238" hits="3"/><line number="1239" hits="0"/><line number="1240" hits="0"/><line number="1241" hits="0"/><line number="1250" hits="6"/><line number="1270" hits="2"/><line number="1271" hits="2"/><line number="1272" hits="1"/><line number="1274" hits="1"/><line number="1275" hits="1"/></lines></class><class name="higher_order" filename="src/evaluator/higher_order.rs" line-rate="0.6710963455149501" branch-rate="0" complexity="0"><methods/><lines><line number="16" hits="6"/><line number="22" hits="6"/><line number="23" hits="0"/><line number="26" hits="6"/><line number="29" hits="6"/><line number="33" hits="20"/><line number="34" hits="7"/><line number="35" hits="7"/><line number="37" hits="0"/><line number="38" hits="0"/><line number="41" hits="14"/><line number="42" hits="0"/><line number="48" hits="6"/><line number="52" hits="6"/><line number="60" hits="19"/><line number="62" hits="6"/><line number="64" hits="25"/><line number="66" hits="60"/><line number="69" hits="38"/><line number="70" hits="19"/><line number="71" hits="19"/><line number="72" hits="19"/><line number="73" hits="19"/><line number="78" hits="6"/><line number="82" hits="2"/><line number="88" hits="2"/><line number="89" hits="0"/><line number="92" hits="2"/><line number="93" hits="2"/><line number="96" hits="2"/><line number="103" hits="4"/><line number="104" hits="2"/><line number="105" hits="2"/><line number="106" hits="2"/><line number="109" hits="0"/><line number="110" hits="0"/><line number="113" hits="4"/><line number="114" hits="0"/><line number="115" hits="0"/><line number="120" hits="0"/><line number="121" hits="0"/><line number="122" hits="0"/><line number="126" hits="0"/><line number="127" hits="0"/><line number="128" hits="0"/><line number="129" hits="0"/><line number="132" hits="0"/><line number="133" hits="0"/><line number="136" hits="0"/><line number="137" hits="0"/><line number="143" hits="2"/><line number="147" hits="8"/><line number="153" hits="8"/><line number="154" hits="0"/><line number="157" hits="8"/><line number="158" hits="8"/><line number="159" hits="8"/><line number="162" hits="8"/><line number="165" hits="8"/><line number="169" hits="24"/><line number="170" hits="8"/><line number="171" hits="8"/><line number="173" hits="0"/><line number="174" hits="0"/><line number="177" hits="16"/><line number="178" hits="0"/><line number="184" hits="16"/><line number="186" hits="28"/><line number="188" hits="28"/><line number="189" hits="84"/><line number="194" hits="56"/><line number="195" hits="28"/><line number="196" hits="28"/><line number="197" hits="28"/><line number="198" hits="28"/><line number="202" hits="8"/><line number="206" hits="4"/><line number="212" hits="4"/><line number="213" hits="0"/><line number="216" hits="4"/><line number="217" hits="4"/><line number="218" hits="4"/><line number="221" hits="4"/><line number="224" hits="4"/><line number="228" hits="12"/><line number="229" hits="8"/><line number="231" hits="0"/><line number="232" hits="0"/><line number="235" hits="8"/><line number="236" hits="0"/><line number="242" hits="8"/><line number="244" hits="12"/><line number="246" hits="12"/><line number="247" hits="36"/><line number="250" hits="12"/><line number="253" hits="24"/><line number="254" hits="12"/><line number="255" hits="12"/><line number="256" hits="12"/><line number="257" hits="12"/><line number="261" hits="4"/><line number="265" hits="4"/><line number="271" hits="4"/><line number="272" hits="0"/><line number="275" hits="4"/><line number="276" hits="4"/><line number="279" hits="4"/><line number="282" hits="4"/><line number="284" hits="0"/><line number="285" hits="0"/><line number="289" hits="8"/><line number="290" hits="0"/><line number="295" hits="46"/><line number="297" hits="42"/><line number="298" hits="21"/><line number="299" hits="21"/><line number="300" hits="21"/><line number="301" hits="21"/><line number="304" hits="12"/><line number="305" hits="12"/><line number="309" hits="4"/><line number="313" hits="102"/><line number="320" hits="102"/><line number="321" hits="102"/><line number="322" hits="26"/><line number="324" hits="32"/><line number="326" hits="0"/><line number="331" hits="52"/><line number="335" hits="76"/><line number="336" hits="76"/><line number="337" hits="76"/><line number="338" hits="76"/><line number="339" hits="76"/><line number="341" hits="76"/><line number="342" hits="0"/><line number="343" hits="0"/><line number="345" hits="76"/><line number="346" hits="0"/><line number="350" hits="76"/><line number="353" hits="76"/><line number="355" hits="0"/><line number="360" hits="0"/><line number="361" hits="0"/><line number="362" hits="0"/><line number="364" hits="163"/><line number="372" hits="76"/><line number="373" hits="0"/><line number="381" hits="0"/><line number="382" hits="0"/><line number="384" hits="0"/><line number="385" hits="0"/><line number="388" hits="0"/><line number="391" hits="0"/><line number="392" hits="0"/><line number="394" hits="0"/><line number="395" hits="0"/><line number="398" hits="0"/><line number="401" hits="0"/><line number="402" hits="0"/><line number="403" hits="0"/><line number="404" hits="0"/><line number="406" hits="0"/><line number="407" hits="0"/><line number="410" hits="0"/><line number="412" hits="0"/><line number="413" hits="0"/><line number="414" hits="0"/><line number="418" hits="0"/><line number="421" hits="0"/><line number="423" hits="0"/><line number="425" hits="0"/><line number="430" hits="0"/><line number="434" hits="0"/><line number="435" hits="0"/><line number="441" hits="0"/><line number="447" hits="0"/><line number="448" hits="0"/><line number="451" hits="0"/><line number="452" hits="0"/><line number="455" hits="0"/><line number="456" hits="0"/><line number="459" hits="0"/><line number="460" hits="0"/><line number="466" hits="0"/><line number="470" hits="0"/><line number="471" hits="0"/><line number="472" hits="0"/><line number="475" hits="0"/><line number="476" hits="0"/><line number="477" hits="0"/><line number="478" hits="0"/><line number="479" hits="0"/><line number="483" hits="0"/><line number="487" hits="2"/><line number="493" hits="2"/><line number="494" hits="0"/><line number="497" hits="2"/><line number="498" hits="2"/><line number="499" hits="2"/><line number="502" hits="2"/><line number="503" hits="2"/><line number="506" hits="0"/><line number="507" hits="0"/><line number="513" hits="2"/><line number="516" hits="2"/><line number="527" hits="5"/><line number="529" hits="5"/><line number="530" hits="5"/><line number="531" hits="5"/><line number="534" hits="5"/><line number="535" hits="5"/><line number="538" hits="5"/><line number="541" hits="10"/><line number="542" hits="5"/><line number="543" hits="5"/><line number="544" hits="5"/><line number="545" hits="5"/><line number="560" hits="2"/><line number="564" hits="2"/><line number="570" hits="2"/><line number="571" hits="0"/><line number="574" hits="2"/><line number="575" hits="2"/><line number="576" hits="2"/><line number="580" hits="1"/><line number="586" hits="1"/><line number="587" hits="0"/><line number="590" hits="1"/><line number="593" hits="1"/><line number="594" hits="1"/><line number="595" hits="1"/><line number="596" hits="1"/><line number="597" hits="1"/><line number="600" hits="1"/><line number="601" hits="1"/><line number="602" hits="1"/><line number="603" hits="1"/><line number="606" hits="1"/><line number="607" hits="1"/><line number="608" hits="1"/><line number="609" hits="1"/><line number="612" hits="1"/><line number="613" hits="1"/><line number="614" hits="1"/><line number="615" hits="1"/><line number="621" hits="1"/><line number="623" hits="1"/><line number="624" hits="1"/><line number="625" hits="1"/><line number="626" hits="1"/><line number="629" hits="1"/><line number="630" hits="1"/><line number="631" hits="1"/><line number="632" hits="1"/><line number="635" hits="1"/><line number="636" hits="1"/><line number="637" hits="1"/><line number="638" hits="1"/><line number="641" hits="1"/><line number="642" hits="1"/><line number="643" hits="1"/><line number="647" hits="1"/><line number="648" hits="1"/><line number="652" hits="3"/><line number="658" hits="3"/><line number="659" hits="0"/><line number="662" hits="3"/><line number="663" hits="3"/><line number="667" hits="1"/><line number="673" hits="1"/><line number="674" hits="0"/><line number="677" hits="1"/><line number="678" hits="1"/><line number="680" hits="1"/><line number="681" hits="1"/><line number="682" hits="0"/><line number="684" hits="0"/><line number="685" hits="0"/><line number="695" hits="2"/><line number="701" hits="2"/><line number="702" hits="0"/><line number="705" hits="2"/><line number="706" hits="2"/><line number="717" hits="3"/><line number="723" hits="3"/><line number="724" hits="0"/><line number="727" hits="3"/><line number="728" hits="3"/><line number="730" hits="4"/><line number="733" hits="1"/><line number="734" hits="1"/><line number="747" hits="3"/><line number="753" hits="3"/><line number="754" hits="1"/><line number="757" hits="2"/><line number="758" hits="2"/><line number="760" hits="2"/><line number="761" hits="2"/><line number="763" hits="2"/><line number="766" hits="1"/><line number="767" hits="1"/></lines></class><class name="imports" filename="src/evaluator/imports.rs" line-rate="0.9130434782608695" branch-rate="0" complexity="0"><methods/><lines><line number="15" hits="35"/><line number="21" hits="35"/><line number="22" hits="3"/><line number="23" hits="3"/><line number="28" hits="84"/><line number="29" hits="53"/><line number="33" hits="14"/><line number="37" hits="35"/><line number="38" hits="35"/><line number="39" hits="33"/><line number="40" hits="33"/><line number="41" hits="2"/><line number="42" hits="2"/><line number="46" hits="31"/><line number="47" hits="60"/><line number="48" hits="29"/><line number="50" hits="2"/><line number="51" hits="2"/><line number="55" hits="2"/><line number="56" hits="2"/><line number="62" hits="29"/><line number="63" hits="29"/><line number="64" hits="2"/><line number="65" hits="2"/><line number="70" hits="23"/><line number="75" hits="4"/><line number="76" hits="4"/><line number="82" hits="23"/><line number="83" hits="5"/><line number="85" hits="18"/><line number="89" hits="17"/><line number="91" hits="28"/><line number="92" hits="6"/><line number="96" hits="577"/><line number="104" hits="5"/><line number="105" hits="5"/><line number="107" hits="25"/><line number="108" hits="10"/><line number="109" hits="10"/><line number="110" hits="10"/><line number="113" hits="0"/><line number="114" hits="0"/><line number="120" hits="5"/><line number="121" hits="0"/><line number="122" hits="0"/><line number="126" hits="5"/></lines></class><class name="inline_evaluation" filename="src/evaluator/inline_evaluation.rs" line-rate="0.6306818181818182" branch-rate="0" complexity="0"><methods/><lines><line number="49" hits="12"/><line number="50" hits="0"/><line number="52" hits="3"/><line number="55" hits="3"/><line number="56" hits="3"/><line number="57" hits="3"/><line number="59" hits="0"/><line number="65" hits="4"/><line number="69" hits="0"/><line number="70" hits="0"/><line number="71" hits="0"/><line number="72" hits="0"/><line number="73" hits="0"/><line number="75" hits="0"/><line number="82" hits="0"/><line number="83" hits="0"/><line number="86" hits="0"/><line number="87" hits="0"/><line number="88" hits="0"/><line number="89" hits="0"/><line number="90" hits="0"/><line number="92" hits="0"/><line number="102" hits="2"/><line number="105" hits="0"/><line number="110" hits="19"/><line number="111" hits="19"/><line number="112" hits="6"/><line number="113" hits="4"/><line number="114" hits="1"/><line number="115" hits="4"/><line number="116" hits="4"/><line number="134" hits="509"/><line number="136" hits="509"/><line number="143" hits="22"/><line number="144" hits="22"/><line number="145" hits="22"/><line number="146" hits="22"/><line number="147" hits="22"/><line number="148" hits="22"/><line number="152" hits="12"/><line number="153" hits="21"/><line number="155" hits="2"/><line number="156" hits="14"/><line number="157" hits="0"/><line number="159" hits="7"/><line number="162" hits="3"/><line number="167" hits="4"/><line number="168" hits="4"/><line number="169" hits="4"/><line number="171" hits="13"/><line number="173" hits="4"/><line number="174" hits="8"/><line number="175" hits="2"/><line number="177" hits="2"/><line number="179" hits="4"/><line number="183" hits="1"/><line number="184" hits="1"/><line number="185" hits="1"/><line number="190" hits="506"/><line number="191" hits="506"/><line number="210" hits="506"/><line number="212" hits="506"/><line number="221" hits="3"/><line number="227" hits="3"/><line number="230" hits="3"/><line number="231" hits="3"/><line number="234" hits="3"/><line number="235" hits="3"/><line number="238" hits="3"/><line number="239" hits="0"/><line number="243" hits="3"/><line number="244" hits="3"/><line number="245" hits="3"/><line number="246" hits="3"/><line number="247" hits="0"/><line number="249" hits="3"/><line number="253" hits="0"/><line number="255" hits="0"/><line number="261" hits="3"/><line number="269" hits="3"/><line number="270" hits="0"/><line number="275" hits="0"/><line number="279" hits="3"/><line number="285" hits="0"/><line number="287" hits="0"/><line number="289" hits="1"/><line number="293" hits="0"/><line number="294" hits="1"/><line number="295" hits="1"/><line number="296" hits="1"/><line number="297" hits="1"/><line number="298" hits="1"/><line number="302" hits="1"/><line number="306" hits="0"/><line number="307" hits="1"/><line number="308" hits="1"/><line number="309" hits="1"/><line number="310" hits="1"/><line number="311" hits="1"/><line number="312" hits="1"/><line number="315" hits="1"/><line number="319" hits="0"/><line number="320" hits="0"/><line number="321" hits="0"/><line number="322" hits="0"/><line number="323" hits="0"/><line number="324" hits="0"/><line number="325" hits="0"/><line number="328" hits="0"/><line number="332" hits="0"/><line number="333" hits="0"/><line number="334" hits="0"/><line number="335" hits="0"/><line number="336" hits="0"/><line number="338" hits="0"/><line number="342" hits="0"/><line number="347" hits="8"/><line number="348" hits="8"/><line number="349" hits="5"/><line number="350" hits="2"/><line number="351" hits="1"/><line number="352" hits="0"/><line number="353" hits="0"/><line number="354" hits="0"/><line number="355" hits="0"/><line number="356" hits="0"/><line number="357" hits="0"/><line number="358" hits="0"/><line number="359" hits="0"/><line number="360" hits="0"/><line number="361" hits="0"/><line number="362" hits="0"/><line number="363" hits="0"/><line number="368" hits="7"/><line number="369" hits="14"/><line number="370" hits="3"/><line number="372" hits="4"/><line number="375" hits="7"/><line number="376" hits="7"/><line number="377" hits="7"/><line number="378" hits="7"/><line number="383" hits="2"/><line number="384" hits="2"/><line number="388" hits="1"/><line number="389" hits="1"/><line number="390" hits="1"/><line number="391" hits="1"/><line number="392" hits="1"/><line number="396" hits="5"/><line number="397" hits="5"/><line number="398" hits="5"/><line number="399" hits="5"/><line number="400" hits="5"/><line number="404" hits="3"/><line number="405" hits="3"/><line number="410" hits="0"/><line number="411" hits="0"/><line number="420" hits="0"/><line number="424" hits="0"/><line number="428" hits="9"/><line number="429" hits="9"/><line number="434" hits="5"/><line number="437" hits="2"/><line number="440" hits="2"/><line number="445" hits="6"/><line number="446" hits="6"/><line number="447" hits="2"/><line number="448" hits="3"/><line number="449" hits="3"/><line number="451" hits="0"/><line number="452" hits="0"/><line number="454" hits="0"/><line number="455" hits="0"/><line number="456" hits="0"/><line number="457" hits="0"/><line number="459" hits="1"/></lines></class><class name="jit_loop_optimization" filename="src/evaluator/jit_loop_optimization.rs" line-rate="0.7147887323943662" branch-rate="0" complexity="0"><methods/><lines><line number="155" hits="512"/><line number="157" hits="512"/><line number="160" hits="512"/><line number="165" hits="16"/><line number="166" hits="16"/><line number="167" hits="16"/><line number="168" hits="16"/><line number="170" hits="16"/><line number="171" hits="16"/><line number="174" hits="16"/><line number="175" hits="2"/><line number="179" hits="14"/><line number="180" hits="7"/><line number="181" hits="7"/><line number="182" hits="7"/><line number="183" hits="0"/><line number="184" hits="0"/><line number="186" hits="0"/><line number="191" hits="5"/><line number="192" hits="5"/><line number="196" hits="7"/><line number="197" hits="7"/><line number="201" hits="7"/><line number="202" hits="7"/><line number="203" hits="7"/><line number="204" hits="14"/><line number="205" hits="5"/><line number="207" hits="2"/><line number="209" hits="7"/><line number="213" hits="1"/><line number="214" hits="1"/><line number="215" hits="1"/><line number="216" hits="1"/><line number="221" hits="0"/><line number="222" hits="0"/><line number="237" hits="513"/><line number="239" hits="513"/><line number="240" hits="513"/><line number="245" hits="22"/><line number="246" hits="22"/><line number="247" hits="2"/><line number="251" hits="19"/><line number="252" hits="19"/><line number="253" hits="1"/><line number="257" hits="19"/><line number="258" hits="19"/><line number="259" hits="0"/><line number="263" hits="14"/><line number="268" hits="6"/><line number="273" hits="6"/><line number="279" hits="2"/><line number="280" hits="2"/><line number="284" hits="19"/><line number="288" hits="19"/><line number="290" hits="61"/><line number="291" hits="21"/><line number="292" hits="42"/><line number="293" hits="42"/><line number="296" hits="0"/><line number="297" hits="0"/><line number="304" hits="18"/><line number="306" hits="3"/><line number="312" hits="0"/><line number="313" hits="0"/><line number="319" hits="19"/><line number="323" hits="19"/><line number="329" hits="19"/><line number="330" hits="2"/><line number="333" hits="17"/><line number="336" hits="32"/><line number="337" hits="16"/><line number="341" hits="0"/><line number="344" hits="1"/><line number="348" hits="30"/><line number="349" hits="28"/><line number="350" hits="14"/><line number="352" hits="14"/><line number="353" hits="14"/><line number="354" hits="14"/><line number="355" hits="42"/><line number="356" hits="28"/><line number="359" hits="0"/><line number="362" hits="0"/><line number="365" hits="2"/><line number="366" hits="0"/><line number="370" hits="28"/><line number="371" hits="28"/><line number="373" hits="14"/><line number="374" hits="14"/><line number="375" hits="14"/><line number="376" hits="42"/><line number="377" hits="14"/><line number="380" hits="0"/><line number="383" hits="0"/><line number="385" hits="2"/><line number="397" hits="5"/><line number="403" hits="18"/><line number="404" hits="7"/><line number="406" hits="1"/><line number="407" hits="1"/><line number="408" hits="1"/><line number="411" hits="6"/><line number="414" hits="4"/><line number="418" hits="4"/><line number="424" hits="10"/><line number="425" hits="6"/><line number="428" hits="2"/><line number="429" hits="2"/><line number="430" hits="2"/><line number="431" hits="2"/><line number="436" hits="2"/><line number="441" hits="6"/><line number="442" hits="6"/><line number="443" hits="4"/><line number="444" hits="2"/><line number="446" hits="8"/><line number="447" hits="0"/><line number="449" hits="0"/><line number="450" hits="0"/><line number="451" hits="0"/><line number="452" hits="0"/><line number="457" hits="19"/><line number="458" hits="19"/><line number="459" hits="19"/><line number="460" hits="19"/><line number="461" hits="19"/><line number="465" hits="7"/><line number="466" hits="7"/><line number="470" hits="1"/><line number="471" hits="1"/><line number="472" hits="1"/><line number="477" hits="0"/><line number="478" hits="0"/><line number="515" hits="514"/><line number="517" hits="514"/><line number="518" hits="514"/><line number="523" hits="10"/><line number="524" hits="20"/><line number="544" hits="10"/><line number="545" hits="10"/><line number="547" hits="8"/><line number="548" hits="8"/><line number="549" hits="8"/><line number="550" hits="8"/><line number="551" hits="8"/><line number="554" hits="2"/><line number="555" hits="2"/><line number="558" hits="0"/><line number="559" hits="0"/><line number="563" hits="0"/><line number="564" hits="0"/><line number="568" hits="0"/><line number="573" hits="14"/><line number="577" hits="14"/><line number="586" hits="3"/><line number="587" hits="6"/><line number="588" hits="0"/><line number="589" hits="3"/><line number="590" hits="0"/><line number="591" hits="0"/><line number="620" hits="22"/><line number="621" hits="22"/><line number="623" hits="20"/><line number="624" hits="20"/><line number="625" hits="20"/><line number="626" hits="20"/><line number="627" hits="20"/><line number="628" hits="20"/><line number="630" hits="2"/><line number="631" hits="2"/><line number="633" hits="0"/><line number="634" hits="0"/><line number="636" hits="0"/><line number="637" hits="0"/><line number="639" hits="0"/><line number="644" hits="7"/><line number="645" hits="7"/><line number="649" hits="1"/><line number="650" hits="1"/><line number="651" hits="1"/><line number="656" hits="0"/><line number="657" hits="0"/><line number="676" hits="507"/><line number="678" hits="507"/><line number="679" hits="507"/><line number="680" hits="507"/><line number="686" hits="4"/><line number="688" hits="4"/><line number="689" hits="4"/><line number="690" hits="4"/><line number="696" hits="12"/><line number="703" hits="12"/><line number="704" hits="0"/><line number="708" hits="24"/><line number="711" hits="12"/><line number="712" hits="0"/><line number="716" hits="12"/><line number="726" hits="9"/><line number="730" hits="10"/><line number="748" hits="5"/><line number="753" hits="0"/><line number="759" hits="7"/><line number="767" hits="7"/><line number="768" hits="7"/><line number="769" hits="
[...]
60" hits="0"/><line number="61" hits="0"/><line number="62" hits="0"/><line number="63" hits="0"/><line number="64" hits="0"/><line number="65" hits="0"/><line number="67" hits="0"/><line number="68" hits="0"/><line number="70" hits="0"/><line number="71" hits="0"/><line number="72" hits="0"/><line number="73" hits="0"/><line number="74" hits="0"/><line number="75" hits="5"/><line number="80" hits="16"/><line number="81" hits="16"/><line number="82" hits="1"/><line number="83" hits="8"/><line number="84" hits="3"/><line number="85" hits="1"/><line number="86" hits="1"/><line number="88" hits="0"/><line number="90" hits="0"/><line number="91" hits="0"/><line number="93" hits="0"/><line number="94" hits="0"/><line number="96" hits="0"/><line number="97" hits="0"/><line number="99" hits="2"/><line number="104" hits="7"/><line number="105" hits="7"/><line number="106" hits="0"/><line number="107" hits="1"/><line number="108" hits="0"/><line number="109" hits="6"/><line number="110" hits="0"/><line number="112" hits="0"/><line number="114" hits="0"/><line number="120" hits="1813"/><line number="121" hits="1813"/><line number="122" hits="427"/><line number="123" hits="861"/><line number="124" hits="133"/><line number="125" hits="45"/><line number="126" hits="61"/><line number="127" hits="157"/><line number="128" hits="157"/><line number="129" hits="157"/><line number="130" hits="314"/><line number="132" hits="0"/><line number="133" hits="2"/><line number="134" hits="0"/><line number="137" hits="0"/><line number="140" hits="0"/><line number="142" hits="0"/><line number="143" hits="0"/><line number="144" hits="0"/><line number="145" hits="3"/><line number="146" hits="0"/><line number="147" hits="0"/><line number="148" hits="0"/><line number="149" hits="0"/><line number="150" hits="0"/><line number="151" hits="0"/><line number="152" hits="0"/><line number="153" hits="124"/></lines></class><class name="lazy_vector" filename="src/value/lazy_vector.rs" line-rate="0.8518518518518519" branch-rate="0" complexity="0"><methods/><lines><line number="36" hits="16"/><line number="38" hits="16"/><line number="40" hits="16"/><line number="42" hits="4"/><line number="45" hits="12"/><line number="46" hits="12"/><line number="47" hits="12"/><line number="48" hits="12"/><line number="49" hits="12"/><line number="55" hits="41"/><line number="56" hits="41"/><line number="57" hits="6"/><line number="58" hits="35"/><line number="63" hits="0"/><line number="64" hits="0"/><line number="68" hits="17"/><line number="69" hits="17"/><line number="70" hits="2"/><line number="71" hits="2"/><line number="72" hits="2"/><line number="73" hits="2"/><line number="77" hits="15"/><line number="78" hits="1"/><line number="80" hits="14"/><line number="81" hits="14"/><line number="82" hits="14"/><line number="83" hits="14"/><line number="84" hits="14"/><line number="85" hits="14"/><line number="86" hits="14"/><line number="88" hits="15"/><line number="92" hits="13"/><line number="99" hits="18"/><line number="100" hits="18"/><line number="101" hits="2"/><line number="102" hits="2"/><line number="103" hits="2"/><line number="104" hits="2"/><line number="108" hits="16"/><line number="109" hits="1"/><line number="110" hits="1"/><line number="111" hits="1"/><line number="114" hits="15"/><line number="115" hits="15"/><line number="116" hits="15"/><line number="117" hits="15"/><line number="118" hits="15"/><line number="119" hits="15"/><line number="120" hits="15"/><line number="123" hits="15"/><line number="124" hits="15"/><line number="125" hits="43"/><line number="128" hits="30"/><line number="133" hits="0"/><line number="134" hits="0"/><line number="142" hits="2"/><line number="143" hits="2"/><line number="144" hits="0"/><line number="146" hits="2"/><line number="147" hits="2"/><line number="148" hits="2"/><line number="149" hits="2"/><line number="150" hits="2"/><line number="152" hits="2"/><line number="153" hits="2"/><line number="154" hits="2"/><line number="155" hits="2"/><line number="156" hits="2"/><line number="160" hits="0"/><line number="162" hits="0"/><line number="166" hits="0"/><line number="169" hits="0"/><line number="179" hits="11"/><line number="180" hits="11"/><line number="182" hits="0"/><line number="183" hits="0"/><line number="185" hits="0"/><line number="188" hits="11"/><line number="189" hits="11"/><line number="190" hits="11"/><line number="191" hits="11"/><line number="192" hits="11"/><line number="193" hits="11"/><line number="195" hits="11"/><line number="197" hits="11"/><line number="198" hits="11"/><line number="205" hits="1"/><line number="206" hits="3"/><line number="207" hits="0"/><line number="208" hits="0"/><line number="212" hits="1"/><line number="213" hits="0"/><line number="215" hits="1"/><line number="216" hits="1"/><line number="217" hits="1"/><line number="218" hits="1"/><line number="219" hits="1"/><line number="220" hits="1"/><line number="221" hits="1"/><line number="223" hits="3"/><line number="226" hits="2"/><line number="229" hits="1"/><line number="250" hits="11"/><line number="251" hits="11"/><line number="252" hits="0"/><line number="254" hits="11"/><line number="259" hits="3"/><line number="260" hits="3"/></lines></class><class name="list" filename="src/value/list.rs" line-rate="1" branch-rate="0" complexity="0"><methods/><lines><line number="9" hits="23"/><line number="10" hits="39"/><line number="14" hits="1357"/><line number="15" hits="1357"/><line number="16" hits="91"/><line number="17" hits="1250"/><line number="18" hits="1250"/><line number="19" hits="1250"/><line number="21" hits="16"/><line number="26" hits="120"/><line number="27" hits="120"/><line number="28" hits="120"/><line number="31" hits="2409"/><line number="32" hits="110"/><line number="33" hits="2289"/><line number="34" hits="2289"/><line number="35" hits="2289"/><line number="36" hits="2289"/><line number="38" hits="10"/><line number="44" hits="420"/><line number="45" hits="5652"/><line number="46" hits="5232"/><line number="51" hits="33"/><line number="52" hits="33"/><line number="53" hits="33"/><line number="56" hits="3184"/><line number="57" hits="23"/><line number="58" hits="3151"/><line number="59" hits="3151"/><line number="60" hits="3151"/><line number="61" hits="3151"/><line number="63" hits="10"/></lines></class><class name="optimized" filename="src/value/optimized.rs" line-rate="0.6618357487922706" branch-rate="0" complexity="0"><methods/><lines><line number="49" hits="29"/><line number="50" hits="29"/><line number="51" hits="29"/><line number="52" hits="5"/><line number="56" hits="24"/><line number="57" hits="24"/><line number="60" hits="24"/><line number="61" hits="24"/><line number="65" hits="17"/><line number="66" hits="17"/><line number="68" hits="17"/><line number="72" hits="4"/><line number="73" hits="4"/><line number="77" hits="2"/><line number="78" hits="2"/><line number="83" hits="1"/><line number="84" hits="1"/><line number="89" hits="2"/><line number="90" hits="2"/><line number="96" hits="16"/><line number="97" hits="30"/><line number="98" hits="10"/><line number="100" hits="6"/><line number="105" hits="3"/><line number="106" hits="5"/><line number="107" hits="0"/><line number="109" hits="1"/><line number="114" hits="3"/><line number="115" hits="5"/><line number="116" hits="0"/><line number="118" hits="1"/><line number="123" hits="3"/><line number="124" hits="5"/><line number="125" hits="0"/><line number="127" hits="1"/><line number="132" hits="1"/><line number="133" hits="2"/><line number="134" hits="0"/><line number="136" hits="0"/><line number="141" hits="2"/><line number="142" hits="2"/><line number="143" hits="0"/><line number="144" hits="0"/><line number="145" hits="1"/><line number="146" hits="0"/><line number="147" hits="1"/><line number="148" hits="0"/><line number="149" hits="0"/><line number="150" hits="0"/><line number="151" hits="0"/><line number="152" hits="0"/><line number="157" hits="8"/><line number="158" hits="6"/><line number="159" hits="0"/><line number="160" hits="0"/><line number="161" hits="6"/><line number="162" hits="0"/><line number="163" hits="1"/><line number="164" hits="0"/><line number="165" hits="1"/><line number="166" hits="0"/><line number="171" hits="13"/><line number="172" hits="13"/><line number="173" hits="1"/><line number="174" hits="1"/><line number="175" hits="5"/><line number="176" hits="1"/><line number="177" hits="3"/><line number="178" hits="0"/><line number="179" hits="1"/><line number="180" hits="1"/><line number="181" hits="0"/><line number="182" hits="0"/><line number="187" hits="3"/><line number="188" hits="1"/><line number="189" hits="3"/><line number="195" hits="3"/><line number="196" hits="1"/><line number="197" hits="3"/><line number="203" hits="1"/><line number="204" hits="1"/><line number="205" hits="1"/><line number="211" hits="3"/><line number="212" hits="1"/><line number="213" hits="1"/><line number="214" hits="1"/><line number="215" hits="1"/><line number="220" hits="2"/><line number="221" hits="2"/><line number="222" hits="1"/><line number="223" hits="1"/><line number="224" hits="0"/><line number="229" hits="2"/><line number="230" hits="2"/><line number="231" hits="1"/><line number="232" hits="1"/><line number="233" hits="0"/><line number="238" hits="1"/><line number="239" hits="1"/><line number="240" hits="1"/><line number="241" hits="0"/><line number="242" hits="0"/><line number="247" hits="1"/><line number="248" hits="1"/><line number="249" hits="1"/><line number="250" hits="0"/><line number="251" hits="0"/><line number="256" hits="6"/><line number="257" hits="11"/><line number="261" hits="4"/><line number="262" hits="2"/><line number="263" hits="4"/><line number="274" hits="9"/><line number="275" hits="9"/><line number="276" hits="1"/><line number="277" hits="1"/><line number="278" hits="2"/><line number="279" hits="2"/><line number="280" hits="1"/><line number="281" hits="2"/><line number="282" hits="0"/><line number="283" hits="0"/><line number="284" hits="0"/><line number="285" hits="0"/><line number="286" hits="0"/><line number="287" hits="0"/><line number="288" hits="0"/><line number="289" hits="0"/><line number="290" hits="0"/><line number="291" hits="0"/><line number="292" hits="0"/><line number="293" hits="0"/><line number="294" hits="0"/><line number="295" hits="0"/><line number="296" hits="0"/><line number="303" hits="3"/><line number="304" hits="3"/><line number="305" hits="0"/><line number="306" hits="1"/><line number="307" hits="1"/><line number="308" hits="0"/><line number="309" hits="1"/><line number="310" hits="0"/><line number="311" hits="0"/><line number="312" hits="0"/><line number="313" hits="0"/><line number="314" hits="0"/><line number="320" hits="5"/><line number="321" hits="5"/><line number="322" hits="0"/><line number="323" hits="0"/><line number="324" hits="2"/><line number="325" hits="1"/><line number="326" hits="1"/><line number="328" hits="0"/><line number="329" hits="0"/><line number="331" hits="0"/><line number="332" hits="0"/><line number="333" hits="1"/><line number="334" hits="0"/><line number="335" hits="0"/><line number="336" hits="0"/><line number="337" hits="0"/><line number="338" hits="1"/><line number="339" hits="0"/><line number="340" hits="0"/><line number="341" hits="0"/><line number="344" hits="0"/><line number="346" hits="0"/><line number="368" hits="504"/><line number="379" hits="8"/><line number="380" hits="8"/><line number="382" hits="8"/><line number="383" hits="8"/><line number="385" hits="16"/><line number="386" hits="8"/><line number="389" hits="8"/><line number="390" hits="4"/><line number="391" hits="2"/><line number="392" hits="1"/><line number="393" hits="1"/><line number="398" hits="3"/><line number="399" hits="3"/><line number="400" hits="1"/><line number="402" hits="2"/><line number="403" hits="2"/><line number="408" hits="1"/><line number="409" hits="1"/><line number="410" hits="1"/><line number="412" hits="0"/><line number="413" hits="0"/><line number="419" hits="0"/><line number="420" hits="0"/><line number="432" hits="502"/><line number="434" hits="502"/><line number="439" hits="6"/><line number="440" hits="6"/><line number="441" hits="6"/><line number="442" hits="6"/><line number="446" hits="1"/><line number="447" hits="6"/><line number="451" hits="4"/><line number="452" hits="4"/><line number="456" hits="1"/><line number="457" hits="1"/><line number="462" hits="0"/><line number="463" hits="0"/></lines></class><class name="pair" filename="src/value/pair.rs" line-rate="1" branch-rate="0" complexity="0"><methods/><lines><line number="21" hits="5705"/><line number="28" hits="473"/><line number="29" hits="473"/><line number="33" hits="33"/><line number="34" hits="46"/><line number="39" hits="133"/><line number="40" hits="133"/><line number="41" hits="132"/><line number="42" hits="132"/><line number="43" hits="132"/><line number="45" hits="1"/><line number="51" hits="4"/><line number="52" hits="4"/><line number="53" hits="2"/><line number="54" hits="2"/><line number="55" hits="2"/><line number="57" hits="2"/><line number="63" hits="4"/><line number="64" hits="4"/><line number="65" hits="2"/><line number="66" hits="2"/><line number="67" hits="2"/><line number="69" hits="2"/><line number="75" hits="6"/><line number="76" hits="6"/><line number="77" hits="5"/><line number="78" hits="5"/><line number="79" hits="5"/><line number="80" hits="5"/><line number="82" hits="1"/><line number="88" hits="8"/><line number="89" hits="8"/><line number="90" hits="7"/><line number="91" hits="7"/><line number="92" hits="7"/><line number="93" hits="7"/><line number="95" hits="1"/></lines></class><class name="port" filename="src/value/port.rs" line-rate="0" branch-rate="0" complexity="0"><methods/><lines><line number="15" hits="0"/><line number="16" hits="0"/><line number="17" hits="0"/><line number="18" hits="0"/><line number="19" hits="0"/><line number="25" hits="0"/><line number="26" hits="0"/><line number="27" hits="0"/><line number="28" hits="0"/></lines></class><class name="predicates" filename="src/value/predicates.rs" line-rate="0.5964912280701754" branch-rate="0" complexity="0"><methods/><lines><line number="8" hits="194"/><line number="9" hits="311"/><line number="13" hits="20"/><line number="14" hits="26"/><line number="18" hits="1603"/><line number="19" hits="1603"/><line number="20" hits="1561"/><line number="21" hits="42"/><line number="26" hits="14"/><line number="27" hits="20"/><line number="31" hits="457"/><line number="32" hits="457"/><line number="33" hits="435"/><line number="34" hits="22"/><line number="39" hits="12"/><line number="40" hits="17"/><line number="44" hits="19"/><line number="45" hits="19"/><line number="46" hits="15"/><line number="47" hits="4"/><line number="52" hits="5"/><line number="53" hits="8"/><line number="57" hits="126"/><line number="58" hits="126"/><line number="59" hits="115"/><line number="60" hits="11"/><line number="65" hits="6"/><line number="66" hits="8"/><line number="70" hits="0"/><line number="71" hits="0"/><line number="72" hits="0"/><line number="73" hits="0"/><line number="74" hits="0"/><line number="79" hits="5"/><line number="80" hits="5"/><line number="84" hits="6"/><line number="85" hits="9"/><line number="89" hits="0"/><line number="90" hits="0"/><line number="91" hits="0"/><line number="92" hits="0"/><line number="97" hits="3"/><line number="98" hits="3"/><line number="102" hits="0"/><line number="103" hits="0"/><line number="107" hits="0"/><line number="108" hits="0"/><line number="112" hits="0"/><line number="113" hits="0"/><line number="117" hits="0"/><line number="118" hits="0"/><line number="122" hits="0"/><line number="123" hits="0"/><line number="127" hits="0"/><line number="128" hits="0"/><line number="129" hits="0"/><line number="130" hits="0"/></lines></class><class name="procedure" filename="src/value/procedure.rs" line-rate="0.34285714285714286" branch-rate="0" complexity="0"><methods/><lines><line number="64" hits="19973"/><line number="65" hits="19973"/><line number="67" hits="429"/><line number="68" hits="429"/><line number="69" hits="429"/><line number="70" hits="429"/><line number="71" hits="429"/><line number="73" hits="429"/><line number="74" hits="429"/><line number="75" hits="429"/><line number="77" hits="19405"/><line number="79" hits="19405"/><line number="80" hits="19405"/><line number="82" hits="82"/><line number="84" hits="82"/><line number="85" hits="82"/><line number="87" hits="0"/><line number="89" hits="0"/><line number="91" hits="0"/><line number="93" hits="57"/><line number="94" hits="57"/><line number="95" hits="57"/><line number="96" hits="57"/><line number="98" hits="57"/><line number="99" hits="57"/><line number="106" hits="0"/><line number="107" hits="0"/><line number="110" hits="0"/><line number="111" hits="0"/><line number="112" hits="0"/><line number="113" hits="0"/><line number="115" hits="0"/><line number="116" hits="0"/><line number="117" hits="0"/><line number="118" hits="0"/><line number="119" hits="0"/><line number="121" hits="0"/><line number="122" hits="0"/><line number="123" hits="0"/><line number="124" hits="0"/><line number="125" hits="0"/><line number="129" hits="0"/><line number="130" hits="0"/><line number="131" hits="0"/><line number="133" hits="0"/><line number="134" hits="0"/><line number="135" hits="0"/><line number="136" hits="0"/><line number="138" hits="0"/><line number="141" hits="0"/><line number="142" hits="0"/><line number="143" hits="0"/><line number="145" hits="0"/><line number="146" hits="0"/><line number="147" hits="0"/><line number="148" hits="0"/><line number="150" hits="0"/><line number="152" hits="0"/><line number="155" hits="0"/><line number="158" hits="0"/><line number="159" hits="0"/><line number="160" hits="0"/><line number="161" hits="0"/><line number="163" hits="0"/><line number="170" hits="95"/><line number="171" hits="98"/><line number="175" hits="0"/><line number="176" hits="0"/><line number="177" hits="0"/><line number="178" hits="0"/></lines></class><class name="record" filename="src/value/record.rs" line-rate="0.8" branch-rate="0" complexity="0"><methods/><lines><line number="29" hits="0"/><line number="30" hits="0"/><line number="34" hits="25"/><line number="35" hits="25"/><line number="36" hits="23"/><line number="37" hits="2"/><line number="42" hits="9"/><line number="43" hits="9"/><line number="44" hits="7"/><line number="45" hits="2"/></lines></class></classes></package><package name="src/optimization" line-rate="0" branch-rate="0" complexity="0"><classes><class name="verified_optimization" filename="src/optimization/verified_optimization.rs" line-rate="0" branch-rate="0" complexity="0"><methods/><lines><line number="27" hits="0"/><line number="28" hits="0"/></lines></class></classes></package><package name="src/bin" line-rate="0" branch-rate="0" complexity="0"><classes><class name="repl" filename="src/bin/repl.rs" line-rate="0" branch-rate="0" complexity="0"><methods/><lines><line number="422" hits="0"/><line number="424" hits="0"/><line number="425" hits="0"/><line number="426" hits="0"/><line number="427" hits="0"/><line number="429" hits="0"/><line number="430" hits="0"/><line number="432" hits="0"/><line number="433" hits="0"/><line number="435" hits="0"/><line number="437" hits="0"/><line number="438" hits="0"/><line number="440" hits="0"/><line number="445" hits="0"/><line number="447" hits="0"/><line number="451" hits="0"/><line number="453" hits="0"/><line number="454" hits="0"/><line number="455" hits="0"/><line number="459" hits="0"/><line number="460" hits="0"/><line number="461" hits="0"/><line number="462" hits="0"/><line number="463" hits="0"/><line number="464" hits="0"/><line number="468" hits="0"/><line number="471" hits="0"/><line number="475" hits="0"/><line number="476" hits="0"/><line number="479" hits="0"/><line number="487" hits="0"/><line number="490" hits="0"/><line number="491" hits="0"/></lines></class></classes></package></packages></coverage>