SF:/Users/makasaka/lambdust/src/ast.rs
FN:94,_RNvMs0_NtCs7MhAtEGo3Fx_8lambdust3astNtB5_4Expr10is_literal
FN:99,_RNvMs0_NtCs7MhAtEGo3Fx_8lambdust3astNtB5_4Expr11is_variable
FN:109,_RNvMs0_NtCs7MhAtEGo3Fx_8lambdust3astNtB5_4Expr13is_empty_list
FN:131,_RNvMs0_NtCs7MhAtEGo3Fx_8lambdust3astNtB5_4Expr14to_proper_list
FN:123,_RNvMs0_NtCs7MhAtEGo3Fx_8lambdust3astNtB5_4Expr7as_list
FN:104,_RNvMs0_NtCs7MhAtEGo3Fx_8lambdust3astNtB5_4Expr7is_list
FN:233,_RNvMs1_NtCs7MhAtEGo3Fx_8lambdust3astNtB5_7Literal12as_character
FN:228,_RNvMs1_NtCs7MhAtEGo3Fx_8lambdust3astNtB5_7Literal12is_character
FN:207,_RNvMs1_NtCs7MhAtEGo3Fx_8lambdust3astNtB5_7Literal9as_number
FN:220,_RNvMs1_NtCs7MhAtEGo3Fx_8lambdust3astNtB5_7Literal9as_string
FN:202,_RNvMs1_NtCs7MhAtEGo3Fx_8lambdust3astNtB5_7Literal9is_number
FN:215,_RNvMs1_NtCs7MhAtEGo3Fx_8lambdust3astNtB5_7Literal9is_string
FN:197,_RNvMs1_NtCs7MhAtEGo3Fx_8lambdust3astNtB5_7Literal9is_truthy
FN:263,_RNvNtNtCs7MhAtEGo3Fx_8lambdust3ast5testss_17test_expr_display
FN:246,_RNvNtNtCs7MhAtEGo3Fx_8lambdust3ast5testss_20test_literal_display
FN:297,_RNvNtNtCs7MhAtEGo3Fx_8lambdust3ast5testss_22test_operator_operands
FN:273,_RNvNtNtCs7MhAtEGo3Fx_8lambdust3ast5testss_27test_special_form_detection
FN:187,_RNvMs0_NtCs7MhAtEGo3Fx_8lambdust3astNtB5_4Expr12get_operands
FN:179,_RNvMs0_NtCs7MhAtEGo3Fx_8lambdust3astNtB5_4Expr12get_operator
FN:148,_RNvMs0_NtCs7MhAtEGo3Fx_8lambdust3astNtB5_4Expr15is_special_form
FN:115,_RNvMs0_NtCs7MhAtEGo3Fx_8lambdust3astNtB5_4Expr9as_symbol
FN:43,_RNvXNtCs7MhAtEGo3Fx_8lambdust3astNtB2_4ExprNtNtCsaTRkahAGrLL_4core3fmt7Display3fmt
FN:76,_RNvXs_NtCs7MhAtEGo3Fx_8lambdust3astNtB4_7LiteralNtNtCsaTRkahAGrLL_4core3fmt7Display3fmt
FNDA:0,_RNvMs0_NtCs7MhAtEGo3Fx_8lambdust3astNtB5_4Expr10is_literal
FNDA:0,_RNvMs0_NtCs7MhAtEGo3Fx_8lambdust3astNtB5_4Expr11is_variable
FNDA:0,_RNvMs0_NtCs7MhAtEGo3Fx_8lambdust3astNtB5_4Expr13is_empty_list
FNDA:0,_RNvMs0_NtCs7MhAtEGo3Fx_8lambdust3astNtB5_4Expr14to_proper_list
FNDA:0,_RNvMs0_NtCs7MhAtEGo3Fx_8lambdust3astNtB5_4Expr7as_list
FNDA:0,_RNvMs0_NtCs7MhAtEGo3Fx_8lambdust3astNtB5_4Expr7is_list
FNDA:0,_RNvMs1_NtCs7MhAtEGo3Fx_8lambdust3astNtB5_7Literal12as_character
FNDA:0,_RNvMs1_NtCs7MhAtEGo3Fx_8lambdust3astNtB5_7Literal12is_character
FNDA:0,_RNvMs1_NtCs7MhAtEGo3Fx_8lambdust3astNtB5_7Literal9as_number
FNDA:0,_RNvMs1_NtCs7MhAtEGo3Fx_8lambdust3astNtB5_7Literal9as_string
FNDA:0,_RNvMs1_NtCs7MhAtEGo3Fx_8lambdust3astNtB5_7Literal9is_number
FNDA:0,_RNvMs1_NtCs7MhAtEGo3Fx_8lambdust3astNtB5_7Literal9is_string
FNDA:0,_RNvMs1_NtCs7MhAtEGo3Fx_8lambdust3astNtB5_7Literal9is_truthy
FNDA:1,_RNvNtNtCs7MhAtEGo3Fx_8lambdust3ast5testss_17test_expr_display
FNDA:1,_RNvNtNtCs7MhAtEGo3Fx_8lambdust3ast5testss_20test_literal_display
FNDA:1,_RNvNtNtCs7MhAtEGo3Fx_8lambdust3ast5testss_22test_operator_operands
FNDA:1,_RNvNtNtCs7MhAtEGo3Fx_8lambdust3ast5testss_27test_special_form_detection
FNDA:1,_RNvMs0_NtCs7MhAtEGo3Fx_8lambdust3astNtB5_4Expr12get_operands
FNDA:1,_RNvMs0_NtCs7MhAtEGo3Fx_8lambdust3astNtB5_4Expr12get_operator
FNDA:3,_RNvMs0_NtCs7MhAtEGo3Fx_8lambdust3astNtB5_4Expr15is_special_form
FNDA:1,_RNvMs0_NtCs7MhAtEGo3Fx_8lambdust3astNtB5_4Expr9as_symbol
FNDA:4,_RNvXNtCs7MhAtEGo3Fx_8lambdust3astNtB2_4ExprNtNtCsaTRkahAGrLL_4core3fmt7Display3fmt
FNDA:9,_RNvXs_NtCs7MhAtEGo3Fx_8lambdust3astNtB4_7LiteralNtNtCsaTRkahAGrLL_4core3fmt7Display3fmt
FNF:23
FNH:10
DA:43,4
DA:44,4
DA:45,2
DA:46,1
DA:47,1
DA:48,1
DA:49,3
DA:50,3
DA:51,2
DA:52,1
DA:53,3
DA:55,1
DA:57,0
DA:58,0
DA:59,0
DA:60,0
DA:61,0
DA:62,0
DA:63,0
DA:64,0
DA:65,0
DA:66,0
DA:67,0
DA:69,0
DA:72,4
DA:76,9
DA:77,9
DA:78,2
DA:79,3
DA:80,1
DA:81,2
DA:82,1
DA:83,0
DA:84,0
DA:85,1
DA:87,1
DA:89,9
DA:94,0
DA:95,0
DA:96,0
DA:99,0
DA:100,0
DA:101,0
DA:104,0
DA:105,0
DA:106,0
DA:109,0
DA:110,0
DA:111,0
DA:112,0
DA:115,1
DA:116,1
DA:117,1
DA:118,0
DA:120,1
DA:123,0
DA:124,0
DA:125,0
DA:126,0
DA:128,0
DA:131,0
DA:132,0
DA:133,0
DA:134,0
DA:135,0
DA:136,0
DA:137,0
DA:138,0
DA:140,0
DA:143,0
DA:145,0
DA:148,3
DA:149,3
DA:150,3
DA:151,3
DA:152,3
DA:153,3
DA:154,2
DA:155,1
DA:156,1
DA:157,1
DA:158,1
DA:159,1
DA:160,1
DA:161,1
DA:162,1
DA:163,1
DA:164,1
DA:165,1
DA:166,1
DA:167,1
DA:168,1
DA:169,1
DA:170,1
DA:172,0
DA:174,0
DA:176,3
DA:179,1
DA:180,1
DA:181,1
DA:182,0
DA:184,1
DA:187,1
DA:188,1
DA:189,1
DA:190,0
DA:192,1
DA:197,0
DA:198,0
DA:199,0
DA:202,0
DA:203,0
DA:204,0
DA:207,0
DA:208,0
DA:209,0
DA:210,0
DA:212,0
DA:215,0
DA:216,0
DA:217,0
DA:220,0
DA:221,0
DA:222,0
DA:223,0
DA:225,0
DA:228,0
DA:229,0
DA:230,0
DA:233,0
DA:234,0
DA:235,0
DA:236,0
DA:238,0
DA:246,1
DA:247,1
DA:248,1
DA:249,1
DA:250,1
DA:251,1
DA:252,1
DA:253,1
DA:254,1
DA:255,1
DA:256,1
DA:257,1
DA:258,1
DA:259,1
DA:260,1
DA:263,1
DA:264,1
DA:265,1
DA:266,1
DA:267,1
DA:268,1
DA:269,1
DA:270,1
DA:273,1
DA:274,1
DA:275,1
DA:276,1
DA:277,1
DA:278,1
DA:279,1
DA:281,1
DA:282,1
DA:283,1
DA:284,1
DA:285,1
DA:286,1
DA:288,1
DA:289,1
DA:290,1
DA:291,1
DA:292,1
DA:293,1
DA:294,1
DA:297,1
DA:298,1
DA:299,1
DA:300,1
DA:301,1
DA:302,1
DA:303,1
DA:304,1
DA:305,1
DA:306,1
BRF:0
BRH:0
LF:187
LH:112
end_of_record
SF:/Users/makasaka/lambdust/src/bridge.rs
FN:178,_RINvMs1_NtCs7MhAtEGo3Fx_8lambdust6bridgeNtB6_14ObjectRegistry15register_objectpEB8_
FN:198,_RINvMs1_NtCs7MhAtEGo3Fx_8lambdust6bridgeNtB6_14ObjectRegistry18register_converterpEB8_
FN:385,_RINvMs3_NtCs7MhAtEGo3Fx_8lambdust6bridgeNtB6_14LambdustBridge15register_objectpEB8_
FN:205,_RNCINvMs1_NtCs7MhAtEGo3Fx_8lambdust6bridgeNtB8_14ObjectRegistry18register_converterpE0Ba_
FN:418,_RNCNvMs3_NtCs7MhAtEGo3Fx_8lambdust6bridgeNtB7_14LambdustBridge9load_file0B9_
FN:214,_RNvMs1_NtCs7MhAtEGo3Fx_8lambdust6bridgeNtB5_14ObjectRegistry10get_object
FN:219,_RNvMs1_NtCs7MhAtEGo3Fx_8lambdust6bridgeNtB5_14ObjectRegistry12get_function
FN:224,_RNvMs1_NtCs7MhAtEGo3Fx_8lambdust6bridgeNtB5_14ObjectRegistry15object_to_value
FN:416,_RNvMs3_NtCs7MhAtEGo3Fx_8lambdust6bridgeNtB5_14LambdustBridge9load_file
FN:130,_RNvXNtCs7MhAtEGo3Fx_8lambdust6bridgeNtB2_14ExternalObjectNtNtCsaTRkahAGrLL_4core3cmp9PartialEq2eq
FN:157,_RNvXs0_NtCs7MhAtEGo3Fx_8lambdust6bridgeNtB5_14ObjectRegistryNtNtCsaTRkahAGrLL_4core3fmt5Debug3fmt
FN:235,_RNvXs2_NtCs7MhAtEGo3Fx_8lambdust6bridgeNtB5_14ObjectRegistryNtNtCsaTRkahAGrLL_4core7default7Default7default
FN:429,_RNvXs4_NtCs7MhAtEGo3Fx_8lambdust6bridgeNtB5_14LambdustBridgeNtNtCsaTRkahAGrLL_4core7default7Default7default
FN:464,_RNvXs6_NtCs7MhAtEGo3Fx_8lambdust6bridgeNtB5_16CallableFunctionNtNtCsaTRkahAGrLL_4core3fmt5Debug3fmt
FN:475,_RNvXs7_NtCs7MhAtEGo3Fx_8lambdust6bridgelNtB5_8ToScheme9to_scheme
FN:136,_RNvXs_NtCs7MhAtEGo3Fx_8lambdust6bridgeDNtB4_8CallableEL_NtNtCsaTRkahAGrLL_4core3cmp9PartialEq2eq
FN:499,_RNvXsb_NtCs7MhAtEGo3Fx_8lambdust6bridgeNtNtCsfmASsVe1tYz_5alloc6string6StringNtB5_8ToScheme9to_scheme
FN:524,_RNvXse_NtCs7MhAtEGo3Fx_8lambdust6bridgedNtB5_10FromScheme11from_scheme
FN:543,_RNvXsg_NtCs7MhAtEGo3Fx_8lambdust6bridgeNtNtCsfmASsVe1tYz_5alloc6string6StringNtB5_10FromScheme11from_scheme
FN:567,_RNCNvNtNtCs7MhAtEGo3Fx_8lambdust6bridge5testss_22test_register_function0B7_
FN:393,_RINvMs3_NtCs7MhAtEGo3Fx_8lambdust6bridgeNtB6_14LambdustBridge17register_functionNCNvNtB6_5testss_22test_register_function0EB8_
FN:349,_RNCNvMs3_NtCs7MhAtEGo3Fx_8lambdust6bridgeNtB7_14LambdustBridge20add_bridge_functions0B9_
FN:375,_RNCNvMs3_NtCs7MhAtEGo3Fx_8lambdust6bridgeNtB7_14LambdustBridge20add_bridge_functionss0_0B9_
FN:362,_RNCNvMs3_NtCs7MhAtEGo3Fx_8lambdust6bridgeNtB7_14LambdustBridge20add_bridge_functionss_0B9_
FN:193,_RNvMs1_NtCs7MhAtEGo3Fx_8lambdust6bridgeNtB5_14ObjectRegistry17register_function
FN:168,_RNvMs1_NtCs7MhAtEGo3Fx_8lambdust6bridgeNtB5_14ObjectRegistry3new
FN:340,_RNvMs3_NtCs7MhAtEGo3Fx_8lambdust6bridgeNtB5_14LambdustBridge20add_bridge_functions
FN:326,_RNvMs3_NtCs7MhAtEGo3Fx_8lambdust6bridgeNtB5_14LambdustBridge3new
FN:410,_RNvMs3_NtCs7MhAtEGo3Fx_8lambdust6bridgeNtB5_14LambdustBridge4eval
FN:423,_RNvMs3_NtCs7MhAtEGo3Fx_8lambdust6bridgeNtB5_14LambdustBridge6define
FN:445,_RNvXs5_NtCs7MhAtEGo3Fx_8lambdust6bridgeNtB5_16CallableFunctionNtB5_8Callable4call
FN:458,_RNvXs5_NtCs7MhAtEGo3Fx_8lambdust6bridgeNtB5_16CallableFunctionNtB5_8Callable4name
FN:454,_RNvXs5_NtCs7MhAtEGo3Fx_8lambdust6bridgeNtB5_16CallableFunctionNtB5_8Callable5arity
FN:481,_RNvXs8_NtCs7MhAtEGo3Fx_8lambdust6bridgexNtB5_8ToScheme9to_scheme
FN:487,_RNvXs9_NtCs7MhAtEGo3Fx_8lambdust6bridgedNtB5_8ToScheme9to_scheme
FN:493,_RNvXsa_NtCs7MhAtEGo3Fx_8lambdust6bridgebNtB5_8ToScheme9to_scheme
FN:505,_RNvXsc_NtCs7MhAtEGo3Fx_8lambdust6bridgeReNtB5_8ToScheme9to_scheme
FN:511,_RNvXsd_NtCs7MhAtEGo3Fx_8lambdust6bridgexNtB5_10FromScheme11from_scheme
FN:537,_RNvXsf_NtCs7MhAtEGo3Fx_8lambdust6bridgebNtB5_10FromScheme11from_scheme
FN:557,_RNvNtNtCs7MhAtEGo3Fx_8lambdust6bridge5testss_20test_bridge_creation
FN:602,_RNvNtNtCs7MhAtEGo3Fx_8lambdust6bridge5testss_20test_define_variable
FN:585,_RNvNtNtCs7MhAtEGo3Fx_8lambdust6bridge5testss_20test_type_conversion
FN:564,_RNvNtNtCs7MhAtEGo3Fx_8lambdust6bridge5testss_22test_register_function
FNDA:0,_RINvMs1_NtCs7MhAtEGo3Fx_8lambdust6bridgeNtB6_14ObjectRegistry15register_objectpEB8_
FNDA:0,_RINvMs1_NtCs7MhAtEGo3Fx_8lambdust6bridgeNtB6_14ObjectRegistry18register_converterpEB8_
FNDA:0,_RINvMs3_NtCs7MhAtEGo3Fx_8lambdust6bridgeNtB6_14LambdustBridge15register_objectpEB8_
FNDA:0,_RNCINvMs1_NtCs7MhAtEGo3Fx_8lambdust6bridgeNtB8_14ObjectRegistry18register_converterpE0Ba_
FNDA:0,_RNCNvMs3_NtCs7MhAtEGo3Fx_8lambdust6bridgeNtB7_14LambdustBridge9load_file0B9_
FNDA:0,_RNvMs1_NtCs7MhAtEGo3Fx_8lambdust6bridgeNtB5_14ObjectRegistry10get_object
FNDA:0,_RNvMs1_NtCs7MhAtEGo3Fx_8lambdust6bridgeNtB5_14ObjectRegistry12get_function
FNDA:0,_RNvMs1_NtCs7MhAtEGo3Fx_8lambdust6bridgeNtB5_14ObjectRegistry15object_to_value
FNDA:0,_RNvMs3_NtCs7MhAtEGo3Fx_8lambdust6bridgeNtB5_14LambdustBridge9load_file
FNDA:0,_RNvXNtCs7MhAtEGo3Fx_8lambdust6bridgeNtB2_14ExternalObjectNtNtCsaTRkahAGrLL_4core3cmp9PartialEq2eq
FNDA:0,_RNvXs0_NtCs7MhAtEGo3Fx_8lambdust6bridgeNtB5_14ObjectRegistryNtNtCsaTRkahAGrLL_4core3fmt5Debug3fmt
FNDA:0,_RNvXs2_NtCs7MhAtEGo3Fx_8lambdust6bridgeNtB5_14ObjectRegistryNtNtCsaTRkahAGrLL_4core7default7Default7default
FNDA:0,_RNvXs4_NtCs7MhAtEGo3Fx_8lambdust6bridgeNtB5_14LambdustBridgeNtNtCsaTRkahAGrLL_4core7default7Default7default
FNDA:0,_RNvXs6_NtCs7MhAtEGo3Fx_8lambdust6bridgeNtB5_16CallableFunctionNtNtCsaTRkahAGrLL_4core3fmt5Debug3fmt
FNDA:0,_RNvXs7_NtCs7MhAtEGo3Fx_8lambdust6bridgelNtB5_8ToScheme9to_scheme
FNDA:0,_RNvXs_NtCs7MhAtEGo3Fx_8lambdust6bridgeDNtB4_8CallableEL_NtNtCsaTRkahAGrLL_4core3cmp9PartialEq2eq
FNDA:0,_RNvXsb_NtCs7MhAtEGo3Fx_8lambdust6bridgeNtNtCsfmASsVe1tYz_5alloc6string6StringNtB5_8ToScheme9to_scheme
FNDA:0,_RNvXse_NtCs7MhAtEGo3Fx_8lambdust6bridgedNtB5_10FromScheme11from_scheme
FNDA:0,_RNvXsg_NtCs7MhAtEGo3Fx_8lambdust6bridgeNtNtCsfmASsVe1tYz_5alloc6string6StringNtB5_10FromScheme11from_scheme
FNDA:0,_RNCNvNtNtCs7MhAtEGo3Fx_8lambdust6bridge5testss_22test_register_function0B7_
FNDA:1,_RINvMs3_NtCs7MhAtEGo3Fx_8lambdust6bridgeNtB6_14LambdustBridge17register_functionNCNvNtB6_5testss_22test_register_function0EB8_
FNDA:0,_RNCNvMs3_NtCs7MhAtEGo3Fx_8lambdust6bridgeNtB7_14LambdustBridge20add_bridge_functions0B9_
FNDA:0,_RNCNvMs3_NtCs7MhAtEGo3Fx_8lambdust6bridgeNtB7_14LambdustBridge20add_bridge_functionss0_0B9_
FNDA:0,_RNCNvMs3_NtCs7MhAtEGo3Fx_8lambdust6bridgeNtB7_14LambdustBridge20add_bridge_functionss_0B9_
FNDA:1,_RNvMs1_NtCs7MhAtEGo3Fx_8lambdust6bridgeNtB5_14ObjectRegistry17register_function
FNDA:3,_RNvMs1_NtCs7MhAtEGo3Fx_8lambdust6bridgeNtB5_14ObjectRegistry3new
FNDA:3,_RNvMs3_NtCs7MhAtEGo3Fx_8lambdust6bridgeNtB5_14LambdustBridge20add_bridge_functions
FNDA:3,_RNvMs3_NtCs7MhAtEGo3Fx_8lambdust6bridgeNtB5_14LambdustBridge3new
FNDA:1,_RNvMs3_NtCs7MhAtEGo3Fx_8lambdust6bridgeNtB5_14LambdustBridge4eval
FNDA:1,_RNvMs3_NtCs7MhAtEGo3Fx_8lambdust6bridgeNtB5_14LambdustBridge6define
FNDA:0,_RNvXs5_NtCs7MhAtEGo3Fx_8lambdust6bridgeNtB5_16CallableFunctionNtB5_8Callable4call
FNDA:0,_RNvXs5_NtCs7MhAtEGo3Fx_8lambdust6bridgeNtB5_16CallableFunctionNtB5_8Callable4name
FNDA:0,_RNvXs5_NtCs7MhAtEGo3Fx_8lambdust6bridgeNtB5_16CallableFunctionNtB5_8Callable5arity
FNDA:1,_RNvXs8_NtCs7MhAtEGo3Fx_8lambdust6bridgexNtB5_8ToScheme9to_scheme
FNDA:1,_RNvXs9_NtCs7MhAtEGo3Fx_8lambdust6bridgedNtB5_8ToScheme9to_scheme
FNDA:1,_RNvXsa_NtCs7MhAtEGo3Fx_8lambdust6bridgebNtB5_8ToScheme9to_scheme
FNDA:1,_RNvXsc_NtCs7MhAtEGo3Fx_8lambdust6bridgeReNtB5_8ToScheme9to_scheme
FNDA:1,_RNvXsd_NtCs7MhAtEGo3Fx_8lambdust6bridgexNtB5_10FromScheme11from_scheme
FNDA:1,_RNvXsf_NtCs7MhAtEGo3Fx_8lambdust6bridgebNtB5_10FromScheme11from_scheme
FNDA:1,_RNvNtNtCs7MhAtEGo3Fx_8lambdust6bridge5testss_20test_bridge_creation
FNDA:1,_RNvNtNtCs7MhAtEGo3Fx_8lambdust6bridge5testss_20test_define_variable
FNDA:1,_RNvNtNtCs7MhAtEGo3Fx_8lambdust6bridge5testss_20test_type_conversion
FNDA:1,_RNvNtNtCs7MhAtEGo3Fx_8lambdust6bridge5testss_22test_register_function
FNF:43
FNH:17
DA:130,0
DA:131,0
DA:132,0
DA:136,0
DA:137,0
DA:138,0
DA:157,0
DA:158,0
DA:159,0
DA:160,0
DA:161,0
DA:162,0
DA:163,0
DA:168,3
DA:169,3
DA:170,3
DA:171,3
DA:172,3
DA:173,3
DA:174,3
DA:175,3
DA:178,0
DA:179,0
DA:180,0
DA:181,0
DA:182,0
DA:183,0
DA:184,0
DA:185,0
DA:186,0
DA:187,0
DA:188,0
DA:189,0
DA:190,0
DA:193,1
DA:194,1
DA:195,1
DA:198,0
DA:199,0
DA:200,0
DA:201,0
DA:202,0
DA:203,0
DA:204,0
DA:205,0
DA:206,0
DA:207,0
DA:209,0
DA:210,0
DA:211,0
DA:214,0
DA:215,0
DA:216,0
DA:219,0
DA:220,0
DA:221,0
DA:224,0
DA:225,0
DA:226,0
DA:229,0
DA:231,0
DA:235,0
DA:236,0
DA:237,0
DA:326,3
DA:327,3
DA:328,3
DA:329,3
DA:330,3
DA:331,3
DA:332,3
DA:333,3
DA:334,3
DA:335,3
DA:336,3
DA:337,3
DA:340,3
DA:341,3
DA:342,3
DA:343,3
DA:344,3
DA:345,3
DA:346,3
DA:347,3
DA:348,3
DA:349,3
DA:350,0
DA:351,0
DA:352,0
DA:353,3
DA:354,3
DA:355,3
DA:356,3
DA:357,3
DA:358,3
DA:359,3
DA:360,3
DA:361,3
DA:362,3
DA:363,0
DA:364,0
DA:365,0
DA:366,3
DA:367,3
DA:368,3
DA:369,3
DA:370,3
DA:371,3
DA:372,3
DA:373,3
DA:374,3
DA:375,3
DA:376,0
DA:377,0
DA:378,0
DA:379,3
DA:380,3
DA:381,3
DA:382,3
DA:385,0
DA:386,0
DA:387,0
DA:388,0
DA:389,0
DA:390,0
DA:393,1
DA:394,1
DA:395,1
DA:396,1
DA:397,1
DA:398,1
DA:399,1
DA:400,1
DA:401,1
DA:402,1
DA:403,1
DA:404,1
DA:405,1
DA:406,1
DA:407,1
DA:410,1
DA:411,1
DA:412,1
DA:413,1
DA:416,0
DA:417,0
DA:418,0
DA:419,0
DA:420,0
DA:423,1
DA:424,1
DA:425,1
DA:429,0
DA:430,0
DA:431,0
DA:445,0
DA:446,0
DA:447,0
DA:448,0
DA:449,0
DA:450,0
DA:451,0
DA:452,0
DA:454,0
DA:455,0
DA:456,0
DA:458,0
DA:459,0
DA:460,0
DA:464,0
DA:465,0
DA:466,0
DA:467,0
DA:468,0
DA:469,0
DA:475,0
DA:476,0
DA:477,0
DA:481,1
DA:482,1
DA:483,1
DA:487,1
DA:488,1
DA:489,1
DA:493,1
DA:494,1
DA:495,1
DA:499,0
DA:500,0
DA:501,0
DA:505,1
DA:506,1
DA:507,1
DA:511,1
DA:512,1
DA:513,1
DA:514,1
DA:515,0
DA:516,0
DA:518,0
DA:520,1
DA:524,0
DA:525,0
DA:526,0
DA:527,0
DA:528,0
DA:529,0
DA:531,0
DA:533,0
DA:537,1
DA:538,1
DA:539,1
DA:543,0
DA:544,0
DA:545,0
DA:546,0
DA:547,0
DA:549,0
DA:557,1
DA:558,1
DA:559,1
DA:560,1
DA:561,1
DA:564,1
DA:565,1
DA:566,1
DA:567,1
DA:568,0
DA:569,0
DA:570,0
DA:571,1
DA:572,1
DA:573,1
DA:574,1
DA:575,1
DA:576,1
DA:577,1
DA:578,1
DA:579,1
DA:580,1
DA:581,1
DA:582,1
DA:585,1
DA:586,1
DA:587,1
DA:588,1
DA:589,1
DA:590,1
DA:591,1
DA:592,1
DA:594,1
DA:595,1
DA:597,1
DA:598,1
DA:599,1
DA:602,1
DA:603,1
DA:604,1
DA:605,1
DA:606,1
DA:607,1
DA:608,1
BRF:0
BRH:0
LF:272
LH:140
end_of_record
SF:/Users/makasaka/lambdust/src/builtins/arithmetic.rs
FN:773,_RNCNCNvNtNtCs7MhAtEGo3Fx_8lambdust8builtins10arithmetic11numeric_max00B9_
FN:779,_RNCNCNvNtNtCs7MhAtEGo3Fx_8lambdust8builtins10arithmetic11numeric_max0s_0B9_
FN:742,_RNCNCNvNtNtCs7MhAtEGo3Fx_8lambdust8builtins10arithmetic11numeric_min00B9_
FN:748,_RNCNCNvNtNtCs7MhAtEGo3Fx_8lambdust8builtins10arithmetic11numeric_min0s_0B9_
FN:691,_RNCNCNvNtNtCs7MhAtEGo3Fx_8lambdust8builtins10arithmetic12numeric_expt00B9_
FN:694,_RNCNCNvNtNtCs7MhAtEGo3Fx_8lambdust8builtins10arithmetic12numeric_expt0s_0B9_
FN:362,_RNCNCNvNtNtCs7MhAtEGo3Fx_8lambdust8builtins10arithmetic13arithmetic_ge00B9_
FN:365,_RNCNCNvNtNtCs7MhAtEGo3Fx_8lambdust8builtins10arithmetic13arithmetic_ge0s_0B9_
FN:336,_RNCNCNvNtNtCs7MhAtEGo3Fx_8lambdust8builtins10arithmetic13arithmetic_gt00B9_
FN:339,_RNCNCNvNtNtCs7MhAtEGo3Fx_8lambdust8builtins10arithmetic13arithmetic_gt0s_0B9_
FN:310,_RNCNCNvNtNtCs7MhAtEGo3Fx_8lambdust8builtins10arithmetic13arithmetic_le00B9_
FN:313,_RNCNCNvNtNtCs7MhAtEGo3Fx_8lambdust8builtins10arithmetic13arithmetic_le0s_0B9_
FN:284,_RNCNCNvNtNtCs7MhAtEGo3Fx_8lambdust8builtins10arithmetic13arithmetic_lt00B9_
FN:287,_RNCNCNvNtNtCs7MhAtEGo3Fx_8lambdust8builtins10arithmetic13arithmetic_lt0s_0B9_
FN:470,_RNCNCNvNtNtCs7MhAtEGo3Fx_8lambdust8builtins10arithmetic14numeric_modulo00B9_
FN:473,_RNCNCNvNtNtCs7MhAtEGo3Fx_8lambdust8builtins10arithmetic14numeric_modulo0s_0B9_
FN:410,_RNCNCNvNtNtCs7MhAtEGo3Fx_8lambdust8builtins10arithmetic16numeric_quotient00B9_
FN:413,_RNCNCNvNtNtCs7MhAtEGo3Fx_8lambdust8builtins10arithmetic16numeric_quotient0s_0B9_
FN:440,_RNCNCNvNtNtCs7MhAtEGo3Fx_8lambdust8builtins10arithmetic17numeric_remainder00B9_
FN:443,_RNCNCNvNtNtCs7MhAtEGo3Fx_8lambdust8builtins10arithmetic17numeric_remainder0s_0B9_
FN:384,_RNCNvNtNtCs7MhAtEGo3Fx_8lambdust8builtins10arithmetic11numeric_abs0B7_
FN:497,_RNCNvNtNtCs7MhAtEGo3Fx_8lambdust8builtins10arithmetic11numeric_gcd0B7_
FN:525,_RNCNvNtNtCs7MhAtEGo3Fx_8lambdust8builtins10arithmetic11numeric_lcm0B7_
FN:766,_RNCNvNtNtCs7MhAtEGo3Fx_8lambdust8builtins10arithmetic11numeric_max0B7_
FN:735,_RNCNvNtNtCs7MhAtEGo3Fx_8lambdust8builtins10arithmetic11numeric_min0B7_
FN:686,_RNCNvNtNtCs7MhAtEGo3Fx_8lambdust8builtins10arithmetic12numeric_expt0B7_
FN:648,_RNCNvNtNtCs7MhAtEGo3Fx_8lambdust8builtins10arithmetic12numeric_sqrt0B7_
FN:248,_RNCNvNtNtCs7MhAtEGo3Fx_8lambdust8builtins10arithmetic13arithmetic_eq0B7_
FN:356,_RNCNvNtNtCs7MhAtEGo3Fx_8lambdust8builtins10arithmetic13arithmetic_ge0B7_
FN:330,_RNCNvNtNtCs7MhAtEGo3Fx_8lambdust8builtins10arithmetic13arithmetic_gt0B7_
FN:304,_RNCNvNtNtCs7MhAtEGo3Fx_8lambdust8builtins10arithmetic13arithmetic_le0B7_
FN:278,_RNCNvNtNtCs7MhAtEGo3Fx_8lambdust8builtins10arithmetic13arithmetic_lt0B7_
FN:556,_RNCNvNtNtCs7MhAtEGo3Fx_8lambdust8builtins10arithmetic13numeric_floor0B7_
FN:625,_RNCNvNtNtCs7MhAtEGo3Fx_8lambdust8builtins10arithmetic13numeric_round0B7_
FN:799,_RNCNvNtNtCs7MhAtEGo3Fx_8lambdust8builtins10arithmetic13predicate_odd0B7_
FN:112,_RNCNvNtNtCs7MhAtEGo3Fx_8lambdust8builtins10arithmetic14arithmetic_add0B7_
FN:196,_RNCNvNtNtCs7MhAtEGo3Fx_8lambdust8builtins10arithmetic14arithmetic_div0B7_
FN:175,_RNCNvNtNtCs7MhAtEGo3Fx_8lambdust8builtins10arithmetic14arithmetic_mul0B7_
FN:133,_RNCNvNtNtCs7MhAtEGo3Fx_8lambdust8builtins10arithmetic14arithmetic_sub0B7_
FN:465,_RNCNvNtNtCs7MhAtEGo3Fx_8lambdust8builtins10arithmetic14numeric_modulo0B7_
FN:819,_RNCNvNtNtCs7MhAtEGo3Fx_8lambdust8builtins10arithmetic14predicate_even0B7_
FN:839,_RNCNvNtNtCs7MhAtEGo3Fx_8lambdust8builtins10arithmetic14predicate_zero0B7_
FN:579,_RNCNvNtNtCs7MhAtEGo3Fx_8lambdust8builtins10arithmetic15numeric_ceiling0B7_
FN:405,_RNCNvNtNtCs7MhAtEGo3Fx_8lambdust8builtins10arithmetic16numeric_quotient0B7_
FN:602,_RNCNvNtNtCs7MhAtEGo3Fx_8lambdust8builtins10arithmetic16numeric_truncate0B7_
FN:435,_RNCNvNtNtCs7MhAtEGo3Fx_8lambdust8builtins10arithmetic17numeric_remainder0B7_
FN:881,_RNCNvNtNtCs7MhAtEGo3Fx_8lambdust8builtins10arithmetic18predicate_negative0B7_
FN:860,_RNCNvNtNtCs7MhAtEGo3Fx_8lambdust8builtins10arithmetic18predicate_positive0B7_
FN:920,_RNvNtNtCs7MhAtEGo3Fx_8lambdust8builtins10arithmetic10gcd_helper
FN:930,_RNvNtNtCs7MhAtEGo3Fx_8lambdust8builtins10arithmetic10lcm_helper
FN:48,_RNvNtNtCs7MhAtEGo3Fx_8lambdust8builtins10arithmetic11add_numbers
FN:85,_RNvNtNtCs7MhAtEGo3Fx_8lambdust8builtins10arithmetic11div_numbers
FN:72,_RNvNtNtCs7MhAtEGo3Fx_8lambdust8builtins10arithmetic11mul_numbers
FN:380,_RNvNtNtCs7MhAtEGo3Fx_8lambdust8builtins10arithmetic11numeric_abs
FN:493,_RNvNtNtCs7MhAtEGo3Fx_8lambdust8builtins10arithmetic11numeric_gcd
FN:521,_RNvNtNtCs7MhAtEGo3Fx_8lambdust8builtins10arithmetic11numeric_lcm
FN:762,_RNvNtNtCs7MhAtEGo3Fx_8lambdust8builtins10arithmetic11numeric_max
FN:731,_RNvNtNtCs7MhAtEGo3Fx_8lambdust8builtins10arithmetic11numeric_min
FN:59,_RNvNtNtCs7MhAtEGo3Fx_8lambdust8builtins10arithmetic11sub_numbers
FN:682,_RNvNtNtCs7MhAtEGo3Fx_8lambdust8builtins10arithmetic12numeric_expt
FN:644,_RNvNtNtCs7MhAtEGo3Fx_8lambdust8builtins10arithmetic12numeric_sqrt
FN:244,_RNvNtNtCs7MhAtEGo3Fx_8lambdust8builtins10arithmetic13arithmetic_eq
FN:352,_RNvNtNtCs7MhAtEGo3Fx_8lambdust8builtins10arithmetic13arithmetic_ge
FN:326,_RNvNtNtCs7MhAtEGo3Fx_8lambdust8builtins10arithmetic13arithmetic_gt
FN:300,_RNvNtNtCs7MhAtEGo3Fx_8lambdust8builtins10arithmetic13arithmetic_le
FN:274,_RNvNtNtCs7MhAtEGo3Fx_8lambdust8builtins10arithmetic13arithmetic_lt
FN:900,_RNvNtNtCs7MhAtEGo3Fx_8lambdust8builtins10arithmetic13numbers_equal
FN:552,_RNvNtNtCs7MhAtEGo3Fx_8lambdust8builtins10arithmetic13numeric_floor
FN:621,_RNvNtNtCs7MhAtEGo3Fx_8lambdust8builtins10arithmetic13numeric_round
FN:795,_RNvNtNtCs7MhAtEGo3Fx_8lambdust8builtins10arithmetic13predicate_odd
FN:108,_RNvNtNtCs7MhAtEGo3Fx_8lambdust8builtins10arithmetic14arithmetic_add
FN:192,_RNvNtNtCs7MhAtEGo3Fx_8lambdust8builtins10arithmetic14arithmetic_div
FN:171,_RNvNtNtCs7MhAtEGo3Fx_8lambdust8builtins10arithmetic14arithmetic_mul
FN:129,_RNvNtNtCs7MhAtEGo3Fx_8lambdust8builtins10arithmetic14arithmetic_sub
FN:461,_RNvNtNtCs7MhAtEGo3Fx_8lambdust8builtins10arithmetic14numeric_modulo
FN:815,_RNvNtNtCs7MhAtEGo3Fx_8lambdust8builtins10arithmetic14predicate_even
FN:835,_RNvNtNtCs7MhAtEGo3Fx_8lambdust8builtins10arithmetic14predicate_zero
FN:575,_RNvNtNtCs7MhAtEGo3Fx_8lambdust8builtins10arithmetic15numeric_ceiling
FN:910,_RNvNtNtCs7MhAtEGo3Fx_8lambdust8builtins10arithmetic16number_less_than
FN:401,_RNvNtNtCs7MhAtEGo3Fx_8lambdust8builtins10arithmetic16numeric_quotient
FN:598,_RNvNtNtCs7MhAtEGo3Fx_8lambdust8builtins10arithmetic16numeric_truncate
FN:431,_RNvNtNtCs7MhAtEGo3Fx_8lambdust8builtins10arithmetic17numeric_remainder
FN:877,_RNvNtNtCs7MhAtEGo3Fx_8lambdust8builtins10arithmetic18predicate_negative
FN:856,_RNvNtNtCs7MhAtEGo3Fx_8lambdust8builtins10arithmetic18predicate_positive
FN:9,_RNvNtNtCs7MhAtEGo3Fx_8lambdust8builtins10arithmetic29register_arithmetic_functions
FNDA:0,_RNCNCNvNtNtCs7MhAtEGo3Fx_8lambdust8builtins10arithmetic11numeric_max00B9_
FNDA:0,_RNCNCNvNtNtCs7MhAtEGo3Fx_8lambdust8builtins10arithmetic11numeric_max0s_0B9_
FNDA:0,_RNCNCNvNtNtCs7MhAtEGo3Fx_8lambdust8builtins10arithmetic11numeric_min00B9_
FNDA:0,_RNCNCNvNtNtCs7MhAtEGo3Fx_8lambdust8builtins10arithmetic11numeric_min0s_0B9_
FNDA:0,_RNCNCNvNtNtCs7MhAtEGo3Fx_8lambdust8builtins10arithmetic12numeric_expt00B9_
FNDA:0,_RNCNCNvNtNtCs7MhAtEGo3Fx_8lambdust8builtins10arithmetic12numeric_expt0s_0B9_
FNDA:0,_RNCNCNvNtNtCs7MhAtEGo3Fx_8lambdust8builtins10arithmetic13arithmetic_ge00B9_
FNDA:0,_RNCNCNvNtNtCs7MhAtEGo3Fx_8lambdust8builtins10arithmetic13arithmetic_ge0s_0B9_
FNDA:0,_RNCNCNvNtNtCs7MhAtEGo3Fx_8lambdust8builtins10arithmetic13arithmetic_gt00B9_
FNDA:0,_RNCNCNvNtNtCs7MhAtEGo3Fx_8lambdust8builtins10arithmetic13arithmetic_gt0s_0B9_
FNDA:0,_RNCNCNvNtNtCs7MhAtEGo3Fx_8lambdust8builtins10arithmetic13arithmetic_le00B9_
FNDA:0,_RNCNCNvNtNtCs7MhAtEGo3Fx_8lambdust8builtins10arithmetic13arithmetic_le0s_0B9_
FNDA:0,_RNCNCNvNtNtCs7MhAtEGo3Fx_8lambdust8builtins10arithmetic13arithmetic_lt00B9_
FNDA:0,_RNCNCNvNtNtCs7MhAtEGo3Fx_8lambdust8builtins10arithmetic13arithmetic_lt0s_0B9_
FNDA:0,_RNCNCNvNtNtCs7MhAtEGo3Fx_8lambdust8builtins10arithmetic14numeric_modulo00B9_
FNDA:0,_RNCNCNvNtNtCs7MhAtEGo3Fx_8lambdust8builtins10arithmetic14numeric_modulo0s_0B9_
FNDA:0,_RNCNCNvNtNtCs7MhAtEGo3Fx_8lambdust8builtins10arithmetic16numeric_quotient00B9_
FNDA:0,_RNCNCNvNtNtCs7MhAtEGo3Fx_8lambdust8builtins10arithmetic16numeric_quotient0s_0B9_
FNDA:0,_RNCNCNvNtNtCs7MhAtEGo3Fx_8lambdust8builtins10arithmetic17numeric_remainder00B9_
FNDA:0,_RNCNCNvNtNtCs7MhAtEGo3Fx_8lambdust8builtins10arithmetic17numeric_remainder0s_0B9_
FNDA:7,_RNCNvNtNtCs7MhAtEGo3Fx_8lambdust8builtins10arithmetic11numeric_abs0B7_
FNDA:0,_RNCNvNtNtCs7MhAtEGo3Fx_8lambdust8builtins10arithmetic11numeric_gcd0B7_
FNDA:0,_RNCNvNtNtCs7MhAtEGo3Fx_8lambdust8builtins10arithmetic11numeric_lcm0B7_
FNDA:0,_RNCNvNtNtCs7MhAtEGo3Fx_8lambdust8builtins10arithmetic11numeric_max0B7_
FNDA:0,_RNCNvNtNtCs7MhAtEGo3Fx_8lambdust8builtins10arithmetic11numeric_min0B7_
FNDA:0,_RNCNvNtNtCs7MhAtEGo3Fx_8lambdust8builtins10arithmetic12numeric_expt0B7_
FNDA:0,_RNCNvNtNtCs7MhAtEGo3Fx_8lambdust8builtins10arithmetic12numeric_sqrt0B7_
FNDA:0,_RNCNvNtNtCs7MhAtEGo3Fx_8lambdust8builtins10arithmetic13arithmetic_eq0B7_
FNDA:0,_RNCNvNtNtCs7MhAtEGo3Fx_8lambdust8builtins10arithmetic13arithmetic_ge0B7_
FNDA:0,_RNCNvNtNtCs7MhAtEGo3Fx_8lambdust8builtins10arithmetic13arithmetic_gt0B7_
FNDA:0,_RNCNvNtNtCs7MhAtEGo3Fx_8lambdust8builtins10arithmetic13arithmetic_le0B7_
FNDA:0,_RNCNvNtNtCs7MhAtEGo3Fx_8lambdust8builtins10arithmetic13arithmetic_lt0B7_
FNDA:0,_RNCNvNtNtCs7MhAtEGo3Fx_8lambdust8builtins10arithmetic13numeric_floor0B7_
FNDA:0,_RNCNvNtNtCs7MhAtEGo3Fx_8lambdust8builtins10arithmetic13numeric_round0B7_
FNDA:0,_RNCNvNtNtCs7MhAtEGo3Fx_8lambdust8builtins10arithmetic13predicate_odd0B7_
FNDA:7,_RNCNvNtNtCs7MhAtEGo3Fx_8lambdust8builtins10arithmetic14arithmetic_add0B7_
FNDA:0,_RNCNvNtNtCs7MhAtEGo3Fx_8lambdust8builtins10arithmetic14arithmetic_div0B7_
FNDA:6,_RNCNvNtNtCs7MhAtEGo3Fx_8lambdust8builtins10arithmetic14arithmetic_mul0B7_
FNDA:0,_RNCNvNtNtCs7MhAtEGo3Fx_8lambdust8builtins10arithmetic14arithmetic_sub0B7_
FNDA:0,_RNCNvNtNtCs7MhAtEGo3Fx_8lambdust8builtins10arithmetic14numeric_modulo0B7_
FNDA:0,_RNCNvNtNtCs7MhAtEGo3Fx_8lambdust8builtins10arithmetic14predicate_even0B7_
FNDA:0,_RNCNvNtNtCs7MhAtEGo3Fx_8lambdust8builtins10arithmetic14predicate_zero0B7_
FNDA:0,_RNCNvNtNtCs7MhAtEGo3Fx_8lambdust8builtins10arithmetic15numeric_ceiling0B7_
FNDA:0,_RNCNvNtNtCs7MhAtEGo3Fx_8lambdust8builtins10arithmetic16numeric_quotient0B7_
FNDA:0,_RNCNvNtNtCs7MhAtEGo3Fx_8lambdust8builtins10arithmetic16numeric_truncate0B7_
FNDA:0,_RNCNvNtNtCs7MhAtEGo3Fx_8lambdust8builtins10arithmetic17numeric_remainder0B7_
FNDA:0,_RNCNvNtNtCs7MhAtEGo3Fx_8lambdust8builtins10arithmetic18predicate_negative0B7_
FNDA:0,_RNCNvNtNtCs7MhAtEGo3Fx_8lambdust8builtins10arithmetic18predicate_positive0B7_
FNDA:0,_RNvNtNtCs7MhAtEGo3Fx_8lambdust8builtins10arithmetic10gcd_helper
FNDA:0,_RNvNtNtCs7MhAtEGo3Fx_8lambdust8builtins10arithmetic10lcm_helper
FNDA:18,_RNvNtNtCs7MhAtEGo3Fx_8lambdust8builtins10arithmetic11add_numbers
FNDA:0,_RNvNtNtCs7MhAtEGo3Fx_8lambdust8builtins10arithmetic11div_numbers
FNDA:13,_RNvNtNtCs7MhAtEGo3Fx_8lambdust8builtins10arithmetic11mul_numbers
FNDA:51,_RNvNtNtCs7MhAtEGo3Fx_8lambdust8builtins10arithmetic11numeric_abs
FNDA:51,_RNvNtNtCs7MhAtEGo3Fx_8lambdust8builtins10arithmetic11numeric_gcd
FNDA:51,_RNvNtNtCs7MhAtEGo3Fx_8lambdust8builtins10arithmetic11numeric_lcm
FNDA:51,_RNvNtNtCs7MhAtEGo3Fx_8lambdust8builtins10arithmetic11numeric_max
FNDA:51,_RNvNtNtCs7MhAtEGo3Fx_8lambdust8builtins10arithmetic11numeric_min
FNDA:0,_RNvNtNtCs7MhAtEGo3Fx_8lambdust8builtins10arithmetic11sub_numbers
FNDA:51,_RNvNtNtCs7MhAtEGo3Fx_8lambdust8builtins10arithmetic12numeric_expt
FNDA:51,_RNvNtNtCs7MhAtEGo3Fx_8lambdust8builtins10arithmetic12numeric_sqrt
FNDA:51,_RNvNtNtCs7MhAtEGo3Fx_8lambdust8builtins10arithmetic13arithmetic_eq
FNDA:51,_RNvNtNtCs7MhAtEGo3Fx_8lambdust8builtins10arithmetic13arithmetic_ge
FNDA:51,_RNvNtNtCs7MhAtEGo3Fx_8lambdust8builtins10arithmetic13arithmetic_gt
FNDA:51,_RNvNtNtCs7MhAtEGo3Fx_8lambdust8builtins10arithmetic13arithmetic_le
FNDA:51,_RNvNtNtCs7MhAtEGo3Fx_8lambdust8builtins10arithmetic13arithmetic_lt
FNDA:0,_RNvNtNtCs7MhAtEGo3Fx_8lambdust8builtins10arithmetic13numbers_equal
FNDA:51,_RNvNtNtCs7MhAtEGo3Fx_8lambdust8builtins10arithmetic13numeric_floor
FNDA:51,_RNvNtNtCs7MhAtEGo3Fx_8lambdust8builtins10arithmetic13numeric_round
FNDA:51,_RNvNtNtCs7MhAtEGo3Fx_8lambdust8builtins10arithmetic13predicate_odd
FNDA:51,_RNvNtNtCs7MhAtEGo3Fx_8lambdust8builtins10arithmetic14arithmetic_add
FNDA:51,_RNvNtNtCs7MhAtEGo3Fx_8lambdust8builtins10arithmetic14arithmetic_div
FNDA:51,_RNvNtNtCs7MhAtEGo3Fx_8lambdust8builtins10arithmetic14arithmetic_mul
FNDA:51,_RNvNtNtCs7MhAtEGo3Fx_8lambdust8builtins10arithmetic14arithmetic_sub
FNDA:51,_RNvNtNtCs7MhAtEGo3Fx_8lambdust8builtins10arithmetic14numeric_modulo
FNDA:51,_RNvNtNtCs7MhAtEGo3Fx_8lambdust8builtins10arithmetic14predicate_even
FNDA:51,_RNvNtNtCs7MhAtEGo3Fx_8lambdust8builtins10arithmetic14predicate_zero
FNDA:51,_RNvNtNtCs7MhAtEGo3Fx_8lambdust8builtins10arithmetic15numeric_ceiling
FNDA:0,_RNvNtNtCs7MhAtEGo3Fx_8lambdust8builtins10arithmetic16number_less_than
FNDA:51,_RNvNtNtCs7MhAtEGo3Fx_8lambdust8builtins10arithmetic16numeric_quotient
FNDA:51,_RNvNtNtCs7MhAtEGo3Fx_8lambdust8builtins10arithmetic16numeric_truncate
FNDA:51,_RNvNtNtCs7MhAtEGo3Fx_8lambdust8builtins10arithmetic17numeric_remainder
FNDA:51,_RNvNtNtCs7MhAtEGo3Fx_8lambdust8builtins10arithmetic18predicate_negative
FNDA:51,_RNvNtNtCs7MhAtEGo3Fx_8lambdust8builtins10arithmetic18predicate_positive
FNDA:51,_RNvNtNtCs7MhAtEGo3Fx_8lambdust8builtins10arithmetic29register_arithmetic_functions
FNF:85
FNH:34
DA:9,51
DA:10,51
DA:11,51
DA:12,51
DA:13,51
DA:14,51
DA:15,51
DA:16,51
DA:17,51
DA:18,51
DA:19,51
DA:20,51
DA:21,51
DA:22,51
DA:23,51
DA:24,51
DA:25,51
DA:26,51
DA:27,51
DA:28,51
DA:29,51
DA:30,51
DA:31,51
DA:32,51
DA:33,51
DA:34,51
DA:35,51
DA:36,51
DA:37,51
DA:38,51
DA:39,51
DA:40,51
DA:41,51
DA:42,51
DA:43,51
DA:44,51
DA:45,51
DA:48,18
DA:49,18
DA:50,18
DA:51,0
DA:52,0
DA:53,0
DA:54,0
DA:56,18
DA:59,0
DA:60,0
DA:61,0
DA:62,0
DA:63,0
DA:64,0
DA:65,0
DA:66,0
DA:67,0
DA:69,0
DA:72,13
DA:73,13
DA:74,13
DA:75,0
DA:76,0
DA:77,0
DA:78,0
DA:79,0
DA:80,0
DA:82,13
DA:85,0
DA:86,0
DA:87,0
DA:88,0
DA:89,0
DA:90,0
DA:91,0
DA:93,0
DA:96,0
DA:97,0
DA:98,0
DA:99,0
DA:100,0
DA:101,0
DA:102,0
DA:104,0
DA:108,51
DA:109,51
DA:110,51
DA:111,51
DA:112,51
DA:113,7
DA:114,25
DA:115,18
DA:116,18
DA:118,0
DA:119,0
DA:120,0
DA:121,0
DA:124,7
DA:125,51
DA:126,51
DA:127,51
DA:129,51
DA:130,51
DA:131,51
DA:132,51
DA:133,51
DA:134,0
DA:135,0
DA:136,0
DA:138,0
DA:139,0
DA:141,0
DA:142,0
DA:143,0
DA:144,0
DA:148,0
DA:149,0
DA:150,0
DA:151,0
DA:153,0
DA:154,0
DA:155,0
DA:156,0
DA:159,0
DA:162,0
DA:163,0
DA:164,0
DA:165,0
DA:167,51
DA:168,51
DA:169,51
DA:171,51
DA:172,51
DA:173,51
DA:174,51
DA:175,51
DA:176,6
DA:177,19
DA:178,13
DA:179,13
DA:181,0
DA:182,0
DA:183,0
DA:184,0
DA:187,6
DA:188,51
DA:189,51
DA:190,51
DA:192,51
DA:193,51
DA:194,51
DA:195,51
DA:196,51
DA:197,0
DA:198,0
DA:199,0
DA:201,0
DA:202,0
DA:204,0
DA:205,0
DA:206,0
DA:207,0
DA:209,0
DA:210,0
DA:212,0
DA:213,0
DA:214,0
DA:215,0
DA:219,0
DA:220,0
DA:221,0
DA:222,0
DA:224,0
DA:225,0
DA:226,0
DA:227,0
DA:230,0
DA:233,0
DA:234,0
DA:235,0
DA:236,0
DA:238,51
DA:239,51
DA:240,51
DA:244,51
DA:245,51
DA:246,51
DA:247,51
DA:248,51
DA:249,0
DA:250,0
DA:251,0
DA:253,0
DA:254,0
DA:255,0
DA:256,0
DA:257,0
DA:258,0
DA:259,0
DA:262,0
DA:263,0
DA:264,0
DA:265,0
DA:266,0
DA:267,0
DA:269,0
DA:270,51
DA:271,51
DA:272,51
DA:274,51
DA:275,51
DA:276,51
DA:277,51
DA:278,51
DA:279,0
DA:280,0
DA:281,0
DA:283,0
DA:284,0
DA:285,0
DA:286,0
DA:287,0
DA:288,0
DA:289,0
DA:291,0
DA:292,0
DA:293,0
DA:295,0
DA:296,51
DA:297,51
DA:298,51
DA:300,51
DA:301,51
DA:302,51
DA:303,51
DA:304,51
DA:305,0
DA:306,0
DA:307,0
DA:309,0
DA:310,0
DA:311,0
DA:312,0
DA:313,0
DA:314,0
DA:315,0
DA:317,0
DA:318,0
DA:319,0
DA:321,0
DA:322,51
DA:323,51
DA:324,51
DA:326,51
DA:327,51
DA:328,51
DA:329,51
DA:330,51
DA:331,0
DA:332,0
DA:333,0
DA:335,0
DA:336,0
DA:337,0
DA:338,0
DA:339,0
DA:340,0
DA:341,0
DA:343,0
DA:344,0
DA:345,0
DA:347,0
DA:348,51
DA:349,51
DA:350,51
DA:352,51
DA:353,51
DA:354,51
DA:355,51
DA:356,51
DA:357,0
DA:358,0
DA:359,0
DA:361,0
DA:362,0
DA:363,0
DA:364,0
DA:365,0
DA:366,0
DA:367,0
DA:369,0
DA:370,0
DA:371,0
DA:373,0
DA:374,51
DA:375,51
DA:376,51
DA:380,51
DA:381,51
DA:382,51
DA:383,51
DA:384,51
DA:385,7
DA:386,0
DA:387,7
DA:388,7
DA:389,7
DA:390,7
DA:391,0
DA:392,0
DA:393,0
DA:394,0
DA:395,0
DA:397,51
DA:398,51
DA:399,51
DA:401,51
DA:402,51
DA:403,51
DA:404,51
DA:405,51
DA:406,0
DA:407,0
DA:408,0
DA:410,0
DA:411,0
DA:412,0
DA:413,0
DA:414,0
DA:415,0
DA:417,0
DA:418,0
DA:419,0
DA:420,0
DA:422,0
DA:425,0
DA:427,51
DA:428,51
DA:429,51
DA:431,51
DA:432,51
DA:433,51
DA:434,51
DA:435,51
DA:436,0
DA:437,0
DA:438,0
DA:440,0
DA:441,0
DA:442,0
DA:443,0
DA:444,0
DA:445,0
DA:447,0
DA:448,0
DA:449,0
DA:450,0
DA:452,0
DA:455,0
DA:457,51
DA:458,51
DA:459,51
DA:461,51
DA:462,51
DA:463,51
DA:464,51
DA:465,51
DA:466,0
DA:467,0
DA:468,0
DA:470,0
DA:471,0
DA:472,0
DA:473,0
DA:474,0
DA:475,0
DA:477,0
DA:478,0
DA:479,0
DA:480,0
DA:483,0
DA:484,0
DA:487,0
DA:489,51
DA:490,51
DA:491,51
DA:493,51
DA:494,51
DA:495,51
DA:496,51
DA:497,51
DA:498,0
DA:499,0
DA:500,0
DA:501,0
DA:502,0
DA:503,0
DA:504,0
DA:505,0
DA:506,0
DA:507,0
DA:509,0
DA:510,0
DA:511,0
DA:512,0
DA:516,0
DA:517,51
DA:518,51
DA:519,51
DA:521,51
DA:522,51
DA:523,51
DA:524,51
DA:525,51
DA:526,0
DA:527,0
DA:528,0
DA:529,0
DA:530,0
DA:531,0
DA:532,0
DA:533,0
DA:534,0
DA:535,0
DA:536,0
DA:537,0
DA:540,0
DA:541,0
DA:542,0
DA:543,0
DA:547,0
DA:548,51
DA:549,51
DA:550,51
DA:552,51
DA:553,51
DA:554,51
DA:555,51
DA:556,51
DA:557,0
DA:558,0
DA:559,0
DA:560,0
DA:561,0
DA:562,0
DA:563,0
DA:564,0
DA:566,0
DA:567,0
DA:568,0
DA:569,0
DA:571,51
DA:572,51
DA:573,51
DA:575,51
DA:576,51
DA:577,51
DA:578,51
DA:579,51
DA:580,0
DA:581,0
DA:582,0
DA:583,0
DA:584,0
DA:585,0
DA:586,0
DA:587,0
DA:589,0
DA:590,0
DA:591,0
DA:592,0
DA:594,51
DA:595,51
DA:596,51
DA:598,51
DA:599,51
DA:600,51
DA:601,51
DA:602,51
DA:603,0
DA:604,0
DA:605,0
DA:606,0
DA:607,0
DA:608,0
DA:609,0
DA:610,0
DA:612,0
DA:613,0
DA:614,0
DA:615,0
DA:617,51
DA:618,51
DA:619,51
DA:621,51
DA:622,51
DA:623,51
DA:624,51
DA:625,51
DA:626,0
DA:627,0
DA:628,0
DA:629,0
DA:630,0
DA:631,0
DA:632,0
DA:633,0
DA:635,0
DA:636,0
DA:637,0
DA:638,0
DA:640,51
DA:641,51
DA:642,51
DA:644,51
DA:645,51
DA:646,51
DA:647,51
DA:648,51
DA:649,0
DA:650,0
DA:651,0
DA:652,0
DA:653,0
DA:654,0
DA:655,0
DA:656,0
DA:658,0
DA:659,0
DA:660,0
DA:662,0
DA:666,0
DA:667,0
DA:668,0
DA:670,0
DA:673,0
DA:674,0
DA:675,0
DA:676,0
DA:678,51
DA:679,51
DA:680,51
DA:682,51
DA:683,51
DA:684,51
DA:685,51
DA:686,51
DA:687,0
DA:688,0
DA:689,0
DA:691,0
DA:692,0
DA:693,0
DA:694,0
DA:695,0
DA:696,0
DA:698,0
DA:699,0
DA:700,0
DA:701,0
DA:702,0
DA:703,0
DA:705,0
DA:708,0
DA:709,0
DA:713,0
DA:714,0
DA:715,0
DA:716,0
DA:718,0
DA:719,0
DA:720,0
DA:721,0
DA:723,0
DA:724,0
DA:727,51
DA:728,51
DA:729,51
DA:731,51
DA:732,51
DA:733,51
DA:734,51
DA:735,51
DA:736,0
DA:737,0
DA:738,0
DA:740,0
DA:741,0
DA:742,0
DA:743,0
DA:744,0
DA:745,0
DA:747,0
DA:748,0
DA:749,0
DA:750,0
DA:752,0
DA:753,0
DA:754,0
DA:757,0
DA:758,51
DA:759,51
DA:760,51
DA:762,51
DA:763,51
DA:764,51
DA:765,51
DA:766,51
DA:767,0
DA:768,0
DA:769,0
DA:771,0
DA:772,0
DA:773,0
DA:774,0
DA:775,0
DA:776,0
DA:778,0
DA:779,0
DA:780,0
DA:781,0
DA:783,0
DA:784,0
DA:785,0
DA:788,0
DA:789,51
DA:790,51
DA:791,51
DA:795,51
DA:796,51
DA:797,51
DA:798,51
DA:799,51
DA:800,0
DA:801,0
DA:802,0
DA:803,0
DA:804,0
DA:805,0
DA:806,0
DA:807,0
DA:808,0
DA:809,0
DA:811,51
DA:812,51
DA:813,51
DA:815,51
DA:816,51
DA:817,51
DA:818,51
DA:819,51
DA:820,0
DA:821,0
DA:822,0
DA:823,0
DA:824,0
DA:825,0
DA:826,0
DA:827,0
DA:828,0
DA:829,0
DA:831,51
DA:832,51
DA:833,51
DA:835,51
DA:836,51
DA:837,51
DA:838,51
DA:839,51
DA:840,0
DA:841,0
DA:842,0
DA:843,0
DA:844,0
DA:845,0
DA:846,0
DA:847,0
DA:848,0
DA:849,0
DA:850,0
DA:852,51
DA:853,51
DA:854,51
DA:856,51
DA:857,51
DA:858,51
DA:859,51
DA:860,51
DA:861,0
DA:862,0
DA:863,0
DA:864,0
DA:865,0
DA:866,0
DA:867,0
DA:868,0
DA:869,0
DA:870,0
DA:871,0
DA:873,51
DA:874,51
DA:875,51
DA:877,51
DA:878,51
DA:879,51
DA:880,51
DA:881,51
DA:882,0
DA:883,0
DA:884,0
DA:885,0
DA:886,0
DA:887,0
DA:888,0
DA:889,0
DA:890,0
DA:891,0
DA:892,0
DA:894,51
DA:895,51
DA:896,51
DA:900,0
DA:901,0
DA:902,0
DA:903,0
DA:904,0
DA:905,0
DA:906,0
DA:908,0
DA:910,0
DA:911,0
DA:912,0
DA:913,0
DA:914,0
DA:915,0
DA:916,0
DA:918,0
DA:920,0
DA:921,0
DA:922,0
DA:923,0
DA:924,0
DA:925,0
DA:926,0
DA:927,0
DA:928,0
DA:930,0
DA:931,0
DA:932,0
DA:934,0
DA:936,0
BRF:0
BRH:0
LF:844
LH:290
end_of_record
SF:/Users/makasaka/lambdust/src/builtins/control_flow.rs
FN:65,_RNvNtNtCs7MhAtEGo3Fx_8lambdust8builtins12control_flow14raise_function
FN:23,_RNvNtNtCs7MhAtEGo3Fx_8lambdust8builtins12control_flow16call_cc_function
FN:127,_RNvNtNtCs7MhAtEGo3Fx_8lambdust8builtins12control_flow21dynamic_wind_function
FN:8,_RNvNtNtCs7MhAtEGo3Fx_8lambdust8builtins12control_flow31register_control_flow_functions
FN:85,_RNvNtNtCs7MhAtEGo3Fx_8lambdust8builtins12control_flow31with_exception_handler_function
FN:69,_RNCNvNtNtCs7MhAtEGo3Fx_8lambdust8builtins12control_flow14raise_function0B7_
FN:27,_RNCNvNtNtCs7MhAtEGo3Fx_8lambdust8builtins12control_flow16call_cc_function0B7_
FN:131,_RNCNvNtNtCs7MhAtEGo3Fx_8lambdust8builtins12control_flow21dynamic_wind_function0B7_
FN:89,_RNCNvNtNtCs7MhAtEGo3Fx_8lambdust8builtins12control_flow31with_exception_handler_function0B7_
FNDA:51,_RNvNtNtCs7MhAtEGo3Fx_8lambdust8builtins12control_flow14raise_function
FNDA:102,_RNvNtNtCs7MhAtEGo3Fx_8lambdust8builtins12control_flow16call_cc_function
FNDA:51,_RNvNtNtCs7MhAtEGo3Fx_8lambdust8builtins12control_flow21dynamic_wind_function
FNDA:51,_RNvNtNtCs7MhAtEGo3Fx_8lambdust8builtins12control_flow31register_control_flow_functions
FNDA:51,_RNvNtNtCs7MhAtEGo3Fx_8lambdust8builtins12control_flow31with_exception_handler_function
FNDA:0,_RNCNvNtNtCs7MhAtEGo3Fx_8lambdust8builtins12control_flow14raise_function0B7_
FNDA:0,_RNCNvNtNtCs7MhAtEGo3Fx_8lambdust8builtins12control_flow16call_cc_function0B7_
FNDA:0,_RNCNvNtNtCs7MhAtEGo3Fx_8lambdust8builtins12control_flow21dynamic_wind_function0B7_
FNDA:0,_RNCNvNtNtCs7MhAtEGo3Fx_8lambdust8builtins12control_flow31with_exception_handler_function0B7_
FNF:9
FNH:5
DA:8,51
DA:9,51
DA:10,51
DA:11,51
DA:12,51
DA:13,51
DA:14,51
DA:15,51
DA:16,51
DA:17,51
DA:18,51
DA:19,51
DA:20,51
DA:23,102
DA:24,102
DA:25,102
DA:26,102
DA:27,102
DA:28,0
DA:29,0
DA:30,0
DA:33,0
DA:34,0
DA:36,0
DA:37,0
DA:38,0
DA:39,0
DA:45,0
DA:46,0
DA:47,0
DA:48,0
DA:49,0
DA:50,0
DA:51,0
DA:52,0
DA:53,0
DA:54,0
DA:55,0
DA:56,0
DA:57,0
DA:58,0
DA:59,0
DA:60,102
DA:61,102
DA:62,102
DA:65,51
DA:66,51
DA:67,51
DA:68,51
DA:69,51
DA:70,0
DA:71,0
DA:72,0
DA:73,0
DA:74,0
DA:75,0
DA:76,0
DA:77,0
DA:78,0
DA:79,0
DA:80,51
DA:81,51
DA:82,51
DA:85,51
DA:86,51
DA:87,51
DA:88,51
DA:89,51
DA:90,0
DA:91,0
DA:92,0
DA:95,0
DA:96,0
DA:98,0
DA:99,0
DA:100,0
DA:101,0
DA:106,0
DA:107,0
DA:109,0
DA:110,0
DA:111,0
DA:112,0
DA:118,0
DA:119,0
DA:120,0
DA:121,0
DA:122,51
DA:123,51
DA:124,51
DA:127,51
DA:128,51
DA:129,51
DA:130,51
DA:131,51
DA:132,0
DA:133,0
DA:134,0
DA:137,0
DA:138,0
DA:140,0
DA:141,0
DA:142,0
DA:143,0
DA:148,0
DA:149,0
DA:151,0
DA:152,0
DA:153,0
DA:154,0
DA:159,0
DA:160,0
DA:162,0
DA:163,0
DA:164,0
DA:165,0
DA:171,0
DA:172,0
DA:173,0
DA:174,0
DA:175,0
DA:176,51
DA:177,51
DA:178,51
BRF:0
BRH:0
LF:132
LH:45
end_of_record
SF:/Users/makasaka/lambdust/src/builtins/error_handling.rs
FN:17,_RNCNvNtNtCs7MhAtEGo3Fx_8lambdust8builtins14error_handling14error_function0B7_
FN:13,_RNvNtNtCs7MhAtEGo3Fx_8lambdust8builtins14error_handling14error_function
FN:8,_RNvNtNtCs7MhAtEGo3Fx_8lambdust8builtins14error_handling24register_error_functions
FNDA:0,_RNCNvNtNtCs7MhAtEGo3Fx_8lambdust8builtins14error_handling14error_function0B7_
FNDA:51,_RNvNtNtCs7MhAtEGo3Fx_8lambdust8builtins14error_handling14error_function
FNDA:51,_RNvNtNtCs7MhAtEGo3Fx_8lambdust8builtins14error_handling24register_error_functions
FNF:3
FNH:2
DA:8,51
DA:9,51
DA:10,51
DA:13,51
DA:14,51
DA:15,51
DA:16,51
DA:17,51
DA:18,0
DA:19,0
DA:20,0
DA:21,0
DA:22,0
DA:23,0
DA:26,0
DA:27,0
DA:28,0
DA:29,0
DA:33,0
DA:34,0
DA:35,0
DA:36,0
DA:37,0
DA:38,0
DA:39,0
DA:40,0
DA:42,0
DA:44,0
DA:45,0
DA:46,0
DA:47,0
DA:48,51
DA:49,51
DA:50,51
BRF:0
BRH:0
LF:36
LH:11
end_of_record
SF:/Users/makasaka/lambdust/src/builtins/io.rs
FN:21,_RNvNtNtCs7MhAtEGo3Fx_8lambdust8builtins2io10io_display
FN:39,_RNvNtNtCs7MhAtEGo3Fx_8lambdust8builtins2io10io_newline
FN:96,_RNvNtNtCs7MhAtEGo3Fx_8lambdust8builtins2io12io_peek_char
FN:82,_RNvNtNtCs7MhAtEGo3Fx_8lambdust8builtins2io12io_read_char
FN:110,_RNvNtNtCs7MhAtEGo3Fx_8lambdust8builtins2io13io_write_char
FN:8,_RNvNtNtCs7MhAtEGo3Fx_8lambdust8builtins2io21register_io_functions
FN:53,_RNvNtNtCs7MhAtEGo3Fx_8lambdust8builtins2io7io_read
FN:67,_RNvNtNtCs7MhAtEGo3Fx_8lambdust8builtins2io8io_write
FN:25,_RNCNvNtNtCs7MhAtEGo3Fx_8lambdust8builtins2io10io_display0B7_
FN:43,_RNCNvNtNtCs7MhAtEGo3Fx_8lambdust8builtins2io10io_newline0B7_
FN:100,_RNCNvNtNtCs7MhAtEGo3Fx_8lambdust8builtins2io12io_peek_char0B7_
FN:86,_RNCNvNtNtCs7MhAtEGo3Fx_8lambdust8builtins2io12io_read_char0B7_
FN:114,_RNCNvNtNtCs7MhAtEGo3Fx_8lambdust8builtins2io13io_write_char0B7_
FN:57,_RNCNvNtNtCs7MhAtEGo3Fx_8lambdust8builtins2io7io_read0B7_
FN:71,_RNCNvNtNtCs7MhAtEGo3Fx_8lambdust8builtins2io8io_write0B7_
FNDA:51,_RNvNtNtCs7MhAtEGo3Fx_8lambdust8builtins2io10io_display
FNDA:51,_RNvNtNtCs7MhAtEGo3Fx_8lambdust8builtins2io10io_newline
FNDA:51,_RNvNtNtCs7MhAtEGo3Fx_8lambdust8builtins2io12io_peek_char
FNDA:51,_RNvNtNtCs7MhAtEGo3Fx_8lambdust8builtins2io12io_read_char
FNDA:51,_RNvNtNtCs7MhAtEGo3Fx_8lambdust8builtins2io13io_write_char
FNDA:51,_RNvNtNtCs7MhAtEGo3Fx_8lambdust8builtins2io21register_io_functions
FNDA:51,_RNvNtNtCs7MhAtEGo3Fx_8lambdust8builtins2io7io_read
FNDA:51,_RNvNtNtCs7MhAtEGo3Fx_8lambdust8builtins2io8io_write
FNDA:0,_RNCNvNtNtCs7MhAtEGo3Fx_8lambdust8builtins2io10io_display0B7_
FNDA:0,_RNCNvNtNtCs7MhAtEGo3Fx_8lambdust8builtins2io10io_newline0B7_
FNDA:0,_RNCNvNtNtCs7MhAtEGo3Fx_8lambdust8builtins2io12io_peek_char0B7_
FNDA:0,_RNCNvNtNtCs7MhAtEGo3Fx_8lambdust8builtins2io12io_read_char0B7_
FNDA:0,_RNCNvNtNtCs7MhAtEGo3Fx_8lambdust8builtins2io13io_write_char0B7_
FNDA:0,_RNCNvNtNtCs7MhAtEGo3Fx_8lambdust8builtins2io7io_read0B7_
FNDA:0,_RNCNvNtNtCs7MhAtEGo3Fx_8lambdust8builtins2io8io_write0B7_
FNF:15
FNH:8
DA:8,51
DA:9,51
DA:10,51
DA:11,51
DA:12,51
DA:13,51
DA:14,51
DA:15,51
DA:16,51
DA:17,51
DA:18,51
DA:19,51
DA:21,51
DA:22,51
DA:23,51
DA:24,51
DA:25,51
DA:26,0
DA:27,0
DA:28,0
DA:29,0
DA:30,0
DA:31,0
DA:33,0
DA:34,0
DA:35,51
DA:36,51
DA:37,51
DA:39,51
DA:40,51
DA:41,51
DA:42,51
DA:43,51
DA:44,0
DA:45,0
DA:46,0
DA:47,0
DA:48,0
DA:49,51
DA:50,51
DA:51,51
DA:53,51
DA:54,51
DA:55,51
DA:56,51
DA:57,51
DA:58,0
DA:59,0
DA:60,0
DA:61,0
DA:62,0
DA:63,51
DA:64,51
DA:65,51
DA:67,51
DA:68,51
DA:69,51
DA:70,51
DA:71,51
DA:72,0
DA:73,0
DA:74,0
DA:75,0
DA:76,0
DA:77,0
DA:78,51
DA:79,51
DA:80,51
DA:82,51
DA:83,51
DA:84,51
DA:85,51
DA:86,51
DA:87,0
DA:88,0
DA:89,0
DA:90,0
DA:91,0
DA:92,51
DA:93,51
DA:94,51
DA:96,51
DA:97,51
DA:98,51
DA:99,51
DA:100,51
DA:101,0
DA:102,0
DA:103,0
DA:104,0
DA:105,0
DA:106,51
DA:107,51
DA:108,51
DA:110,51
DA:111,51
DA:112,51
DA:113,51
DA:114,51
DA:115,0
DA:116,0
DA:117,0
DA:118,0
DA:119,0
DA:120,0
DA:121,0
DA:122,0
DA:123,0
DA:125,0
DA:126,0
DA:127,0
DA:128,0
DA:130,51
DA:131,51
DA:132,51
BRF:0
BRH:0
LF:129
LH:68
end_of_record
SF:/Users/makasaka/lambdust/src/builtins/lazy.rs
FN:119,_RNvNtNtNtCs7MhAtEGo3Fx_8lambdust8builtins4lazy5testss_18test_make_promises
FN:96,_RNvNtNtNtCs7MhAtEGo3Fx_8lambdust8builtins4lazy5testss_22test_promise_predicate
FN:24,_RNCNvNtNtCs7MhAtEGo3Fx_8lambdust8builtins4lazy14force_function0B7_
FN:43,_RNCNvNtNtCs7MhAtEGo3Fx_8lambdust8builtins4lazy17promise_predicate0B7_
FN:71,_RNvNtNtCs7MhAtEGo3Fx_8lambdust8builtins4lazy13force_promise
FN:20,_RNvNtNtCs7MhAtEGo3Fx_8lambdust8builtins4lazy14force_function
FN:54,_RNvNtNtCs7MhAtEGo3Fx_8lambdust8builtins4lazy17make_lazy_promise
FN:39,_RNvNtNtCs7MhAtEGo3Fx_8lambdust8builtins4lazy17promise_predicate
FN:61,_RNvNtNtCs7MhAtEGo3Fx_8lambdust8builtins4lazy18make_eager_promise
FN:13,_RNvNtNtCs7MhAtEGo3Fx_8lambdust8builtins4lazy23register_lazy_functions
FNDA:1,_RNvNtNtNtCs7MhAtEGo3Fx_8lambdust8builtins4lazy5testss_18test_make_promises
FNDA:1,_RNvNtNtNtCs7MhAtEGo3Fx_8lambdust8builtins4lazy5testss_22test_promise_predicate
FNDA:0,_RNCNvNtNtCs7MhAtEGo3Fx_8lambdust8builtins4lazy14force_function0B7_
FNDA:4,_RNCNvNtNtCs7MhAtEGo3Fx_8lambdust8builtins4lazy17promise_predicate0B7_
FNDA:3,_RNvNtNtCs7MhAtEGo3Fx_8lambdust8builtins4lazy13force_promise
FNDA:51,_RNvNtNtCs7MhAtEGo3Fx_8lambdust8builtins4lazy14force_function
FNDA:6,_RNvNtNtCs7MhAtEGo3Fx_8lambdust8builtins4lazy17make_lazy_promise
FNDA:52,_RNvNtNtCs7MhAtEGo3Fx_8lambdust8builtins4lazy17promise_predicate
FNDA:2,_RNvNtNtCs7MhAtEGo3Fx_8lambdust8builtins4lazy18make_eager_promise
FNDA:51,_RNvNtNtCs7MhAtEGo3Fx_8lambdust8builtins4lazy23register_lazy_functions
FNF:10
FNH:9
DA:13,51
DA:14,51
DA:15,51
DA:16,51
DA:17,51
DA:20,51
DA:21,51
DA:22,51
DA:23,51
DA:24,51
DA:25,0
DA:26,0
DA:27,0
DA:28,0
DA:29,0
DA:30,0
DA:31,0
DA:32,0
DA:33,0
DA:34,51
DA:35,51
DA:36,51
DA:39,52
DA:40,52
DA:41,52
DA:42,52
DA:43,52
DA:44,4
DA:45,0
DA:46,4
DA:48,4
DA:49,52
DA:50,52
DA:51,52
DA:54,6
DA:55,6
DA:56,6
DA:57,6
DA:58,6
DA:61,2
DA:62,2
DA:63,2
DA:64,2
DA:65,2
DA:66,2
DA:67,2
DA:71,3
DA:72,3
DA:73,3
DA:74,3
DA:75,3
DA:76,0
DA:77,3
DA:79,3
DA:82,3
DA:83,1
DA:84,2
DA:88,3
DA:96,1
DA:97,1
DA:98,1
DA:99,1
DA:100,1
DA:101,1
DA:102,1
DA:103,0
DA:105,1
DA:106,1
DA:109,1
DA:110,1
DA:111,1
DA:112,0
DA:114,1
DA:115,1
DA:116,1
DA:119,1
DA:120,1
DA:121,1
DA:122,1
DA:123,1
DA:130,1
DA:131,1
DA:132,1
DA:133,1
DA:134,1
DA:139,1
BRF:0
BRH:0
LF:90
LH:75
end_of_record
SF:/Users/makasaka/lambdust/src/builtins/list_ops.rs
FN:113,_RNvNtNtCs7MhAtEGo3Fx_8lambdust8builtins8list_ops11list_append
FN:92,_RNvNtNtCs7MhAtEGo3Fx_8lambdust8builtins8list_ops11list_length
FN:167,_RNvNtNtCs7MhAtEGo3Fx_8lambdust8builtins8list_ops12list_reverse
FN:191,_RNvNtNtCs7MhAtEGo3Fx_8lambdust8builtins8list_ops12list_set_car
FN:223,_RNvNtNtCs7MhAtEGo3Fx_8lambdust8builtins8list_ops12list_set_cdr
FN:280,_RNvNtNtCs7MhAtEGo3Fx_8lambdust8builtins8list_ops14predicate_list
FN:254,_RNvNtNtCs7MhAtEGo3Fx_8lambdust8builtins8list_ops14predicate_null
FN:267,_RNvNtNtCs7MhAtEGo3Fx_8lambdust8builtins8list_ops14predicate_pair
FN:8,_RNvNtNtCs7MhAtEGo3Fx_8lambdust8builtins8list_ops23register_list_functions
FN:30,_RNvNtNtCs7MhAtEGo3Fx_8lambdust8builtins8list_ops8list_car
FN:49,_RNvNtNtCs7MhAtEGo3Fx_8lambdust8builtins8list_ops8list_cdr
FN:68,_RNvNtNtCs7MhAtEGo3Fx_8lambdust8builtins8list_ops9list_cons
FN:84,_RNvNtNtCs7MhAtEGo3Fx_8lambdust8builtins8list_ops9list_list
FN:117,_RNCNvNtNtCs7MhAtEGo3Fx_8lambdust8builtins8list_ops11list_append0B7_
FN:96,_RNCNvNtNtCs7MhAtEGo3Fx_8lambdust8builtins8list_ops11list_length0B7_
FN:171,_RNCNvNtNtCs7MhAtEGo3Fx_8lambdust8builtins8list_ops12list_reverse0B7_
FN:195,_RNCNvNtNtCs7MhAtEGo3Fx_8lambdust8builtins8list_ops12list_set_car0B7_
FN:227,_RNCNvNtNtCs7MhAtEGo3Fx_8lambdust8builtins8list_ops12list_set_cdr0B7_
FN:284,_RNCNvNtNtCs7MhAtEGo3Fx_8lambdust8builtins8list_ops14predicate_list0B7_
FN:258,_RNCNvNtNtCs7MhAtEGo3Fx_8lambdust8builtins8list_ops14predicate_null0B7_
FN:271,_RNCNvNtNtCs7MhAtEGo3Fx_8lambdust8builtins8list_ops14predicate_pair0B7_
FN:34,_RNCNvNtNtCs7MhAtEGo3Fx_8lambdust8builtins8list_ops8list_car0B7_
FN:53,_RNCNvNtNtCs7MhAtEGo3Fx_8lambdust8builtins8list_ops8list_cdr0B7_
FN:72,_RNCNvNtNtCs7MhAtEGo3Fx_8lambdust8builtins8list_ops9list_cons0B7_
FN:88,_RNCNvNtNtCs7MhAtEGo3Fx_8lambdust8builtins8list_ops9list_list0B7_
FNDA:51,_RNvNtNtCs7MhAtEGo3Fx_8lambdust8builtins8list_ops11list_append
FNDA:51,_RNvNtNtCs7MhAtEGo3Fx_8lambdust8builtins8list_ops11list_length
FNDA:51,_RNvNtNtCs7MhAtEGo3Fx_8lambdust8builtins8list_ops12list_reverse
FNDA:51,_RNvNtNtCs7MhAtEGo3Fx_8lambdust8builtins8list_ops12list_set_car
FNDA:51,_RNvNtNtCs7MhAtEGo3Fx_8lambdust8builtins8list_ops12list_set_cdr
FNDA:51,_RNvNtNtCs7MhAtEGo3Fx_8lambdust8builtins8list_ops14predicate_list
FNDA:51,_RNvNtNtCs7MhAtEGo3Fx_8lambdust8builtins8list_ops14predicate_null
FNDA:51,_RNvNtNtCs7MhAtEGo3Fx_8lambdust8builtins8list_ops14predicate_pair
FNDA:51,_RNvNtNtCs7MhAtEGo3Fx_8lambdust8builtins8list_ops23register_list_functions
FNDA:51,_RNvNtNtCs7MhAtEGo3Fx_8lambdust8builtins8list_ops8list_car
FNDA:51,_RNvNtNtCs7MhAtEGo3Fx_8lambdust8builtins8list_ops8list_cdr
FNDA:51,_RNvNtNtCs7MhAtEGo3Fx_8lambdust8builtins8list_ops9list_cons
FNDA:51,_RNvNtNtCs7MhAtEGo3Fx_8lambdust8builtins8list_ops9list_list
FNDA:0,_RNCNvNtNtCs7MhAtEGo3Fx_8lambdust8builtins8list_ops11list_append0B7_
FNDA:0,_RNCNvNtNtCs7MhAtEGo3Fx_8lambdust8builtins8list_ops11list_length0B7_
FNDA:0,_RNCNvNtNtCs7MhAtEGo3Fx_8lambdust8builtins8list_ops12list_reverse0B7_
FNDA:0,_RNCNvNtNtCs7MhAtEGo3Fx_8lambdust8builtins8list_ops12list_set_car0B7_
FNDA:0,_RNCNvNtNtCs7MhAtEGo3Fx_8lambdust8builtins8list_ops12list_set_cdr0B7_
FNDA:0,_RNCNvNtNtCs7MhAtEGo3Fx_8lambdust8builtins8list_ops14predicate_list0B7_
FNDA:0,_RNCNvNtNtCs7MhAtEGo3Fx_8lambdust8builtins8list_ops14predicate_null0B7_
FNDA:0,_RNCNvNtNtCs7MhAtEGo3Fx_8lambdust8builtins8list_ops14predicate_pair0B7_
FNDA:0,_RNCNvNtNtCs7MhAtEGo3Fx_8lambdust8builtins8list_ops8list_car0B7_
FNDA:0,_RNCNvNtNtCs7MhAtEGo3Fx_8lambdust8builtins8list_ops8list_cdr0B7_
FNDA:0,_RNCNvNtNtCs7MhAtEGo3Fx_8lambdust8builtins8list_ops9list_cons0B7_
FNDA:0,_RNCNvNtNtCs7MhAtEGo3Fx_8lambdust8builtins8list_ops9list_list0B7_
FNF:25
FNH:13
DA:8,51
DA:9,51
DA:10,51
DA:11,51
DA:12,51
DA:13,51
DA:14,51
DA:15,51
DA:16,51
DA:17,51
DA:18,51
DA:19,51
DA:20,51
DA:21,51
DA:22,51
DA:23,51
DA:24,51
DA:25,51
DA:26,51
DA:30,51
DA:31,51
DA:32,51
DA:33,51
DA:34,51
DA:35,0
DA:36,0
DA:37,0
DA:38,0
DA:39,0
DA:40,0
DA:41,0
DA:42,0
DA:43,0
DA:45,51
DA:46,51
DA:47,51
DA:49,51
DA:50,51
DA:51,51
DA:52,51
DA:53,51
DA:54,0
DA:55,0
DA:56,0
DA:57,0
DA:58,0
DA:59,0
DA:60,0
DA:61,0
DA:62,0
DA:64,51
DA:65,51
DA:66,51
DA:68,51
DA:69,51
DA:70,51
DA:71,51
DA:72,51
DA:73,0
DA:74,0
DA:75,0
DA:76,0
DA:77,0
DA:78,0
DA:79,0
DA:80,51
DA:81,51
DA:82,51
DA:84,51
DA:85,51
DA:86,51
DA:87,51
DA:88,51
DA:89,51
DA:90,51
DA:92,51
DA:93,51
DA:94,51
DA:95,51
DA:96,51
DA:97,0
DA:98,0
DA:99,0
DA:100,0
DA:101,0
DA:102,0
DA:103,0
DA:104,0
DA:105,0
DA:106,0
DA:107,0
DA:109,51
DA:110,51
DA:111,51
DA:113,51
DA:114,51
DA:115,51
DA:116,51
DA:117,51
DA:118,0
DA:119,0
DA:120,0
DA:121,0
DA:122,0
DA:125,0
DA:126,0
DA:128,0
DA:130,0
DA:131,0
DA:133,0
DA:134,0
DA:137,0
DA:138,0
DA:141,0
DA:142,0
DA:143,0
DA:144,0
DA:145,0
DA:150,0
DA:151,0
DA:153,0
DA:154,0
DA:155,0
DA:156,0
DA:162,0
DA:163,51
DA:164,51
DA:165,51
DA:167,51
DA:168,51
DA:169,51
DA:170,51
DA:171,51
DA:172,0
DA:173,0
DA:174,0
DA:175,0
DA:176,0
DA:177,0
DA:178,0
DA:180,0
DA:181,0
DA:182,0
DA:183,0
DA:185,51
DA:186,51
DA:187,51
DA:191,51
DA:192,51
DA:193,51
DA:194,51
DA:195,51
DA:196,0
DA:197,0
DA:198,0
DA:199,0
DA:200,0
DA:201,0
DA:202,0
DA:203,0
DA:204,0
DA:205,0
DA:206,0
DA:207,0
DA:208,0
DA:209,0
DA:210,0
DA:211,0
DA:212,0
DA:214,0
DA:215,0
DA:216,0
DA:217,0
DA:219,51
DA:220,51
DA:221,51
DA:223,51
DA:224,51
DA:225,51
DA:226,51
DA:227,51
DA:228,0
DA:229,0
DA:230,0
DA:231,0
DA:232,0
DA:233,0
DA:234,0
DA:235,0
DA:236,0
DA:237,0
DA:238,0
DA:239,0
DA:240,0
DA:241,0
DA:243,0
DA:244,0
DA:245,0
DA:246,0
DA:248,51
DA:249,51
DA:250,51
DA:254,51
DA:255,51
DA:256,51
DA:257,51
DA:258,51
DA:259,0
DA:260,0
DA:261,0
DA:262,0
DA:263,51
DA:264,51
DA:265,51
DA:267,51
DA:268,51
DA:269,51
DA:270,51
DA:271,51
DA:272,0
DA:273,0
DA:274,0
DA:275,0
DA:276,51
DA:277,51
DA:278,51
DA:280,51
DA:281,51
DA:282,51
DA:283,51
DA:284,51
DA:285,0
DA:286,0
DA:287,0
DA:288,0
DA:289,51
DA:290,51
DA:291,51
BRF:0
BRH:0
LF:261
LH:114
end_of_record
SF:/Users/makasaka/lambdust/src/builtins/misc.rs
FN:62,_RNCNCNvNtNtCs7MhAtEGo3Fx_8lambdust8builtins4misc11record_make00B9_
FN:38,_RNCNvNtNtCs7MhAtEGo3Fx_8lambdust8builtins4misc11record_make0B7_
FN:27,_RNCNvNtNtCs7MhAtEGo3Fx_8lambdust8builtins4misc15values_function0B7_
FN:109,_RNCNvNtNtCs7MhAtEGo3Fx_8lambdust8builtins4misc16record_field_get0B7_
FN:152,_RNCNvNtNtCs7MhAtEGo3Fx_8lambdust8builtins4misc16record_field_set0B7_
FN:83,_RNCNvNtNtCs7MhAtEGo3Fx_8lambdust8builtins4misc16record_predicate0B7_
FN:34,_RNvNtNtCs7MhAtEGo3Fx_8lambdust8builtins4misc11record_make
FN:23,_RNvNtNtCs7MhAtEGo3Fx_8lambdust8builtins4misc15values_function
FN:105,_RNvNtNtCs7MhAtEGo3Fx_8lambdust8builtins4misc16record_field_get
FN:148,_RNvNtNtCs7MhAtEGo3Fx_8lambdust8builtins4misc16record_field_set
FN:79,_RNvNtNtCs7MhAtEGo3Fx_8lambdust8builtins4misc16record_predicate
FN:8,_RNvNtNtCs7MhAtEGo3Fx_8lambdust8builtins4misc23register_misc_functions
FNDA:0,_RNCNCNvNtNtCs7MhAtEGo3Fx_8lambdust8builtins4misc11record_make00B9_
FNDA:0,_RNCNvNtNtCs7MhAtEGo3Fx_8lambdust8builtins4misc11record_make0B7_
FNDA:3,_RNCNvNtNtCs7MhAtEGo3Fx_8lambdust8builtins4misc15values_function0B7_
FNDA:0,_RNCNvNtNtCs7MhAtEGo3Fx_8lambdust8builtins4misc16record_field_get0B7_
FNDA:0,_RNCNvNtNtCs7MhAtEGo3Fx_8lambdust8builtins4misc16record_field_set0B7_
FNDA:0,_RNCNvNtNtCs7MhAtEGo3Fx_8lambdust8builtins4misc16record_predicate0B7_
FNDA:51,_RNvNtNtCs7MhAtEGo3Fx_8lambdust8builtins4misc11record_make
FNDA:51,_RNvNtNtCs7MhAtEGo3Fx_8lambdust8builtins4misc15values_function
FNDA:51,_RNvNtNtCs7MhAtEGo3Fx_8lambdust8builtins4misc16record_field_get
FNDA:51,_RNvNtNtCs7MhAtEGo3Fx_8lambdust8builtins4misc16record_field_set
FNDA:51,_RNvNtNtCs7MhAtEGo3Fx_8lambdust8builtins4misc16record_predicate
FNDA:51,_RNvNtNtCs7MhAtEGo3Fx_8lambdust8builtins4misc23register_misc_functions
FNF:12
FNH:7
DA:8,51
DA:9,51
DA:10,51
DA:11,51
DA:12,51
DA:13,51
DA:14,51
DA:15,51
DA:16,51
DA:17,51
DA:18,51
DA:23,51
DA:24,51
DA:25,51
DA:26,51
DA:27,51
DA:28,51
DA:29,51
DA:34,51
DA:35,51
DA:36,51
DA:37,51
DA:38,51
DA:39,0
DA:40,0
DA:41,0
DA:44,0
DA:45,0
DA:46,0
DA:48,0
DA:49,0
DA:50,0
DA:51,0
DA:56,0
DA:57,0
DA:58,0
DA:59,0
DA:60,0
DA:61,0
DA:62,0
DA:63,0
DA:64,0
DA:65,0
DA:66,0
DA:67,0
DA:68,0
DA:69,0
DA:70,0
DA:71,0
DA:72,0
DA:73,0
DA:74,51
DA:75,51
DA:76,51
DA:79,51
DA:80,51
DA:81,51
DA:82,51
DA:83,51
DA:84,0
DA:85,0
DA:86,0
DA:88,0
DA:89,0
DA:90,0
DA:92,0
DA:93,0
DA:94,0
DA:95,0
DA:99,0
DA:100,51
DA:101,51
DA:102,51
DA:105,51
DA:106,51
DA:107,51
DA:108,51
DA:109,51
DA:110,0
DA:111,0
DA:112,0
DA:114,0
DA:115,0
DA:117,0
DA:118,0
DA:119,0
DA:120,0
DA:124,0
DA:125,0
DA:127,0
DA:128,0
DA:129,0
DA:130,0
DA:134,0
DA:135,0
DA:136,0
DA:137,0
DA:138,0
DA:139,0
DA:140,0
DA:141,0
DA:142,0
DA:143,51
DA:144,51
DA:145,51
DA:148,51
DA:149,51
DA:150,51
DA:151,51
DA:152,51
DA:153,0
DA:154,0
DA:155,0
DA:157,0
DA:158,0
DA:160,0
DA:161,0
DA:162,0
DA:163,0
DA:167,0
DA:168,0
DA:170,0
DA:171,0
DA:172,0
DA:173,0
DA:177,0
DA:178,0
DA:179,0
DA:180,0
DA:181,0
DA:182,0
DA:183,0
DA:184,0
DA:185,0
DA:186,0
DA:187,0
DA:188,0
DA:189,0
DA:190,0
DA:191,0
DA:192,0
DA:193,0
DA:194,0
DA:195,51
DA:196,51
DA:197,51
BRF:0
BRH:0
LF:156
LH:51
end_of_record
SF:/Users/makasaka/lambdust/src/builtins/mod.rs
FN:18,_RNvNtCs7MhAtEGo3Fx_8lambdust8builtins15create_builtins
FNDA:51,_RNvNtCs7MhAtEGo3Fx_8lambdust8builtins15create_builtins
FNF:1
FNH:1
DA:18,51
DA:19,51
DA:20,51
DA:21,51
DA:22,51
DA:23,51
DA:24,51
DA:25,51
DA:26,51
DA:27,51
DA:28,51
DA:29,51
DA:30,51
DA:31,51
DA:32,51
DA:33,51
DA:34,51
BRF:0
BRH:0
LF:17
LH:17
end_of_record
SF:/Users/makasaka/lambdust/src/builtins/predicates.rs
FN:137,_RNvNtNtCs7MhAtEGo3Fx_8lambdust8builtins10predicates11equality_eq
FN:178,_RNvNtNtCs7MhAtEGo3Fx_8lambdust8builtins10predicates11logical_not
FN:150,_RNvNtNtCs7MhAtEGo3Fx_8lambdust8builtins10predicates12equality_eqv
FN:163,_RNvNtNtCs7MhAtEGo3Fx_8lambdust8builtins10predicates14equality_equal
FN:97,_RNvNtNtCs7MhAtEGo3Fx_8lambdust8builtins10predicates14predicate_char
FN:32,_RNvNtNtCs7MhAtEGo3Fx_8lambdust8builtins10predicates16predicate_number
FN:45,_RNvNtNtCs7MhAtEGo3Fx_8lambdust8builtins10predicates16predicate_string
FN:58,_RNvNtNtCs7MhAtEGo3Fx_8lambdust8builtins10predicates16predicate_symbol
FN:110,_RNvNtNtCs7MhAtEGo3Fx_8lambdust8builtins10predicates16predicate_vector
FN:71,_RNvNtNtCs7MhAtEGo3Fx_8lambdust8builtins10predicates17predicate_boolean
FN:84,_RNvNtNtCs7MhAtEGo3Fx_8lambdust8builtins10predicates19predicate_procedure
FN:123,_RNvNtNtCs7MhAtEGo3Fx_8lambdust8builtins10predicates20predicate_eof_object
FN:8,_RNvNtNtCs7MhAtEGo3Fx_8lambdust8builtins10predicates28register_predicate_functions
FN:141,_RNCNvNtNtCs7MhAtEGo3Fx_8lambdust8builtins10predicates11equality_eq0B7_
FN:182,_RNCNvNtNtCs7MhAtEGo3Fx_8lambdust8builtins10predicates11logical_not0B7_
FN:154,_RNCNvNtNtCs7MhAtEGo3Fx_8lambdust8builtins10predicates12equality_eqv0B7_
FN:167,_RNCNvNtNtCs7MhAtEGo3Fx_8lambdust8builtins10predicates14equality_equal0B7_
FN:101,_RNCNvNtNtCs7MhAtEGo3Fx_8lambdust8builtins10predicates14predicate_char0B7_
FN:36,_RNCNvNtNtCs7MhAtEGo3Fx_8lambdust8builtins10predicates16predicate_number0B7_
FN:49,_RNCNvNtNtCs7MhAtEGo3Fx_8lambdust8builtins10predicates16predicate_string0B7_
FN:62,_RNCNvNtNtCs7MhAtEGo3Fx_8lambdust8builtins10predicates16predicate_symbol0B7_
FN:114,_RNCNvNtNtCs7MhAtEGo3Fx_8lambdust8builtins10predicates16predicate_vector0B7_
FN:75,_RNCNvNtNtCs7MhAtEGo3Fx_8lambdust8builtins10predicates17predicate_boolean0B7_
FN:88,_RNCNvNtNtCs7MhAtEGo3Fx_8lambdust8builtins10predicates19predicate_procedure0B7_
FN:127,_RNCNvNtNtCs7MhAtEGo3Fx_8lambdust8builtins10predicates20predicate_eof_object0B7_
FNDA:51,_RNvNtNtCs7MhAtEGo3Fx_8lambdust8builtins10predicates11equality_eq
FNDA:51,_RNvNtNtCs7MhAtEGo3Fx_8lambdust8builtins10predicates11logical_not
FNDA:51,_RNvNtNtCs7MhAtEGo3Fx_8lambdust8builtins10predicates12equality_eqv
FNDA:51,_RNvNtNtCs7MhAtEGo3Fx_8lambdust8builtins10predicates14equality_equal
FNDA:51,_RNvNtNtCs7MhAtEGo3Fx_8lambdust8builtins10predicates14predicate_char
FNDA:51,_RNvNtNtCs7MhAtEGo3Fx_8lambdust8builtins10predicates16predicate_number
FNDA:51,_RNvNtNtCs7MhAtEGo3Fx_8lambdust8builtins10predicates16predicate_string
FNDA:51,_RNvNtNtCs7MhAtEGo3Fx_8lambdust8builtins10predicates16predicate_symbol
FNDA:51,_RNvNtNtCs7MhAtEGo3Fx_8lambdust8builtins10predicates16predicate_vector
FNDA:51,_RNvNtNtCs7MhAtEGo3Fx_8lambdust8builtins10predicates17predicate_boolean
FNDA:51,_RNvNtNtCs7MhAtEGo3Fx_8lambdust8builtins10predicates19predicate_procedure
FNDA:51,_RNvNtNtCs7MhAtEGo3Fx_8lambdust8builtins10predicates20predicate_eof_object
FNDA:51,_RNvNtNtCs7MhAtEGo3Fx_8lambdust8builtins10predicates28register_predicate_functions
FNDA:0,_RNCNvNtNtCs7MhAtEGo3Fx_8lambdust8builtins10predicates11equality_eq0B7_
FNDA:0,_RNCNvNtNtCs7MhAtEGo3Fx_8lambdust8builtins10predicates11logical_not0B7_
FNDA:0,_RNCNvNtNtCs7MhAtEGo3Fx_8lambdust8builtins10predicates12equality_eqv0B7_
FNDA:0,_RNCNvNtNtCs7MhAtEGo3Fx_8lambdust8builtins10predicates14equality_equal0B7_
FNDA:0,_RNCNvNtNtCs7MhAtEGo3Fx_8lambdust8builtins10predicates14predicate_char0B7_
FNDA:0,_RNCNvNtNtCs7MhAtEGo3Fx_8lambdust8builtins10predicates16predicate_number0B7_
FNDA:0,_RNCNvNtNtCs7MhAtEGo3Fx_8lambdust8builtins10predicates16predicate_string0B7_
FNDA:0,_RNCNvNtNtCs7MhAtEGo3Fx_8lambdust8builtins10predicates16predicate_symbol0B7_
FNDA:0,_RNCNvNtNtCs7MhAtEGo3Fx_8lambdust8builtins10predicates16predicate_vector0B7_
FNDA:0,_RNCNvNtNtCs7MhAtEGo3Fx_8lambdust8builtins10predicates17predicate_boolean0B7_
FNDA:0,_RNCNvNtNtCs7MhAtEGo3Fx_8lambdust8builtins10predicates19predicate_procedure0B7_
FNDA:0,_RNCNvNtNtCs7MhAtEGo3Fx_8lambdust8builtins10predicates20predicate_eof_object0B7_
FNF:25
FNH:13
DA:8,51
DA:9,51
DA:10,51
DA:11,51
DA:12,51
DA:13,51
DA:14,51
DA:15,51
DA:16,51
DA:17,51
DA:18,51
DA:19,51
DA:20,51
DA:21,51
DA:22,51
DA:23,51
DA:24,51
DA:25,51
DA:26,51
DA:27,51
DA:28,51
DA:32,51
DA:33,51
DA:34,51
DA:35,51
DA:36,51
DA:37,0
DA:38,0
DA:39,0
DA:40,0
DA:41,51
DA:42,51
DA:43,51
DA:45,51
DA:46,51
DA:47,51
DA:48,51
DA:49,51
DA:50,0
DA:51,0
DA:52,0
DA:53,0
DA:54,51
DA:55,51
DA:56,51
DA:58,51
DA:59,51
DA:60,51
DA:61,51
DA:62,51
DA:63,0
DA:64,0
DA:65,0
DA:66,0
DA:67,51
DA:68,51
DA:69,51
DA:71,51
DA:72,51
DA:73,51
DA:74,51
DA:75,51
DA:76,0
DA:77,0
DA:78,0
DA:79,0
DA:80,51
DA:81,51
DA:82,51
DA:84,51
DA:85,51
DA:86,51
DA:87,51
DA:88,51
DA:89,0
DA:90,0
DA:91,0
DA:92,0
DA:93,51
DA:94,51
DA:95,51
DA:97,51
DA:98,51
DA:99,51
DA:100,51
DA:101,51
DA:102,0
DA:103,0
DA:104,0
DA:105,0
DA:106,51
DA:107,51
DA:108,51
DA:110,51
DA:111,51
DA:112,51
DA:113,51
DA:114,51
DA:115,0
DA:116,0
DA:117,0
DA:118,0
DA:119,51
DA:120,51
DA:121,51
DA:123,51
DA:124,51
DA:125,51
DA:126,51
DA:127,51
DA:128,0
DA:129,0
DA:130,0
DA:131,51
DA:132,51
DA:133,51
DA:137,51
DA:138,51
DA:139,51
DA:140,51
DA:141,51
DA:142,0
DA:143,0
DA:144,0
DA:145,0
DA:146,51
DA:147,51
DA:148,51
DA:150,51
DA:151,51
DA:152,51
DA:153,51
DA:154,51
DA:155,0
DA:156,0
DA:157,0
DA:158,0
DA:159,51
DA:160,51
DA:161,51
DA:163,51
DA:164,51
DA:165,51
DA:166,51
DA:167,51
DA:168,0
DA:169,0
DA:170,0
DA:171,0
DA:172,51
DA:173,51
DA:174,51
DA:178,51
DA:179,51
DA:180,51
DA:181,51
DA:182,51
DA:183,0
DA:184,0
DA:185,0
DA:186,0
DA:187,51
DA:188,51
DA:189,51
BRF:0
BRH:0
LF:188
LH:117
end_of_record
SF:/Users/makasaka/lambdust/src/builtins/string_char.rs
FN:74,_RNCNCNvNtNtCs7MhAtEGo3Fx_8lambdust8builtins11string_char10string_ref00B9_
FN:186,_RNCNCNvNtNtCs7MhAtEGo3Fx_8lambdust8builtins11string_char12string_equal00B9_
FN:191,_RNCNCNvNtNtCs7MhAtEGo3Fx_8lambdust8builtins11string_char12string_equal0s_0B9_
FN:213,_RNCNCNvNtNtCs7MhAtEGo3Fx_8lambdust8builtins11string_char16string_less_than00B9_
FN:216,_RNCNCNvNtNtCs7MhAtEGo3Fx_8lambdust8builtins11string_char16string_less_than0s_0B9_
FN:133,_RNCNCNvNtNtCs7MhAtEGo3Fx_8lambdust8builtins11string_char16string_substring00B9_
FN:271,_RNCNCNvNtNtCs7MhAtEGo3Fx_8lambdust8builtins11string_char17string_less_equal00B9_
FN:277,_RNCNCNvNtNtCs7MhAtEGo3Fx_8lambdust8builtins11string_char17string_less_equal0s_0B9_
FN:242,_RNCNCNvNtNtCs7MhAtEGo3Fx_8lambdust8builtins11string_char19string_greater_than00B9_
FN:245,_RNCNCNvNtNtCs7MhAtEGo3Fx_8lambdust8builtins11string_char19string_greater_than0s_0B9_
FN:303,_RNCNCNvNtNtCs7MhAtEGo3Fx_8lambdust8builtins11string_char20string_greater_equal00B9_
FN:309,_RNCNCNvNtNtCs7MhAtEGo3Fx_8lambdust8builtins11string_char20string_greater_equal0s_0B9_
FN:391,_RNCNvNtNtCs7MhAtEGo3Fx_8lambdust8builtins11string_char10char_equal0B7_
FN:69,_RNCNvNtNtCs7MhAtEGo3Fx_8lambdust8builtins11string_char10string_ref0B7_
FN:329,_RNCNvNtNtCs7MhAtEGo3Fx_8lambdust8builtins11string_char11string_make0B7_
FN:181,_RNCNvNtNtCs7MhAtEGo3Fx_8lambdust8builtins11string_char12string_equal0B7_
FN:106,_RNCNvNtNtCs7MhAtEGo3Fx_8lambdust8builtins11string_char13string_append0B7_
FN:48,_RNCNvNtNtCs7MhAtEGo3Fx_8lambdust8builtins11string_char13string_length0B7_
FN:430,_RNCNvNtNtCs7MhAtEGo3Fx_8lambdust8builtins11string_char14char_less_than0B7_
FN:506,_RNCNvNtNtCs7MhAtEGo3Fx_8lambdust8builtins11string_char15char_less_equal0B7_
FN:582,_RNCNvNtNtCs7MhAtEGo3Fx_8lambdust8builtins11string_char15char_to_integer0B7_
FN:602,_RNCNvNtNtCs7MhAtEGo3Fx_8lambdust8builtins11string_char15integer_to_char0B7_
FN:207,_RNCNvNtNtCs7MhAtEGo3Fx_8lambdust8builtins11string_char16string_less_than0B7_
FN:128,_RNCNvNtNtCs7MhAtEGo3Fx_8lambdust8builtins11string_char16string_substring0B7_
FN:468,_RNCNvNtNtCs7MhAtEGo3Fx_8lambdust8builtins11string_char17char_greater_than0B7_
FN:265,_RNCNvNtNtCs7MhAtEGo3Fx_8lambdust8builtins11string_char17string_less_equal0B7_
FN:544,_RNCNvNtNtCs7MhAtEGo3Fx_8lambdust8builtins11string_char18char_greater_equal0B7_
FN:367,_RNCNvNtNtCs7MhAtEGo3Fx_8lambdust8builtins11string_char18string_constructor0B7_
FN:236,_RNCNvNtNtCs7MhAtEGo3Fx_8lambdust8builtins11string_char19string_greater_than0B7_
FN:297,_RNCNvNtNtCs7MhAtEGo3Fx_8lambdust8builtins11string_char20string_greater_equal0B7_
FN:633,_RNCNvNtNtCs7MhAtEGo3Fx_8lambdust8builtins11string_char22convert_char_to_string0B7_
FN:676,_RNCNvNtNtCs7MhAtEGo3Fx_8lambdust8builtins11string_char22convert_list_to_string0B7_
FN:653,_RNCNvNtNtCs7MhAtEGo3Fx_8lambdust8builtins11string_char22convert_string_to_list0B7_
FN:714,_RNCNvNtNtCs7MhAtEGo3Fx_8lambdust8builtins11string_char24convert_number_to_string0B7_
FN:734,_RNCNvNtNtCs7MhAtEGo3Fx_8lambdust8builtins11string_char24convert_string_to_number0B7_
FN:782,_RNCNvNtNtCs7MhAtEGo3Fx_8lambdust8builtins11string_char24convert_string_to_symbol0B7_
FN:762,_RNCNvNtNtCs7MhAtEGo3Fx_8lambdust8builtins11string_char24convert_symbol_to_string0B7_
FN:387,_RNvNtNtCs7MhAtEGo3Fx_8lambdust8builtins11string_char10char_equal
FN:65,_RNvNtNtCs7MhAtEGo3Fx_8lambdust8builtins11string_char10string_ref
FN:325,_RNvNtNtCs7MhAtEGo3Fx_8lambdust8builtins11string_char11string_make
FN:177,_RNvNtNtCs7MhAtEGo3Fx_8lambdust8builtins11string_char12string_equal
FN:102,_RNvNtNtCs7MhAtEGo3Fx_8lambdust8builtins11string_char13string_append
FN:44,_RNvNtNtCs7MhAtEGo3Fx_8lambdust8builtins11string_char13string_length
FN:426,_RNvNtNtCs7MhAtEGo3Fx_8lambdust8builtins11string_char14char_less_than
FN:502,_RNvNtNtCs7MhAtEGo3Fx_8lambdust8builtins11string_char15char_less_equal
FN:578,_RNvNtNtCs7MhAtEGo3Fx_8lambdust8builtins11string_char15char_to_integer
FN:598,_RNvNtNtCs7MhAtEGo3Fx_8lambdust8builtins11string_char15integer_to_char
FN:203,_RNvNtNtCs7MhAtEGo3Fx_8lambdust8builtins11string_char16string_less_than
FN:124,_RNvNtNtCs7MhAtEGo3Fx_8lambdust8builtins11string_char16string_substring
FN:464,_RNvNtNtCs7MhAtEGo3Fx_8lambdust8builtins11string_char17char_greater_than
FN:261,_RNvNtNtCs7MhAtEGo3Fx_8lambdust8builtins11string_char17string_less_equal
FN:540,_RNvNtNtCs7MhAtEGo3Fx_8lambdust8builtins11string_char18char_greater_equal
FN:363,_RNvNtNtCs7MhAtEGo3Fx_8lambdust8builtins11string_char18string_constructor
FN:232,_RNvNtNtCs7MhAtEGo3Fx_8lambdust8builtins11string_char19string_greater_than
FN:293,_RNvNtNtCs7MhAtEGo3Fx_8lambdust8builtins11string_char20string_greater_equal
FN:629,_RNvNtNtCs7MhAtEGo3Fx_8lambdust8builtins11string_char22convert_char_to_string
FN:672,_RNvNtNtCs7MhAtEGo3Fx_8lambdust8builtins11string_char22convert_list_to_string
FN:649,_RNvNtNtCs7MhAtEGo3Fx_8lambdust8builtins11string_char22convert_string_to_list
FN:710,_RNvNtNtCs7MhAtEGo3Fx_8lambdust8builtins11string_char24convert_number_to_string
FN:730,_RNvNtNtCs7MhAtEGo3Fx_8lambdust8builtins11string_char24convert_string_to_number
FN:778,_RNvNtNtCs7MhAtEGo3Fx_8lambdust8builtins11string_char24convert_string_to_symbol
FN:758,_RNvNtNtCs7MhAtEGo3Fx_8lambdust8builtins11string_char24convert_symbol_to_string
FN:9,_RNvNtNtCs7MhAtEGo3Fx_8lambdust8builtins11string_char30register_string_char_functions
FNDA:0,_RNCNCNvNtNtCs7MhAtEGo3Fx_8lambdust8builtins11string_char10string_ref00B9_
FNDA:0,_RNCNCNvNtNtCs7MhAtEGo3Fx_8lambdust8builtins11string_char12string_equal00B9_
FNDA:0,_RNCNCNvNtNtCs7MhAtEGo3Fx_8lambdust8builtins11string_char12string_equal0s_0B9_
FNDA:0,_RNCNCNvNtNtCs7MhAtEGo3Fx_8lambdust8builtins11string_char16string_less_than00B9_
FNDA:0,_RNCNCNvNtNtCs7MhAtEGo3Fx_8lambdust8builtins11string_char16string_less_than0s_0B9_
FNDA:0,_RNCNCNvNtNtCs7MhAtEGo3Fx_8lambdust8builtins11string_char16string_substring00B9_
FNDA:0,_RNCNCNvNtNtCs7MhAtEGo3Fx_8lambdust8builtins11string_char17string_less_equal00B9_
FNDA:0,_RNCNCNvNtNtCs7MhAtEGo3Fx_8lambdust8builtins11string_char17string_less_equal0s_0B9_
FNDA:0,_RNCNCNvNtNtCs7MhAtEGo3Fx_8lambdust8builtins11string_char19string_greater_than00B9_
FNDA:0,_RNCNCNvNtNtCs7MhAtEGo3Fx_8lambdust8builtins11string_char19string_greater_than0s_0B9_
FNDA:0,_RNCNCNvNtNtCs7MhAtEGo3Fx_8lambdust8builtins11string_char20string_greater_equal00B9_
FNDA:0,_RNCNCNvNtNtCs7MhAtEGo3Fx_8lambdust8builtins11string_char20string_greater_equal0s_0B9_
FNDA:0,_RNCNvNtNtCs7MhAtEGo3Fx_8lambdust8builtins11string_char10char_equal0B7_
FNDA:0,_RNCNvNtNtCs7MhAtEGo3Fx_8lambdust8builtins11string_char10string_ref0B7_
FNDA:0,_RNCNvNtNtCs7MhAtEGo3Fx_8lambdust8builtins11string_char11string_make0B7_
FNDA:0,_RNCNvNtNtCs7MhAtEGo3Fx_8lambdust8builtins11string_char12string_equal0B7_
FNDA:0,_RNCNvNtNtCs7MhAtEGo3Fx_8lambdust8builtins11string_char13string_append0B7_
FNDA:0,_RNCNvNtNtCs7MhAtEGo3Fx_8lambdust8builtins11string_char13string_length0B7_
FNDA:0,_RNCNvNtNtCs7MhAtEGo3Fx_8lambdust8builtins11string_char14char_less_than0B7_
FNDA:0,_RNCNvNtNtCs7MhAtEGo3Fx_8lambdust8builtins11string_char15char_less_equal0B7_
FNDA:0,_RNCNvNtNtCs7MhAtEGo3Fx_8lambdust8builtins11string_char15char_to_integer0B7_
FNDA:0,_RNCNvNtNtCs7MhAtEGo3Fx_8lambdust8builtins11string_char15integer_to_char0B7_
FNDA:0,_RNCNvNtNtCs7MhAtEGo3Fx_8lambdust8builtins11string_char16string_less_than0B7_
FNDA:0,_RNCNvNtNtCs7MhAtEGo3Fx_8lambdust8builtins11string_char16string_substring0B7_
FNDA:0,_RNCNvNtNtCs7MhAtEGo3Fx_8lambdust8builtins11string_char17char_greater_than0B7_
FNDA:0,_RNCNvNtNtCs7MhAtEGo3Fx_8lambdust8builtins11string_char17string_less_equal0B7_
FNDA:0,_RNCNvNtNtCs7MhAtEGo3Fx_8lambdust8builtins11string_char18char_greater_equal0B7_
FNDA:0,_RNCNvNtNtCs7MhAtEGo3Fx_8lambdust8builtins11string_char18string_constructor0B7_
FNDA:0,_RNCNvNtNtCs7MhAtEGo3Fx_8lambdust8builtins11string_char19string_greater_than0B7_
FNDA:0,_RNCNvNtNtCs7MhAtEGo3Fx_8lambdust8builtins11string_char20string_greater_equal0B7_
FNDA:0,_RNCNvNtNtCs7MhAtEGo3Fx_8lambdust8builtins11string_char22convert_char_to_string0B7_
FNDA:0,_RNCNvNtNtCs7MhAtEGo3Fx_8lambdust8builtins11string_char22convert_list_to_string0B7_
FNDA:0,_RNCNvNtNtCs7MhAtEGo3Fx_8lambdust8builtins11string_char22convert_string_to_list0B7_
FNDA:0,_RNCNvNtNtCs7MhAtEGo3Fx_8lambdust8builtins11string_char24convert_number_to_string0B7_
FNDA:0,_RNCNvNtNtCs7MhAtEGo3Fx_8lambdust8builtins11string_char24convert_string_to_number0B7_
FNDA:0,_RNCNvNtNtCs7MhAtEGo3Fx_8lambdust8builtins11string_char24convert_string_to_symbol0B7_
FNDA:0,_RNCNvNtNtCs7MhAtEGo3Fx_8lambdust8builtins11string_char24convert_symbol_to_string0B7_
FNDA:51,_RNvNtNtCs7MhAtEGo3Fx_8lambdust8builtins11string_char10char_equal
FNDA:51,_RNvNtNtCs7MhAtEGo3Fx_8lambdust8builtins11string_char10string_ref
FNDA:51,_RNvNtNtCs7MhAtEGo3Fx_8lambdust8builtins11string_char11string_make
FNDA:51,_RNvNtNtCs7MhAtEGo3Fx_8lambdust8builtins11string_char12string_equal
FNDA:51,_RNvNtNtCs7MhAtEGo3Fx_8lambdust8builtins11string_char13string_append
FNDA:51,_RNvNtNtCs7MhAtEGo3Fx_8lambdust8builtins11string_char13string_length
FNDA:51,_RNvNtNtCs7MhAtEGo3Fx_8lambdust8builtins11string_char14char_less_than
FNDA:51,_RNvNtNtCs7MhAtEGo3Fx_8lambdust8builtins11string_char15char_less_equal
FNDA:51,_RNvNtNtCs7MhAtEGo3Fx_8lambdust8builtins11string_char15char_to_integer
FNDA:51,_RNvNtNtCs7MhAtEGo3Fx_8lambdust8builtins11string_char15integer_to_char
FNDA:51,_RNvNtNtCs7MhAtEGo3Fx_8lambdust8builtins11string_char16string_less_than
FNDA:51,_RNvNtNtCs7MhAtEGo3Fx_8lambdust8builtins11string_char16string_substring
FNDA:51,_RNvNtNtCs7MhAtEGo3Fx_8lambdust8builtins11string_char17char_greater_than
FNDA:51,_RNvNtNtCs7MhAtEGo3Fx_8lambdust8builtins11string_char17string_less_equal
FNDA:51,_RNvNtNtCs7MhAtEGo3Fx_8lambdust8builtins11string_char18char_greater_equal
FNDA:51,_RNvNtNtCs7MhAtEGo3Fx_8lambdust8builtins11string_char18string_constructor
FNDA:51,_RNvNtNtCs7MhAtEGo3Fx_8lambdust8builtins11string_char19string_greater_than
FNDA:51,_RNvNtNtCs7MhAtEGo3Fx_8lambdust8builtins11string_char20string_greater_equal
FNDA:51,_RNvNtNtCs7MhAtEGo3Fx_8lambdust8builtins11string_char22convert_char_to_string
FNDA:51,_RNvNtNtCs7MhAtEGo3Fx_8lambdust8builtins11string_char22convert_list_to_string
FNDA:51,_RNvNtNtCs7MhAtEGo3Fx_8lambdust8builtins11string_char22convert_string_to_list
FNDA:51,_RNvNtNtCs7MhAtEGo3Fx_8lambdust8builtins11string_char24convert_number_to_string
FNDA:51,_RNvNtNtCs7MhAtEGo3Fx_8lambdust8builtins11string_char24convert_string_to_number
FNDA:51,_RNvNtNtCs7MhAtEGo3Fx_8lambdust8builtins11string_char24convert_string_to_symbol
FNDA:51,_RNvNtNtCs7MhAtEGo3Fx_8lambdust8builtins11string_char24convert_symbol_to_string
FNDA:51,_RNvNtNtCs7MhAtEGo3Fx_8lambdust8builtins11string_char30register_string_char_functions
FNF:63
FNH:26
DA:9,51
DA:10,51
DA:11,51
DA:12,51
DA:13,51
DA:14,51
DA:15,51
DA:16,51
DA:17,51
DA:18,51
DA:19,51
DA:20,51
DA:21,51
DA:22,51
DA:23,51
DA:24,51
DA:25,51
DA:26,51
DA:27,51
DA:28,51
DA:29,51
DA:30,51
DA:31,51
DA:32,51
DA:33,51
DA:34,51
DA:35,51
DA:36,51
DA:37,51
DA:38,51
DA:39,51
DA:40,51
DA:44,51
DA:45,51
DA:46,51
DA:47,51
DA:48,51
DA:49,0
DA:50,0
DA:51,0
DA:52,0
DA:53,0
DA:54,0
DA:55,0
DA:56,0
DA:57,0
DA:58,0
DA:59,0
DA:61,51
DA:62,51
DA:63,51
DA:65,51
DA:66,51
DA:67,51
DA:68,51
DA:69,51
DA:70,0
DA:71,0
DA:72,0
DA:74,0
DA:75,0
DA:76,0
DA:78,0
DA:79,0
DA:81,0
DA:82,0
DA:83,0
DA:84,0
DA:88,0
DA:89,0
DA:90,0
DA:91,0
DA:92,0
DA:93,0
DA:94,0
DA:95,0
DA:96,0
DA:97,0
DA:98,51
DA:99,51
DA:100,51
DA:102,51
DA:103,51
DA:104,51
DA:105,51
DA:106,51
DA:107,0
DA:108,0
DA:109,0
DA:110,0
DA:112,0
DA:113,0
DA:114,0
DA:115,0
DA:119,0
DA:120,51
DA:121,51
DA:122,51
DA:124,51
DA:125,51
DA:126,51
DA:127,51
DA:128,51
DA:129,0
DA:130,0
DA:131,0
DA:133,0
DA:134,0
DA:135,0
DA:137,0
DA:138,0
DA:140,0
DA:141,0
DA:142,0
DA:143,0
DA:147,0
DA:148,0
DA:149,0
DA:150,0
DA:152,0
DA:153,0
DA:154,0
DA:155,0
DA:159,0
DA:162,0
DA:163,0
DA:164,0
DA:165,0
DA:166,0
DA:167,0
DA:168,0
DA:169,0
DA:170,0
DA:171,0
DA:172,0
DA:173,51
DA:174,51
DA:175,51
DA:177,51
DA:178,51
DA:179,51
DA:180,51
DA:181,51
DA:182,0
DA:183,0
DA:184,0
DA:186,0
DA:187,0
DA:188,0
DA:190,0
DA:191,0
DA:192,0
DA:193,0
DA:194,0
DA:195,0
DA:196,0
DA:198,0
DA:199,51
DA:200,51
DA:201,51
DA:203,51
DA:204,51
DA:205,51
DA:206,51
DA:207,51
DA:208,0
DA:209,0
DA:210,0
DA:212,0
DA:213,0
DA:214,0
DA:215,0
DA:216,0
DA:217,0
DA:218,0
DA:219,0
DA:220,0
DA:221,0
DA:223,0
DA:224,0
DA:225,0
DA:227,0
DA:228,51
DA:229,51
DA:230,51
DA:232,51
DA:233,51
DA:234,51
DA:235,51
DA:236,51
DA:237,0
DA:238,0
DA:239,0
DA:241,0
DA:242,0
DA:243,0
DA:244,0
DA:245,0
DA:246,0
DA:247,0
DA:248,0
DA:249,0
DA:250,0
DA:252,0
DA:253,0
DA:254,0
DA:256,0
DA:257,51
DA:258,51
DA:259,51
DA:261,51
DA:262,51
DA:263,51
DA:264,51
DA:265,51
DA:266,0
DA:267,0
DA:268,0
DA:270,0
DA:271,0
DA:272,0
DA:273,0
DA:274,0
DA:275,0
DA:276,0
DA:277,0
DA:278,0
DA:279,0
DA:280,0
DA:281,0
DA:282,0
DA:284,0
DA:285,0
DA:286,0
DA:288,0
DA:289,51
DA:290,51
DA:291,51
DA:293,51
DA:294,51
DA:295,51
DA:296,51
DA:297,51
DA:298,0
DA:299,0
DA:300,0
DA:302,0
DA:303,0
DA:304,0
DA:305,0
DA:306,0
DA:307,0
DA:308,0
DA:309,0
DA:310,0
DA:311,0
DA:312,0
DA:313,0
DA:314,0
DA:316,0
DA:317,0
DA:318,0
DA:320,0
DA:321,51
DA:322,51
DA:323,51
DA:325,51
DA:326,51
DA:327,51
DA:328,51
DA:329,51
DA:330,0
DA:331,0
DA:332,0
DA:334,0
DA:335,0
DA:337,0
DA:338,0
DA:339,0
DA:340,0
DA:344,0
DA:345,0
DA:346,0
DA:348,0
DA:349,0
DA:350,0
DA:351,0
DA:355,0
DA:358,0
DA:359,51
DA:360,51
DA:361,51
DA:363,51
DA:364,51
DA:365,51
DA:366,51
DA:367,51
DA:368,0
DA:369,0
DA:370,0
DA:371,0
DA:373,0
DA:374,0
DA:375,0
DA:376,0
DA:380,0
DA:381,51
DA:382,51
DA:383,51
DA:387,51
DA:388,51
DA:389,51
DA:390,51
DA:391,51
DA:392,0
DA:393,0
DA:394,0
DA:396,0
DA:397,0
DA:399,0
DA:400,0
DA:401,0
DA:402,0
DA:406,0
DA:407,0
DA:408,0
DA:409,0
DA:410,0
DA:411,0
DA:414,0
DA:415,0
DA:416,0
DA:417,0
DA:421,0
DA:422,51
DA:423,51
DA:424,51
DA:426,51
DA:427,51
DA:428,51
DA:429,51
DA:430,51
DA:431,0
DA:432,0
DA:433,0
DA:435,0
DA:436,0
DA:437,0
DA:439,0
DA:440,0
DA:441,0
DA:442,0
DA:445,0
DA:446,0
DA:448,0
DA:449,0
DA:450,0
DA:451,0
DA:455,0
DA:456,0
DA:457,0
DA:459,0
DA:460,51
DA:461,51
DA:462,51
DA:464,51
DA:465,51
DA:466,51
DA:467,51
DA:468,51
DA:469,0
DA:470,0
DA:471,0
DA:473,0
DA:474,0
DA:475,0
DA:477,0
DA:478,0
DA:479,0
DA:480,0
DA:483,0
DA:484,0
DA:486,0
DA:487,0
DA:488,0
DA:489,0
DA:493,0
DA:494,0
DA:495,0
DA:497,0
DA:498,51
DA:499,51
DA:500,51
DA:502,51
DA:503,51
DA:504,51
DA:505,51
DA:506,51
DA:507,0
DA:508,0
DA:509,0
DA:511,0
DA:512,0
DA:513,0
DA:515,0
DA:516,0
DA:517,0
DA:518,0
DA:521,0
DA:522,0
DA:524,0
DA:525,0
DA:526,0
DA:527,0
DA:531,0
DA:532,0
DA:533,0
DA:535,0
DA:536,51
DA:537,51
DA:538,51
DA:540,51
DA:541,51
DA:542,51
DA:543,51
DA:544,51
DA:545,0
DA:546,0
DA:547,0
DA:549,0
DA:550,0
DA:551,0
DA:553,0
DA:554,0
DA:555,0
DA:556,0
DA:559,0
DA:560,0
DA:562,0
DA:563,0
DA:564,0
DA:565,0
DA:569,0
DA:570,0
DA:571,0
DA:573,0
DA:574,51
DA:575,51
DA:576,51
DA:578,51
DA:579,51
DA:580,51
DA:581,51
DA:582,51
DA:583,0
DA:584,0
DA:585,0
DA:586,0
DA:587,0
DA:588,0
DA:589,0
DA:590,0
DA:591,0
DA:592,0
DA:594,51
DA:595,51
DA:596,51
DA:598,51
DA:599,51
DA:600,51
DA:601,51
DA:602,51
DA:603,0
DA:604,0
DA:605,0
DA:606,0
DA:607,0
DA:608,0
DA:609,0
DA:610,0
DA:612,0
DA:613,0
DA:614,0
DA:615,0
DA:618,0
DA:619,0
DA:620,0
DA:621,0
DA:623,51
DA:624,51
DA:625,51
DA:629,51
DA:630,51
DA:631,51
DA:632,51
DA:633,51
DA:634,0
DA:635,0
DA:636,0
DA:637,0
DA:638,0
DA:639,0
DA:640,0
DA:641,0
DA:642,0
DA:643,0
DA:645,51
DA:646,51
DA:647,51
DA:649,51
DA:650,51
DA:651,51
DA:652,51
DA:653,51
DA:654,0
DA:655,0
DA:656,0
DA:657,0
DA:658,0
DA:659,0
DA:660,0
DA:661,0
DA:663,0
DA:664,0
DA:665,0
DA:666,0
DA:668,51
DA:669,51
DA:670,51
DA:672,51
DA:673,51
DA:674,51
DA:675,51
DA:676,51
DA:677,0
DA:678,0
DA:679,0
DA:681,0
DA:682,0
DA:684,0
DA:685,0
DA:686,0
DA:687,0
DA:691,0
DA:692,0
DA:693,0
DA:694,0
DA:696,0
DA:697,0
DA:698,0
DA:699,0
DA:702,0
DA:705,0
DA:706,51
DA:707,51
DA:708,51
DA:710,51
DA:711,51
DA:712,51
DA:713,51
DA:714,51
DA:715,0
DA:716,0
DA:717,0
DA:718,0
DA:719,0
DA:720,0
DA:721,0
DA:722,0
DA:723,0
DA:724,0
DA:726,51
DA:727,51
DA:728,51
DA:730,51
DA:731,51
DA:732,51
DA:733,51
DA:734,51
DA:735,0
DA:736,0
DA:737,0
DA:738,0
DA:739,0
DA:740,0
DA:741,0
DA:742,0
DA:743,0
DA:744,0
DA:746,0
DA:749,0
DA:750,0
DA:751,0
DA:752,0
DA:754,51
DA:755,51
DA:756,51
DA:758,51
DA:759,51
DA:760,51
DA:761,51
DA:762,51
DA:763,0
DA:764,0
DA:765,0
DA:766,0
DA:767,0
DA:768,0
DA:769,0
DA:770,0
DA:771,0
DA:772,0
DA:774,51
DA:775,51
DA:776,51
DA:778,51
DA:779,51
DA:780,51
DA:781,51
DA:782,51
DA:783,0
DA:784,0
DA:785,0
DA:786,0
DA:787,0
DA:788,0
DA:789,0
DA:790,0
DA:791,0
DA:792,0
DA:794,51
DA:795,51
DA:796,51
BRF:0
BRH:0
LF:707
LH:232
end_of_record
SF:/Users/makasaka/lambdust/src/builtins/vector.rs
FN:50,_RNCNvNtNtCs7MhAtEGo3Fx_8lambdust8builtins6vector10vector_ref0B7_
FN:92,_RNCNvNtNtCs7MhAtEGo3Fx_8lambdust8builtins6vector11vector_make0B7_
FN:30,_RNCNvNtNtCs7MhAtEGo3Fx_8lambdust8builtins6vector13vector_length0B7_
FN:142,_RNCNvNtNtCs7MhAtEGo3Fx_8lambdust8builtins6vector14list_to_vector0B7_
FN:122,_RNCNvNtNtCs7MhAtEGo3Fx_8lambdust8builtins6vector14vector_to_list0B7_
FN:22,_RNCNvNtNtCs7MhAtEGo3Fx_8lambdust8builtins6vector18vector_constructor0B7_
FN:46,_RNvNtNtCs7MhAtEGo3Fx_8lambdust8builtins6vector10vector_ref
FN:88,_RNvNtNtCs7MhAtEGo3Fx_8lambdust8builtins6vector11vector_make
FN:26,_RNvNtNtCs7MhAtEGo3Fx_8lambdust8builtins6vector13vector_length
FN:138,_RNvNtNtCs7MhAtEGo3Fx_8lambdust8builtins6vector14list_to_vector
FN:118,_RNvNtNtCs7MhAtEGo3Fx_8lambdust8builtins6vector14vector_to_list
FN:18,_RNvNtNtCs7MhAtEGo3Fx_8lambdust8builtins6vector18vector_constructor
FN:9,_RNvNtNtCs7MhAtEGo3Fx_8lambdust8builtins6vector25register_vector_functions
FNDA:0,_RNCNvNtNtCs7MhAtEGo3Fx_8lambdust8builtins6vector10vector_ref0B7_
FNDA:0,_RNCNvNtNtCs7MhAtEGo3Fx_8lambdust8builtins6vector11vector_make0B7_
FNDA:0,_RNCNvNtNtCs7MhAtEGo3Fx_8lambdust8builtins6vector13vector_length0B7_
FNDA:0,_RNCNvNtNtCs7MhAtEGo3Fx_8lambdust8builtins6vector14list_to_vector0B7_
FNDA:0,_RNCNvNtNtCs7MhAtEGo3Fx_8lambdust8builtins6vector14vector_to_list0B7_
FNDA:0,_RNCNvNtNtCs7MhAtEGo3Fx_8lambdust8builtins6vector18vector_constructor0B7_
FNDA:51,_RNvNtNtCs7MhAtEGo3Fx_8lambdust8builtins6vector10vector_ref
FNDA:51,_RNvNtNtCs7MhAtEGo3Fx_8lambdust8builtins6vector11vector_make
FNDA:51,_RNvNtNtCs7MhAtEGo3Fx_8lambdust8builtins6vector13vector_length
FNDA:51,_RNvNtNtCs7MhAtEGo3Fx_8lambdust8builtins6vector14list_to_vector
FNDA:51,_RNvNtNtCs7MhAtEGo3Fx_8lambdust8builtins6vector14vector_to_list
FNDA:51,_RNvNtNtCs7MhAtEGo3Fx_8lambdust8builtins6vector18vector_constructor
FNDA:51,_RNvNtNtCs7MhAtEGo3Fx_8lambdust8builtins6vector25register_vector_functions
FNF:13
FNH:7
DA:9,51
DA:10,51
DA:11,51
DA:12,51
DA:13,51
DA:14,51
DA:15,51
DA:16,51
DA:18,51
DA:19,51
DA:20,51
DA:21,51
DA:22,51
DA:23,51
DA:24,51
DA:26,51
DA:27,51
DA:28,51
DA:29,51
DA:30,51
DA:31,0
DA:32,0
DA:33,0
DA:34,0
DA:35,0
DA:36,0
DA:37,0
DA:38,0
DA:39,0
DA:40,0
DA:42,51
DA:43,51
DA:44,51
DA:46,51
DA:47,51
DA:48,51
DA:49,51
DA:50,51
DA:51,0
DA:52,0
DA:53,0
DA:55,0
DA:56,0
DA:58,0
DA:59,0
DA:60,0
DA:61,0
DA:65,0
DA:66,0
DA:68,0
DA:69,0
DA:70,0
DA:71,0
DA:75,0
DA:76,0
DA:77,0
DA:78,0
DA:79,0
DA:80,0
DA:81,0
DA:82,0
DA:83,0
DA:84,51
DA:85,51
DA:86,51
DA:88,51
DA:89,51
DA:90,51
DA:91,51
DA:92,51
DA:93,0
DA:94,0
DA:95,0
DA:97,0
DA:98,0
DA:100,0
DA:101,0
DA:102,0
DA:103,0
DA:107,0
DA:108,0
DA:110,0
DA:113,0
DA:114,51
DA:115,51
DA:116,51
DA:118,51
DA:119,51
DA:120,51
DA:121,51
DA:122,51
DA:123,0
DA:124,0
DA:125,0
DA:126,0
DA:127,0
DA:128,0
DA:129,0
DA:130,0
DA:131,0
DA:132,0
DA:134,51
DA:135,51
DA:136,51
DA:138,51
DA:139,51
DA:140,51
DA:141,51
DA:142,51
DA:143,0
DA:144,0
DA:145,0
DA:146,0
DA:147,0
DA:148,0
DA:149,0
DA:150,0
DA:151,0
DA:152,0
DA:154,51
DA:155,51
DA:156,51
BRF:0
BRH:0
LF:133
LH:55
end_of_record
SF:/Users/makasaka/lambdust/src/environment.rs
FN:36,_RNvMNtCs7MhAtEGo3Fx_8lambdust11environmentNtB2_11Environment13with_bindings
FN:137,_RNvMNtCs7MhAtEGo3Fx_8lambdust11environmentNtB2_11Environment16current_bindings
[...]
FNDA:1,_RNvXs5_NtCs7MhAtEGo3Fx_8lambdust7marshalbNtB5_12Marshallable11from_scheme
FNDA:1,_RNvXs5_NtCs7MhAtEGo3Fx_8lambdust7marshalbNtB5_12Marshallable9to_scheme
FNF:52
FNH:34
DA:35,7
DA:36,7
DA:37,7
DA:64,0
DA:65,0
DA:66,0
DA:67,0
DA:68,0
DA:69,0
DA:70,0
DA:71,0
DA:76,1
DA:77,1
DA:78,1
DA:79,1
DA:80,1
DA:81,1
DA:82,1
DA:83,1
DA:84,1
DA:87,1
DA:88,1
DA:89,1
DA:90,1
DA:91,1
DA:92,1
DA:95,1
DA:96,1
DA:97,1
DA:98,1
DA:99,1
DA:102,0
DA:103,0
DA:104,0
DA:105,0
DA:106,0
DA:109,1
DA:110,1
DA:111,1
DA:112,1
DA:113,1
DA:116,0
DA:117,0
DA:118,0
DA:119,0
DA:120,0
DA:123,4
DA:124,4
DA:125,4
DA:128,2
DA:129,2
DA:130,2
DA:131,2
DA:133,0
DA:135,2
DA:138,0
DA:139,0
DA:140,0
DA:144,0
DA:145,0
DA:146,0
DA:152,5
DA:153,5
DA:154,5
DA:155,0
DA:156,0
DA:157,0
DA:158,0
DA:159,0
DA:160,0
DA:161,0
DA:162,0
DA:164,5
DA:166,4
DA:167,4
DA:168,4
DA:170,3
DA:171,3
DA:172,3
DA:176,0
DA:177,0
DA:178,0
DA:179,0
DA:180,0
DA:181,0
DA:182,0
DA:183,0
DA:184,0
DA:185,0
DA:186,0
DA:188,0
DA:190,0
DA:191,0
DA:192,0
DA:194,0
DA:195,0
DA:196,0
DA:200,1
DA:201,1
DA:202,1
DA:203,0
DA:204,0
DA:205,0
DA:206,0
DA:207,0
DA:208,0
DA:210,1
DA:212,2
DA:213,2
DA:214,2
DA:216,0
DA:217,0
DA:218,0
DA:222,1
DA:223,1
DA:224,1
DA:225,0
DA:226,0
DA:227,0
DA:228,0
DA:229,0
DA:231,1
DA:233,1
DA:234,1
DA:235,1
DA:237,0
DA:238,0
DA:239,0
DA:243,1
DA:244,1
DA:245,1
DA:246,4
DA:247,3
DA:249,1
DA:251,0
DA:252,0
DA:253,0
DA:254,0
DA:255,0
DA:257,1
DA:259,1
DA:260,1
DA:261,3
DA:262,3
DA:264,1
DA:265,1
DA:267,0
DA:268,0
DA:269,0
DA:279,2
DA:280,2
DA:281,1
DA:282,1
DA:283,1
DA:284,1
DA:285,1
DA:287,1
DA:288,2
DA:293,4
DA:294,4
DA:295,3
DA:296,3
DA:297,1
DA:298,3
DA:299,2
DA:301,1
DA:302,1
DA:303,1
DA:304,1
DA:305,1
DA:307,4
DA:310,1
DA:311,1
DA:312,1
DA:315,5
DA:316,1
DA:317,1
DA:318,0
DA:319,0
DA:320,0
DA:321,4
DA:322,4
DA:323,4
DA:324,4
DA:325,4
DA:327,5
DA:333,2
DA:334,2
DA:335,1
DA:336,1
DA:337,2
DA:344,1
DA:345,1
DA:346,1
DA:347,1
DA:348,1
DA:349,1
DA:350,1
DA:353,1
DA:354,1
DA:355,1
DA:356,1
DA:357,1
DA:360,1
DA:361,1
DA:362,1
DA:363,1
DA:364,1
DA:365,1
DA:368,1
DA:369,1
DA:370,1
DA:371,1
DA:372,1
DA:373,1
DA:374,1
DA:375,1
DA:378,1
DA:379,1
DA:380,1
DA:381,1
DA:382,1
DA:383,1
DA:385,1
DA:386,1
DA:387,1
DA:390,1
DA:391,1
DA:392,1
DA:393,1
DA:395,1
DA:396,1
DA:397,1
DA:400,1
DA:404,1
DA:405,1
DA:406,1
DA:407,1
DA:408,1
DA:409,1
DA:412,1
DA:413,1
DA:414,1
DA:415,1
DA:416,1
DA:417,1
DA:418,1
DA:421,1
DA:422,1
DA:423,1
DA:424,1
DA:426,1
DA:427,1
DA:428,1
DA:430,0
DA:432,1
DA:435,1
DA:436,1
DA:437,1
DA:438,1
DA:439,1
DA:440,1
DA:441,1
DA:442,1
DA:443,1
DA:445,0
DA:447,1
DA:450,1
DA:451,1
DA:452,1
DA:453,1
DA:454,1
DA:455,1
DA:456,1
DA:457,1
DA:458,1
DA:460,0
DA:462,1
DA:465,1
DA:466,1
DA:467,1
DA:468,1
DA:469,1
DA:470,1
DA:471,1
DA:472,1
DA:474,5
DA:475,4
DA:476,4
DA:478,1
DA:481,1
DA:482,1
DA:483,1
DA:484,1
DA:485,1
DA:486,1
DA:487,1
DA:488,1
DA:489,1
DA:490,1
DA:491,1
DA:492,1
DA:493,1
DA:494,1
DA:495,1
DA:496,1
BRF:0
BRH:0
LF:317
LH:228
end_of_record
SF:/Users/makasaka/lambdust/src/parser.rs
FN:206,_RNvNtNtCs7MhAtEGo3Fx_8lambdust6parser5testss_16test_parse_atoms
FN:268,_RNvNtNtCs7MhAtEGo3Fx_8lambdust6parser5testss_16test_parse_quote
FN:297,_RNvNtNtCs7MhAtEGo3Fx_8lambdust6parser5testss_21test_parse_empty_list
FN:305,_RNvNtNtCs7MhAtEGo3Fx_8lambdust6parser5testss_21test_parse_quasiquote
FN:281,_RNvNtNtCs7MhAtEGo3Fx_8lambdust6parser5testss_22test_parse_dotted_list
FN:246,_RNvNtNtCs7MhAtEGo3Fx_8lambdust6parser5testss_22test_parse_nested_list
FN:224,_RNvNtNtCs7MhAtEGo3Fx_8lambdust6parser5testss_22test_parse_simple_list
FN:330,_RNvNtNtCs7MhAtEGo3Fx_8lambdust6parser5testss_34test_parse_error_unexpected_rparen
FN:323,_RNvNtNtCs7MhAtEGo3Fx_8lambdust6parser5testss_34test_parse_error_unterminated_list
FN:145,_RNvMNtCs7MhAtEGo3Fx_8lambdust6parserNtB2_6Parser10parse_atom
FN:65,_RNvMNtCs7MhAtEGo3Fx_8lambdust6parserNtB2_6Parser10parse_list
FN:117,_RNvMNtCs7MhAtEGo3Fx_8lambdust6parserNtB2_6Parser11parse_quote
FN:28,_RNvMNtCs7MhAtEGo3Fx_8lambdust6parserNtB2_6Parser13consume_token
FN:23,_RNvMNtCs7MhAtEGo3Fx_8lambdust6parserNtB2_6Parser13current_token
FN:131,_RNvMNtCs7MhAtEGo3Fx_8lambdust6parserNtB2_6Parser13parse_unquote
FN:50,_RNvMNtCs7MhAtEGo3Fx_8lambdust6parserNtB2_6Parser16parse_expression
FN:124,_RNvMNtCs7MhAtEGo3Fx_8lambdust6parserNtB2_6Parser16parse_quasiquote
FN:138,_RNvMNtCs7MhAtEGo3Fx_8lambdust6parserNtB2_6Parser22parse_unquote_splicing
FN:15,_RNvMNtCs7MhAtEGo3Fx_8lambdust6parserNtB2_6Parser3new
FN:39,_RNvMNtCs7MhAtEGo3Fx_8lambdust6parserNtB2_6Parser9parse_all
FN:191,_RNvNtCs7MhAtEGo3Fx_8lambdust6parser14parse_multiple
FN:168,_RNvNtCs7MhAtEGo3Fx_8lambdust6parser5parse
FNDA:1,_RNvNtNtCs7MhAtEGo3Fx_8lambdust6parser5testss_16test_parse_atoms
FNDA:1,_RNvNtNtCs7MhAtEGo3Fx_8lambdust6parser5testss_16test_parse_quote
FNDA:1,_RNvNtNtCs7MhAtEGo3Fx_8lambdust6parser5testss_21test_parse_empty_list
FNDA:1,_RNvNtNtCs7MhAtEGo3Fx_8lambdust6parser5testss_21test_parse_quasiquote
FNDA:1,_RNvNtNtCs7MhAtEGo3Fx_8lambdust6parser5testss_22test_parse_dotted_list
FNDA:1,_RNvNtNtCs7MhAtEGo3Fx_8lambdust6parser5testss_22test_parse_nested_list
FNDA:1,_RNvNtNtCs7MhAtEGo3Fx_8lambdust6parser5testss_22test_parse_simple_list
FNDA:1,_RNvNtNtCs7MhAtEGo3Fx_8lambdust6parser5testss_34test_parse_error_unexpected_rparen
FNDA:1,_RNvNtNtCs7MhAtEGo3Fx_8lambdust6parser5testss_34test_parse_error_unterminated_list
FNDA:274,_RNvMNtCs7MhAtEGo3Fx_8lambdust6parserNtB2_6Parser10parse_atom
FNDA:125,_RNvMNtCs7MhAtEGo3Fx_8lambdust6parserNtB2_6Parser10parse_list
FNDA:14,_RNvMNtCs7MhAtEGo3Fx_8lambdust6parserNtB2_6Parser11parse_quote
FNDA:540,_RNvMNtCs7MhAtEGo3Fx_8lambdust6parserNtB2_6Parser13consume_token
FNDA:868,_RNvMNtCs7MhAtEGo3Fx_8lambdust6parserNtB2_6Parser13current_token
FNDA:1,_RNvMNtCs7MhAtEGo3Fx_8lambdust6parserNtB2_6Parser13parse_unquote
FNDA:416,_RNvMNtCs7MhAtEGo3Fx_8lambdust6parserNtB2_6Parser16parse_expression
FNDA:1,_RNvMNtCs7MhAtEGo3Fx_8lambdust6parserNtB2_6Parser16parse_quasiquote
FNDA:1,_RNvMNtCs7MhAtEGo3Fx_8lambdust6parserNtB2_6Parser22parse_unquote_splicing
FNDA:69,_RNvMNtCs7MhAtEGo3Fx_8lambdust6parserNtB2_6Parser3new
FNDA:69,_RNvMNtCs7MhAtEGo3Fx_8lambdust6parserNtB2_6Parser9parse_all
FNDA:1,_RNvNtCs7MhAtEGo3Fx_8lambdust6parser14parse_multiple
FNDA:68,_RNvNtCs7MhAtEGo3Fx_8lambdust6parser5parse
FNF:22
FNH:22
DA:15,69
DA:16,69
DA:17,69
DA:18,69
DA:19,69
DA:20,69
DA:23,868
DA:24,868
DA:25,868
DA:28,540
DA:29,540
DA:30,540
DA:31,540
DA:32,540
DA:34,0
DA:36,540
DA:39,69
DA:40,69
DA:42,138
DA:43,72
DA:46,66
DA:47,69
DA:50,416
DA:51,416
DA:52,125
DA:53,14
DA:54,1
DA:55,1
DA:56,1
DA:57,274
DA:58,0
DA:59,0
DA:60,0
DA:62,416
DA:65,125
DA:66,125
DA:67,125
DA:68,125
DA:69,125
DA:71,452
DA:72,450
DA:74,123
DA:75,123
DA:76,1
DA:77,1
DA:79,0
DA:80,0
DA:81,0
DA:84,122
DA:88,1
DA:89,0
DA:90,0
DA:91,0
DA:92,1
DA:93,1
DA:94,0
DA:95,0
DA:96,0
DA:97,1
DA:98,1
DA:99,1
DA:100,1
DA:103,326
DA:104,0
DA:105,0
DA:106,0
DA:107,326
DA:108,326
DA:113,2
DA:114,125
DA:117,14
DA:118,14
DA:119,14
DA:120,14
DA:121,14
DA:124,1
DA:125,1
DA:126,1
DA:127,1
DA:128,1
DA:131,1
DA:132,1
DA:133,1
DA:134,1
DA:135,1
DA:138,1
DA:139,1
DA:140,1
DA:141,1
DA:142,1
DA:145,274
DA:146,274
DA:147,274
DA:148,274
DA:149,7
DA:150,89
DA:151,3
DA:152,0
DA:153,174
DA:154,1
DA:155,1
DA:156,1
DA:157,0
DA:158,0
DA:159,0
DA:160,0
DA:161,0
DA:162,0
DA:164,274
DA:168,68
DA:169,68
DA:170,0
DA:171,68
DA:172,68
DA:173,68
DA:174,68
DA:176,65
DA:177,65
DA:178,0
DA:179,0
DA:182,0
DA:183,0
DA:184,0
DA:185,0
DA:186,0
DA:188,68
DA:191,1
DA:192,1
DA:193,0
DA:194,1
DA:195,1
DA:196,1
DA:197,1
DA:198,1
DA:206,1
DA:207,1
DA:208,1
DA:209,1
DA:210,1
DA:211,1
DA:212,1
DA:213,1
DA:214,1
DA:215,1
DA:216,1
DA:217,1
DA:218,1
DA:219,1
DA:220,1
DA:221,1
DA:224,1
DA:225,1
DA:226,1
DA:227,1
DA:228,1
DA:229,1
DA:230,1
DA:231,1
DA:232,1
DA:233,1
DA:234,1
DA:235,1
DA:236,1
DA:237,1
DA:238,1
DA:239,1
DA:241,0
DA:243,1
DA:246,1
DA:247,1
DA:248,1
DA:249,1
DA:250,1
DA:251,1
DA:252,1
DA:253,1
DA:255,1
DA:256,1
DA:257,1
DA:258,1
DA:260,0
DA:263,0
DA:265,1
DA:268,1
DA:269,1
DA:270,1
DA:271,1
DA:272,1
DA:273,1
DA:274,1
DA:276,0
DA:278,1
DA:281,1
DA:282,1
DA:283,1
DA:284,1
DA:285,1
DA:286,1
DA:287,1
DA:288,1
DA:289,1
DA:290,1
DA:292,0
DA:294,1
DA:297,1
DA:298,1
DA:299,1
DA:300,1
DA:301,1
DA:302,1
DA:305,1
DA:306,1
DA:307,1
DA:308,1
DA:309,1
DA:310,1
DA:311,1
DA:312,1
DA:313,1
DA:314,1
DA:316,0
DA:318,0
DA:320,1
DA:323,1
DA:324,1
DA:325,1
DA:326,1
DA:327,1
DA:330,1
DA:331,1
DA:332,1
DA:333,1
DA:334,1
BRF:0
BRH:0
LF:233
LH:194
end_of_record
SF:/Users/makasaka/lambdust/src/value.rs
FN:270,_RNvMs_NtCs7MhAtEGo3Fx_8lambdust5valueNtB4_5Value12as_procedure
FN:283,_RNvMs_NtCs7MhAtEGo3Fx_8lambdust5valueNtB4_5Value7as_pair
FN:367,_RNvMs_NtCs7MhAtEGo3Fx_8lambdust5valueNtB4_5Value9is_record
FN:612,_RNvXs8_NtCs7MhAtEGo3Fx_8lambdust5valueNtB5_5ValueINtNtCsaTRkahAGrLL_4core7convert4FromyE4from
FN:624,_RNvXsa_NtCs7MhAtEGo3Fx_8lambdust5valueNtB5_5ValueINtNtCsaTRkahAGrLL_4core7convert4FromNtNtCsfmASsVe1tYz_5alloc6string6StringE4from
FN:636,_RNvXsc_NtCs7MhAtEGo3Fx_8lambdust5valueNtB5_5ValueINtNtCsaTRkahAGrLL_4core7convert4FromcE4from
FN:642,_RNvXsd_NtCs7MhAtEGo3Fx_8lambdust5valueNtB5_5ValueINtNtCsaTRkahAGrLL_4core7convert4FromNtNtB7_5lexer12SchemeNumberE4from
FN:322,_RNvMs_NtCs7MhAtEGo3Fx_8lambdust5valueNtB4_5Value11from_vector
FN:350,_RNvMs_NtCs7MhAtEGo3Fx_8lambdust5valueNtB4_5Value11list_length
FN:265,_RNvMs_NtCs7MhAtEGo3Fx_8lambdust5valueNtB4_5Value12is_procedure
FN:380,_RNvMs_NtCs7MhAtEGo3Fx_8lambdust5valueNtB4_5Value17is_record_of_type
FN:334,_RNvMs_NtCs7MhAtEGo3Fx_8lambdust5valueNtB4_5Value3car
FN:342,_RNvMs_NtCs7MhAtEGo3Fx_8lambdust5valueNtB4_5Value3cdr
FN:419,_RNvMs_NtCs7MhAtEGo3Fx_8lambdust5valueNtB4_5Value3eqv
FN:329,_RNvMs_NtCs7MhAtEGo3Fx_8lambdust5valueNtB4_5Value4cons
FN:388,_RNvMs_NtCs7MhAtEGo3Fx_8lambdust5valueNtB4_5Value5equal
FN:291,_RNvMs_NtCs7MhAtEGo3Fx_8lambdust5valueNtB4_5Value6is_nil
FN:296,_RNvMs_NtCs7MhAtEGo3Fx_8lambdust5valueNtB4_5Value7is_list
FN:278,_RNvMs_NtCs7MhAtEGo3Fx_8lambdust5valueNtB4_5Value7is_pair
FN:231,_RNvMs_NtCs7MhAtEGo3Fx_8lambdust5valueNtB4_5Value9as_number
FN:372,_RNvMs_NtCs7MhAtEGo3Fx_8lambdust5valueNtB4_5Value9as_record
FN:244,_RNvMs_NtCs7MhAtEGo3Fx_8lambdust5valueNtB4_5Value9as_string
FN:257,_RNvMs_NtCs7MhAtEGo3Fx_8lambdust5valueNtB4_5Value9as_symbol
FN:226,_RNvMs_NtCs7MhAtEGo3Fx_8lambdust5valueNtB4_5Value9is_number
FN:239,_RNvMs_NtCs7MhAtEGo3Fx_8lambdust5valueNtB4_5Value9is_string
FN:252,_RNvMs_NtCs7MhAtEGo3Fx_8lambdust5valueNtB4_5Value9is_symbol
FN:221,_RNvMs_NtCs7MhAtEGo3Fx_8lambdust5valueNtB4_5Value9is_truthy
FN:434,_RNvMs_NtCs7MhAtEGo3Fx_8lambdust5valueNtB4_5Value9scheme_eq
FN:305,_RNvMs_NtCs7MhAtEGo3Fx_8lambdust5valueNtB4_5Value9to_vector
FN:119,_RNvXNtCs7MhAtEGo3Fx_8lambdust5valueNtB2_5ValueNtNtCsaTRkahAGrLL_4core3fmt7Display3fmt
FN:450,_RNvXs0_NtCs7MhAtEGo3Fx_8lambdust5valueNtB5_5ValueNtNtCsaTRkahAGrLL_4core3fmt5Debug3fmt
FN:473,_RNvXs1_NtCs7MhAtEGo3Fx_8lambdust5valueNtB5_5ValueNtNtCsaTRkahAGrLL_4core3cmp9PartialEq2eq
FN:495,_RNvXs2_NtCs7MhAtEGo3Fx_8lambdust5valueNtB5_9ProcedureNtNtCsaTRkahAGrLL_4core3fmt5Debug3fmt
FN:527,_RNvXs3_NtCs7MhAtEGo3Fx_8lambdust5valueNtB5_9ProcedureNtNtCsaTRkahAGrLL_4core3cmp9PartialEq2eq
FN:581,_RNvXs4_NtCs7MhAtEGo3Fx_8lambdust5valueNtB5_4PortNtNtCsaTRkahAGrLL_4core3fmt5Debug3fmt
FN:591,_RNvXs5_NtCs7MhAtEGo3Fx_8lambdust5valueNtB5_4PortNtNtCsaTRkahAGrLL_4core3cmp9PartialEq2eq
FN:600,_RNvXs6_NtCs7MhAtEGo3Fx_8lambdust5valueNtB5_5ValueINtNtCsaTRkahAGrLL_4core7convert4FrombE4from
FN:606,_RNvXs7_NtCs7MhAtEGo3Fx_8lambdust5valueNtB5_5ValueINtNtCsaTRkahAGrLL_4core7convert4FromxE4from
FN:618,_RNvXs9_NtCs7MhAtEGo3Fx_8lambdust5valueNtB5_5ValueINtNtCsaTRkahAGrLL_4core7convert4FromdE4from
FN:630,_RNvXsb_NtCs7MhAtEGo3Fx_8lambdust5valueNtB5_5ValueINtNtCsaTRkahAGrLL_4core7convert4FromReE4from
FN:736,_RNvNtNtCs7MhAtEGo3Fx_8lambdust5value5testss_13test_equality
FN:748,_RNvNtNtCs7MhAtEGo3Fx_8lambdust5value5testss_15test_truthiness
FN:694,_RNvNtNtCs7MhAtEGo3Fx_8lambdust5value5testss_18test_value_display
FN:711,_RNvNtNtCs7MhAtEGo3Fx_8lambdust5value5testss_20test_list_operations
FN:727,_RNvNtNtCs7MhAtEGo3Fx_8lambdust5value5testss_20test_pair_operations
FN:323,_RNCNvMs_NtCs7MhAtEGo3Fx_8lambdust5valueNtB6_5Value11from_vector0B8_
FN:400,_RNCNvMs_NtCs7MhAtEGo3Fx_8lambdust5valueNtB6_5Value5equal0B8_
FN:412,_RNCNvMs_NtCs7MhAtEGo3Fx_8lambdust5valueNtB6_5Value5equals0_0B8_
FN:409,_RNCNvMs_NtCs7MhAtEGo3Fx_8lambdust5valueNtB6_5Value5equals_0B8_
FNDA:0,_RNvMs_NtCs7MhAtEGo3Fx_8lambdust5valueNtB4_5Value12as_procedure
FNDA:0,_RNvMs_NtCs7MhAtEGo3Fx_8lambdust5valueNtB4_5Value7as_pair
FNDA:0,_RNvMs_NtCs7MhAtEGo3Fx_8lambdust5valueNtB4_5Value9is_record
FNDA:0,_RNvXs8_NtCs7MhAtEGo3Fx_8lambdust5valueNtB5_5ValueINtNtCsaTRkahAGrLL_4core7convert4FromyE4from
FNDA:0,_RNvXsa_NtCs7MhAtEGo3Fx_8lambdust5valueNtB5_5ValueINtNtCsaTRkahAGrLL_4core7convert4FromNtNtCsfmASsVe1tYz_5alloc6string6StringE4from
FNDA:0,_RNvXsc_NtCs7MhAtEGo3Fx_8lambdust5valueNtB5_5ValueINtNtCsaTRkahAGrLL_4core7convert4FromcE4from
FNDA:0,_RNvXsd_NtCs7MhAtEGo3Fx_8lambdust5valueNtB5_5ValueINtNtCsaTRkahAGrLL_4core7convert4FromNtNtB7_5lexer12SchemeNumberE4from
FNDA:16,_RNvMs_NtCs7MhAtEGo3Fx_8lambdust5valueNtB4_5Value11from_vector
FNDA:2,_RNvMs_NtCs7MhAtEGo3Fx_8lambdust5valueNtB4_5Value11list_length
FNDA:7,_RNvMs_NtCs7MhAtEGo3Fx_8lambdust5valueNtB4_5Value12is_procedure
FNDA:0,_RNvMs_NtCs7MhAtEGo3Fx_8lambdust5valueNtB4_5Value17is_record_of_type
FNDA:1,_RNvMs_NtCs7MhAtEGo3Fx_8lambdust5valueNtB4_5Value3car
FNDA:1,_RNvMs_NtCs7MhAtEGo3Fx_8lambdust5valueNtB4_5Value3cdr
FNDA:2,_RNvMs_NtCs7MhAtEGo3Fx_8lambdust5valueNtB4_5Value3eqv
FNDA:4,_RNvMs_NtCs7MhAtEGo3Fx_8lambdust5valueNtB4_5Value4cons
FNDA:2,_RNvMs_NtCs7MhAtEGo3Fx_8lambdust5valueNtB4_5Value5equal
FNDA:0,_RNvMs_NtCs7MhAtEGo3Fx_8lambdust5valueNtB4_5Value6is_nil
FNDA:7,_RNvMs_NtCs7MhAtEGo3Fx_8lambdust5valueNtB4_5Value7is_list
FNDA:1,_RNvMs_NtCs7MhAtEGo3Fx_8lambdust5valueNtB4_5Value7is_pair
FNDA:38,_RNvMs_NtCs7MhAtEGo3Fx_8lambdust5valueNtB4_5Value9as_number
FNDA:0,_RNvMs_NtCs7MhAtEGo3Fx_8lambdust5valueNtB4_5Value9as_record
FNDA:0,_RNvMs_NtCs7MhAtEGo3Fx_8lambdust5valueNtB4_5Value9as_string
FNDA:0,_RNvMs_NtCs7MhAtEGo3Fx_8lambdust5valueNtB4_5Value9as_symbol
FNDA:0,_RNvMs_NtCs7MhAtEGo3Fx_8lambdust5valueNtB4_5Value9is_number
FNDA:0,_RNvMs_NtCs7MhAtEGo3Fx_8lambdust5valueNtB4_5Value9is_string
FNDA:0,_RNvMs_NtCs7MhAtEGo3Fx_8lambdust5valueNtB4_5Value9is_symbol
FNDA:12,_RNvMs_NtCs7MhAtEGo3Fx_8lambdust5valueNtB4_5Value9is_truthy
FNDA:0,_RNvMs_NtCs7MhAtEGo3Fx_8lambdust5valueNtB4_5Value9scheme_eq
FNDA:8,_RNvMs_NtCs7MhAtEGo3Fx_8lambdust5valueNtB4_5Value9to_vector
FNDA:7,_RNvXNtCs7MhAtEGo3Fx_8lambdust5valueNtB2_5ValueNtNtCsaTRkahAGrLL_4core3fmt7Display3fmt
FNDA:7,_RNvXs0_NtCs7MhAtEGo3Fx_8lambdust5valueNtB5_5ValueNtNtCsaTRkahAGrLL_4core3fmt5Debug3fmt
FNDA:99,_RNvXs1_NtCs7MhAtEGo3Fx_8lambdust5valueNtB5_5ValueNtNtCsaTRkahAGrLL_4core3cmp9PartialEq2eq
FNDA:0,_RNvXs2_NtCs7MhAtEGo3Fx_8lambdust5valueNtB5_9ProcedureNtNtCsaTRkahAGrLL_4core3fmt5Debug3fmt
FNDA:0,_RNvXs3_NtCs7MhAtEGo3Fx_8lambdust5valueNtB5_9ProcedureNtNtCsaTRkahAGrLL_4core3cmp9PartialEq2eq
FNDA:0,_RNvXs4_NtCs7MhAtEGo3Fx_8lambdust5valueNtB5_4PortNtNtCsaTRkahAGrLL_4core3fmt5Debug3fmt
FNDA:0,_RNvXs5_NtCs7MhAtEGo3Fx_8lambdust5valueNtB5_4PortNtNtCsaTRkahAGrLL_4core3cmp9PartialEq2eq
FNDA:3,_RNvXs6_NtCs7MhAtEGo3Fx_8lambdust5valueNtB5_5ValueINtNtCsaTRkahAGrLL_4core7convert4FrombE4from
FNDA:82,_RNvXs7_NtCs7MhAtEGo3Fx_8lambdust5valueNtB5_5ValueINtNtCsaTRkahAGrLL_4core7convert4FromxE4from
FNDA:2,_RNvXs9_NtCs7MhAtEGo3Fx_8lambdust5valueNtB5_5ValueINtNtCsaTRkahAGrLL_4core7convert4FromdE4from
FNDA:4,_RNvXsb_NtCs7MhAtEGo3Fx_8lambdust5valueNtB5_5ValueINtNtCsaTRkahAGrLL_4core7convert4FromReE4from
FNDA:1,_RNvNtNtCs7MhAtEGo3Fx_8lambdust5value5testss_13test_equality
FNDA:1,_RNvNtNtCs7MhAtEGo3Fx_8lambdust5value5testss_15test_truthiness
FNDA:1,_RNvNtNtCs7MhAtEGo3Fx_8lambdust5value5testss_18test_value_display
FNDA:1,_RNvNtNtCs7MhAtEGo3Fx_8lambdust5value5testss_20test_list_operations
FNDA:1,_RNvNtNtCs7MhAtEGo3Fx_8lambdust5value5testss_20test_pair_operations
FNDA:52,_RNCNvMs_NtCs7MhAtEGo3Fx_8lambdust5valueNtB6_5Value11from_vector0B8_
FNDA:0,_RNCNvMs_NtCs7MhAtEGo3Fx_8lambdust5valueNtB6_5Value5equal0B8_
FNDA:0,_RNCNvMs_NtCs7MhAtEGo3Fx_8lambdust5valueNtB6_5Value5equals0_0B8_
FNDA:0,_RNCNvMs_NtCs7MhAtEGo3Fx_8lambdust5valueNtB6_5Value5equals_0B8_
FNF:49
FNH:26
DA:119,7
DA:120,7
DA:121,0
DA:122,2
DA:123,1
DA:124,1
DA:125,1
DA:126,0
DA:127,0
DA:128,0
DA:129,1
DA:131,1
DA:132,0
DA:133,0
DA:134,0
DA:135,0
DA:137,0
DA:138,0
DA:139,0
DA:140,0
DA:141,0
DA:144,0
DA:145,0
DA:149,0
DA:151,1
DA:152,0
DA:154,0
DA:155,0
DA:156,0
DA:157,0
DA:158,0
DA:159,0
DA:160,0
DA:161,0
DA:163,0
DA:164,0
DA:165,0
DA:166,0
DA:168,0
DA:169,0
DA:170,0
DA:172,0
DA:173,0
DA:174,0
DA:175,0
DA:176,0
DA:177,0
DA:178,0
DA:180,0
DA:182,0
DA:183,0
DA:184,0
DA:185,0
DA:186,0
DA:187,0
DA:188,0
DA:189,0
DA:190,0
DA:192,0
DA:194,0
DA:195,0
DA:197,0
DA:200,0
DA:201,0
DA:202,0
DA:203,0
DA:204,0
DA:205,0
DA:207,0
DA:210,0
DA:211,0
DA:212,0
DA:213,0
DA:216,7
DA:221,12
DA:222,12
DA:223,12
DA:226,0
DA:227,0
DA:228,0
DA:231,38
DA:232,38
DA:233,38
DA:234,0
DA:236,38
DA:239,0
DA:240,0
DA:241,0
DA:244,0
DA:245,0
DA:246,0
DA:247,0
DA:249,0
DA:252,0
DA:253,0
DA:254,0
DA:257,0
DA:258,0
DA:259,0
DA:260,0
DA:262,0
DA:265,7
DA:266,7
DA:267,7
DA:270,0
DA:271,0
DA:272,0
DA:273,0
DA:275,0
DA:278,1
DA:279,1
DA:280,1
DA:283,0
DA:284,0
DA:285,0
DA:286,0
DA:288,0
DA:291,0
DA:292,0
DA:293,0
DA:296,7
DA:297,7
DA:298,2
DA:299,5
DA:300,0
DA:302,7
DA:305,8
DA:306,8
DA:307,8
DA:310,33
DA:311,8
DA:312,25
DA:313,25
DA:314,25
DA:315,25
DA:316,0
DA:319,8
DA:322,16
DA:323,52
DA:324,52
DA:325,52
DA:326,16
DA:329,4
DA:330,4
DA:331,4
DA:334,1
DA:335,1
DA:336,1
DA:337,0
DA:339,1
DA:342,1
DA:343,1
DA:344,1
DA:345,0
DA:347,1
DA:350,2
DA:351,2
DA:352,2
DA:355,7
DA:356,2
DA:357,5
DA:358,5
DA:359,5
DA:360,5
DA:361,0
DA:364,2
DA:367,0
DA:368,0
DA:369,0
DA:372,0
DA:373,0
DA:374,0
DA:375,0
DA:377,0
DA:380,0
DA:381,0
DA:382,0
DA:383,0
DA:385,0
DA:388,2
DA:389,2
DA:390,0
DA:391,2
DA:392,0
DA:393,0
DA:394,0
DA:395,0
DA:396,0
DA:397,0
DA:399,0
DA:400,0
DA:402,0
DA:403,0
DA:404,0
DA:405,0
DA:406,0
DA:407,0
DA:408,0
DA:409,0
DA:411,0
DA:412,0
DA:414,0
DA:416,2
DA:419,2
DA:420,2
DA:421,0
DA:422,2
DA:423,0
DA:424,0
DA:425,0
DA:427,0
DA:429,0
DA:431,2
DA:434,0
DA:435,0
DA:436,0
DA:437,0
DA:438,0
DA:439,0
DA:440,0
DA:442,0
DA:444,0
DA:446,0
DA:450,7
DA:451,7
DA:452,0
DA:453,2
DA:454,2
DA:455,1
DA:456,0
DA:457,1
DA:458,0
DA:459,1
DA:460,0
DA:461,0
DA:462,0
DA:463,0
DA:464,0
DA:465,0
DA:466,0
DA:467,0
DA:469,7
DA:473,99
DA:474,99
DA:475,8
DA:476,61
DA:477,6
DA:478,0
DA:479,2
DA:480,14
DA:481,0
DA:482,0
DA:483,0
DA:484,0
DA:485,0
DA:486,2
DA:487,0
DA:488,0
DA:489,6
DA:491,99
DA:495,0
DA:496,0
DA:498,0
DA:499,0
DA:500,0
DA:501,0
DA:502,0
DA:503,0
DA:504,0
DA:505,0
DA:506,0
DA:507,0
DA:508,0
DA:509,0
DA:510,0
DA:511,0
DA:512,0
DA:513,0
DA:514,0
DA:515,0
DA:516,0
DA:517,0
DA:518,0
DA:519,0
DA:520,0
DA:521,0
DA:523,0
DA:527,0
DA:528,0
DA:531,0
DA:532,0
DA:533,0
DA:534,0
DA:535,0
DA:536,0
DA:537,0
DA:538,0
DA:539,0
DA:540,0
DA:541,0
DA:542,0
DA:543,0
DA:544,0
DA:545,0
DA:546,0
DA:550,0
DA:551,0
DA:552,0
DA:553,0
DA:554,0
DA:555,0
DA:556,0
DA:557,0
DA:558,0
DA:559,0
DA:562,0
DA:563,0
DA:564,0
DA:565,0
DA:566,0
DA:567,0
DA:568,0
DA:569,0
DA:570,0
DA:571,0
DA:573,0
DA:575,0
DA:577,0
DA:581,0
DA:582,0
DA:583,0
DA:584,0
DA:585,0
DA:587,0
DA:591,0
DA:592,0
DA:593,0
DA:594,0
DA:596,0
DA:600,3
DA:601,3
DA:602,3
DA:606,82
DA:607,82
DA:608,82
DA:612,0
DA:613,0
DA:614,0
DA:618,2
DA:619,2
DA:620,2
DA:624,0
DA:625,0
DA:626,0
DA:630,4
DA:631,4
DA:632,4
DA:636,0
DA:637,0
DA:638,0
DA:642,0
DA:643,0
DA:644,0
DA:694,1
DA:695,1
DA:696,1
DA:697,1
DA:698,1
DA:699,1
DA:700,1
DA:701,1
DA:702,1
DA:703,1
DA:704,1
DA:705,1
DA:706,1
DA:707,1
DA:708,1
DA:711,1
DA:712,1
DA:713,1
DA:714,1
DA:715,1
DA:716,1
DA:717,1
DA:718,1
DA:719,1
DA:721,1
DA:722,1
DA:723,1
DA:724,1
DA:727,1
DA:728,1
DA:729,1
DA:730,1
DA:731,1
DA:732,1
DA:733,1
DA:736,1
DA:737,1
DA:738,1
DA:739,1
DA:740,1
DA:741,1
DA:742,1
DA:743,1
DA:744,1
DA:745,1
DA:748,1
DA:749,1
DA:750,1
DA:751,1
DA:752,1
DA:753,1
DA:754,1
BRF:0
BRH:0
LF:420
LH:156
end_of_record